P30|214|975|975|(converted/available/in_file)
P279|321|1939|1939|(converted/available/in_file)
P31|364|2861|2861|(converted/available/in_file)
P39|515|3753|3753|(converted/available/in_file)
P1303|620|4702|4702|(converted/available/in_file)
P19|721|5646|5646|(converted/available/in_file)
P101|877|6342|6342|(converted/available/in_file)
P527|1144|7318|7318|(converted/available/in_file)
P1412|1335|8287|8287|(converted/available/in_file)
P449|1340|9168|9168|(converted/available/in_file)
P140|1477|9641|9641|(converted/available/in_file)
P103|1730|10618|10618|(converted/available/in_file)
P178|1786|11210|11210|(converted/available/in_file)
P20|1941|12163|12163|(converted/available/in_file)
P463|1978|12388|12388|(converted/available/in_file)
P138|2136|13033|13033|(converted/available/in_file)
P364|2155|13889|13889|(converted/available/in_file)
P47|2801|14811|14811|(converted/available/in_file)
P1376|3004|15045|15045|(converted/available/in_file)
P106|3224|16003|16003|(converted/available/in_file)
P37|3793|16969|16969|(converted/available/in_file)
P413|3793|17921|17921|(converted/available/in_file)
P17|3900|18851|18851|(converted/available/in_file)
P190|4855|19846|19846|(converted/available/in_file)
P136|4940|20777|20777|(converted/available/in_file)
P407|5034|21654|21654|(converted/available/in_file)
P159|5085|22621|22621|(converted/available/in_file)
P937|5318|23575|23575|(converted/available/in_file)
P276|5418|24534|24534|(converted/available/in_file)
P530|6414|25530|25530|(converted/available/in_file)
P361|6694|26462|26462|(converted/available/in_file)
P176|6833|27444|27444|(converted/available/in_file)
P27|6957|28410|28410|(converted/available/in_file)
P108|7005|28793|28793|(converted/available/in_file)
P36|7269|29496|29496|(converted/available/in_file)
P1001|7340|30197|30197|(converted/available/in_file)
P264|7359|30626|30626|(converted/available/in_file)
P495|7399|31535|31535|(converted/available/in_file)
P131|7438|32416|32416|(converted/available/in_file)
P740|7497|33352|33352|(converted/available/in_file)
P127|7545|34039|34039|(converted/available/in_file)
