P30|147|975|975|(converted/available/in_file)
P279|194|1939|1939|(converted/available/in_file)
P31|215|2861|2861|(converted/available/in_file)
P39|267|3753|3753|(converted/available/in_file)
P1303|352|4702|4702|(converted/available/in_file)
P19|412|5646|5646|(converted/available/in_file)
P101|532|6342|6342|(converted/available/in_file)
P527|635|7318|7318|(converted/available/in_file)
P1412|787|8287|8287|(converted/available/in_file)
P449|788|9168|9168|(converted/available/in_file)
P140|864|9641|9641|(converted/available/in_file)
P103|1066|10618|10618|(converted/available/in_file)
P178|1082|11210|11210|(converted/available/in_file)
P20|1187|12163|12163|(converted/available/in_file)
P463|1223|12388|12388|(converted/available/in_file)
P138|1307|13033|13033|(converted/available/in_file)
P364|1324|13889|13889|(converted/available/in_file)
P47|1867|14811|14811|(converted/available/in_file)
P1376|2011|15045|15045|(converted/available/in_file)
P106|2125|16003|16003|(converted/available/in_file)
P37|2565|16969|16969|(converted/available/in_file)
P413|2597|17921|17921|(converted/available/in_file)
P17|2676|18851|18851|(converted/available/in_file)
P190|3406|19846|19846|(converted/available/in_file)
P136|3486|20777|20777|(converted/available/in_file)
P407|3615|21654|21654|(converted/available/in_file)
P159|3627|22621|22621|(converted/available/in_file)
P937|3811|23575|23575|(converted/available/in_file)
P276|3872|24534|24534|(converted/available/in_file)
P530|4868|25530|25530|(converted/available/in_file)
P361|4981|26462|26462|(converted/available/in_file)
P176|4996|27444|27444|(converted/available/in_file)
P27|5085|28410|28410|(converted/available/in_file)
P108|5095|28793|28793|(converted/available/in_file)
P36|5315|29496|29496|(converted/available/in_file)
P1001|5336|30197|30197|(converted/available/in_file)
P264|5407|30626|30626|(converted/available/in_file)
P495|5436|31535|31535|(converted/available/in_file)
P131|5465|32416|32416|(converted/available/in_file)
P740|5488|33352|33352|(converted/available/in_file)
P127|5500|34039|34039|(converted/available/in_file)
