P30|293|975|975|(converted/available/in_file)
P279|841|1939|1939|(converted/available/in_file)
P31|1040|2861|2861|(converted/available/in_file)
P39|1401|3753|3753|(converted/available/in_file)
P1303|1839|4702|4702|(converted/available/in_file)
P19|2264|5646|5646|(converted/available/in_file)
P101|2764|6342|6342|(converted/available/in_file)
P527|3529|7318|7318|(converted/available/in_file)
P1412|3996|8287|8287|(converted/available/in_file)
P449|4159|9168|9168|(converted/available/in_file)
P140|4551|9641|9641|(converted/available/in_file)
P103|5053|10618|10618|(converted/available/in_file)
P178|5394|11210|11210|(converted/available/in_file)
P20|5844|12163|12163|(converted/available/in_file)
P463|6039|12388|12388|(converted/available/in_file)
P138|6431|13033|13033|(converted/available/in_file)
P364|6621|13889|13889|(converted/available/in_file)
P47|7446|14811|14811|(converted/available/in_file)
P1376|7678|15045|15045|(converted/available/in_file)
P106|8159|16003|16003|(converted/available/in_file)
P37|8925|16969|16969|(converted/available/in_file)
P413|9544|17921|17921|(converted/available/in_file)
P17|9867|18851|18851|(converted/available/in_file)
P190|10861|19846|19846|(converted/available/in_file)
P136|11213|20777|20777|(converted/available/in_file)
P407|11481|21654|21654|(converted/available/in_file)
P159|11816|22621|22621|(converted/available/in_file)
P937|12345|23575|23575|(converted/available/in_file)
P276|12802|24534|24534|(converted/available/in_file)
P530|13798|25530|25530|(converted/available/in_file)
P361|14478|26462|26462|(converted/available/in_file)
P176|14961|27444|27444|(converted/available/in_file)
P27|15394|28410|28410|(converted/available/in_file)
P108|15574|28793|28793|(converted/available/in_file)
P36|16199|29496|29496|(converted/available/in_file)
P1001|16610|30197|30197|(converted/available/in_file)
P264|16784|30626|30626|(converted/available/in_file)
P495|17002|31535|31535|(converted/available/in_file)
P131|17239|32416|32416|(converted/available/in_file)
P740|17416|33352|33352|(converted/available/in_file)
P127|17725|34039|34039|(converted/available/in_file)
