P30|247|975|975|(converted/available/in_file)
P279|428|1939|1939|(converted/available/in_file)
P31|607|2861|2861|(converted/available/in_file)
P39|1073|3753|3753|(converted/available/in_file)
P1303|1903|4702|4702|(converted/available/in_file)
P19|2614|5646|5646|(converted/available/in_file)
P101|3068|6342|6342|(converted/available/in_file)
P527|3331|7318|7318|(converted/available/in_file)
P1412|4095|8287|8287|(converted/available/in_file)
P449|4752|9168|9168|(converted/available/in_file)
P140|4995|9641|9641|(converted/available/in_file)
P103|5756|10618|10618|(converted/available/in_file)
P178|5993|11210|11210|(converted/available/in_file)
P20|6634|12163|12163|(converted/available/in_file)
P463|6729|12388|12388|(converted/available/in_file)
P138|6942|13033|13033|(converted/available/in_file)
P364|7153|13889|13889|(converted/available/in_file)
P47|7874|14811|14811|(converted/available/in_file)
P1376|8082|15045|15045|(converted/available/in_file)
P106|8918|16003|16003|(converted/available/in_file)
P37|9731|16969|16969|(converted/available/in_file)
P413|10271|17921|17921|(converted/available/in_file)
P17|10471|18851|18851|(converted/available/in_file)
P190|11426|19846|19846|(converted/available/in_file)
P136|12169|20777|20777|(converted/available/in_file)
P407|12576|21654|21654|(converted/available/in_file)
P159|12705|22621|22621|(converted/available/in_file)
P937|13420|23575|23575|(converted/available/in_file)
P276|13572|24534|24534|(converted/available/in_file)
P530|14568|25530|25530|(converted/available/in_file)
P361|14897|26462|26462|(converted/available/in_file)
P176|14987|27444|27444|(converted/available/in_file)
P27|15772|28410|28410|(converted/available/in_file)
P108|16106|28793|28793|(converted/available/in_file)
P36|16548|29496|29496|(converted/available/in_file)
P1001|16765|30197|30197|(converted/available/in_file)
P264|17158|30626|30626|(converted/available/in_file)
P495|17536|31535|31535|(converted/available/in_file)
P131|17660|32416|32416|(converted/available/in_file)
P740|18211|33352|33352|(converted/available/in_file)
P127|18346|34039|34039|(converted/available/in_file)
