P30|270|975|975|(converted/available/in_file)
P279|457|1939|1939|(converted/available/in_file)
P31|519|2861|2861|(converted/available/in_file)
P39|595|3753|3753|(converted/available/in_file)
P1303|649|4702|4702|(converted/available/in_file)
P19|706|5646|5646|(converted/available/in_file)
P101|941|6342|6342|(converted/available/in_file)
P527|1300|7318|7318|(converted/available/in_file)
P1412|1456|8287|8287|(converted/available/in_file)
P449|1475|9168|9168|(converted/available/in_file)
P140|1697|9641|9641|(converted/available/in_file)
P103|1891|10618|10618|(converted/available/in_file)
P178|2000|11210|11210|(converted/available/in_file)
P20|2120|12163|12163|(converted/available/in_file)
P463|2183|12388|12388|(converted/available/in_file)
P138|2342|13033|13033|(converted/available/in_file)
P364|2406|13889|13889|(converted/available/in_file)
P47|3038|14811|14811|(converted/available/in_file)
P1376|3242|15045|15045|(converted/available/in_file)
P106|3315|16003|16003|(converted/available/in_file)
P37|3925|16969|16969|(converted/available/in_file)
P413|3956|17921|17921|(converted/available/in_file)
P17|4059|18851|18851|(converted/available/in_file)
P190|5018|19846|19846|(converted/available/in_file)
P136|5079|20777|20777|(converted/available/in_file)
P407|5220|21654|21654|(converted/available/in_file)
P159|5312|22621|22621|(converted/available/in_file)
P937|5500|23575|23575|(converted/available/in_file)
P276|5690|24534|24534|(converted/available/in_file)
P530|6658|25530|25530|(converted/available/in_file)
P361|6993|26462|26462|(converted/available/in_file)
P176|7058|27444|27444|(converted/available/in_file)
P27|7149|28410|28410|(converted/available/in_file)
P108|7181|28793|28793|(converted/available/in_file)
P36|7574|29496|29496|(converted/available/in_file)
P1001|7693|30197|30197|(converted/available/in_file)
P264|7709|30626|30626|(converted/available/in_file)
P495|7778|31535|31535|(converted/available/in_file)
P131|7863|32416|32416|(converted/available/in_file)
P740|7926|33352|33352|(converted/available/in_file)
P127|8002|34039|34039|(converted/available/in_file)
