P30|188|975|975|(converted/available/in_file)
P279|210|1939|1939|(converted/available/in_file)
P31|264|2861|2861|(converted/available/in_file)
P39|293|3753|3753|(converted/available/in_file)
P1303|329|4702|4702|(converted/available/in_file)
P19|441|5646|5646|(converted/available/in_file)
P101|683|6342|6342|(converted/available/in_file)
P527|1120|7318|7318|(converted/available/in_file)
P1412|1283|8287|8287|(converted/available/in_file)
P449|1283|9168|9168|(converted/available/in_file)
P140|1444|9641|9641|(converted/available/in_file)
P103|1666|10618|10618|(converted/available/in_file)
P178|1668|11210|11210|(converted/available/in_file)
P20|1779|12163|12163|(converted/available/in_file)
P463|1837|12388|12388|(converted/available/in_file)
P138|1907|13033|13033|(converted/available/in_file)
P364|1922|13889|13889|(converted/available/in_file)
P47|2551|14811|14811|(converted/available/in_file)
P1376|2709|15045|15045|(converted/available/in_file)
P106|2865|16003|16003|(converted/available/in_file)
P37|3360|16969|16969|(converted/available/in_file)
P413|3582|17921|17921|(converted/available/in_file)
P17|3731|18851|18851|(converted/available/in_file)
P190|4457|19846|19846|(converted/available/in_file)
P136|4472|20777|20777|(converted/available/in_file)
P407|4495|21654|21654|(converted/available/in_file)
P159|4631|22621|22621|(converted/available/in_file)
P937|4784|23575|23575|(converted/available/in_file)
P276|4868|24534|24534|(converted/available/in_file)
P530|5835|25530|25530|(converted/available/in_file)
P361|5904|26462|26462|(converted/available/in_file)
P176|5939|27444|27444|(converted/available/in_file)
P27|6051|28410|28410|(converted/available/in_file)
P108|6086|28793|28793|(converted/available/in_file)
P36|6383|29496|29496|(converted/available/in_file)
P1001|6395|30197|30197|(converted/available/in_file)
P264|6463|30626|30626|(converted/available/in_file)
P495|6496|31535|31535|(converted/available/in_file)
P131|6585|32416|32416|(converted/available/in_file)
P740|6725|33352|33352|(converted/available/in_file)
P127|6787|34039|34039|(converted/available/in_file)
