P30|156|975|975|(converted/available/in_file)
P279|203|1939|1939|(converted/available/in_file)
P31|219|2861|2861|(converted/available/in_file)
P39|222|3753|3753|(converted/available/in_file)
P1303|231|4702|4702|(converted/available/in_file)
P19|239|5646|5646|(converted/available/in_file)
P101|310|6342|6342|(converted/available/in_file)
P527|423|7318|7318|(converted/available/in_file)
P1412|458|8287|8287|(converted/available/in_file)
P449|458|9168|9168|(converted/available/in_file)
P140|562|9641|9641|(converted/available/in_file)
P103|622|10618|10618|(converted/available/in_file)
P178|625|11210|11210|(converted/available/in_file)
P20|657|12163|12163|(converted/available/in_file)
P463|690|12388|12388|(converted/available/in_file)
P138|738|13033|13033|(converted/available/in_file)
P364|744|13889|13889|(converted/available/in_file)
P47|1143|14811|14811|(converted/available/in_file)
P1376|1247|15045|15045|(converted/available/in_file)
P106|1265|16003|16003|(converted/available/in_file)
P37|1727|16969|16969|(converted/available/in_file)
P413|1733|17921|17921|(converted/available/in_file)
P17|1769|18851|18851|(converted/available/in_file)
P190|2459|19846|19846|(converted/available/in_file)
P136|2477|20777|20777|(converted/available/in_file)
P407|2499|21654|21654|(converted/available/in_file)
P159|2519|22621|22621|(converted/available/in_file)
P937|2570|23575|23575|(converted/available/in_file)
P276|2607|24534|24534|(converted/available/in_file)
P530|3575|25530|25530|(converted/available/in_file)
P361|3709|26462|26462|(converted/available/in_file)
P176|3709|27444|27444|(converted/available/in_file)
P27|3732|28410|28410|(converted/available/in_file)
P108|3735|28793|28793|(converted/available/in_file)
P36|3882|29496|29496|(converted/available/in_file)
P1001|3906|30197|30197|(converted/available/in_file)
P264|3906|30626|30626|(converted/available/in_file)
P495|3920|31535|31535|(converted/available/in_file)
P131|3941|32416|32416|(converted/available/in_file)
P740|3948|33352|33352|(converted/available/in_file)
P127|3954|34039|34039|(converted/available/in_file)
