P30|117|975|975|(converted/available/in_file)
P279|142|1939|1939|(converted/available/in_file)
P31|160|2861|2861|(converted/available/in_file)
P39|226|3753|3753|(converted/available/in_file)
P1303|276|4702|4702|(converted/available/in_file)
P19|315|5646|5646|(converted/available/in_file)
P101|366|6342|6342|(converted/available/in_file)
P527|427|7318|7318|(converted/available/in_file)
P1412|510|8287|8287|(converted/available/in_file)
P449|511|9168|9168|(converted/available/in_file)
P140|546|9641|9641|(converted/available/in_file)
P103|700|10618|10618|(converted/available/in_file)
P178|736|11210|11210|(converted/available/in_file)
P20|803|12163|12163|(converted/available/in_file)
P463|839|12388|12388|(converted/available/in_file)
P138|878|13033|13033|(converted/available/in_file)
P364|889|13889|13889|(converted/available/in_file)
P47|1378|14811|14811|(converted/available/in_file)
P1376|1448|15045|15045|(converted/available/in_file)
P106|1498|16003|16003|(converted/available/in_file)
P37|1765|16969|16969|(converted/available/in_file)
P413|1765|17921|17921|(converted/available/in_file)
P17|1837|18851|18851|(converted/available/in_file)
P190|2148|19846|19846|(converted/available/in_file)
P136|2195|20777|20777|(converted/available/in_file)
P407|2238|21654|21654|(converted/available/in_file)
P159|2252|22621|22621|(converted/available/in_file)
P937|2400|23575|23575|(converted/available/in_file)
P276|2422|24534|24534|(converted/available/in_file)
P530|3375|25530|25530|(converted/available/in_file)
P361|3474|26462|26462|(converted/available/in_file)
P176|3490|27444|27444|(converted/available/in_file)
P27|3558|28410|28410|(converted/available/in_file)
P108|3568|28793|28793|(converted/available/in_file)
P36|3671|29496|29496|(converted/available/in_file)
P1001|3679|30197|30197|(converted/available/in_file)
P264|3679|30626|30626|(converted/available/in_file)
P495|3717|31535|31535|(converted/available/in_file)
P131|3758|32416|32416|(converted/available/in_file)
P740|3777|33352|33352|(converted/available/in_file)
P127|3792|34039|34039|(converted/available/in_file)
