P30|256|975|975|(converted/available/in_file)
P279|482|1939|1939|(converted/available/in_file)
P31|564|2861|2861|(converted/available/in_file)
P39|765|3753|3753|(converted/available/in_file)
P1303|828|4702|4702|(converted/available/in_file)
P19|901|5646|5646|(converted/available/in_file)
P101|1165|6342|6342|(converted/available/in_file)
P527|1542|7318|7318|(converted/available/in_file)
P1412|1716|8287|8287|(converted/available/in_file)
P449|1722|9168|9168|(converted/available/in_file)
P140|1907|9641|9641|(converted/available/in_file)
P103|2130|10618|10618|(converted/available/in_file)
P178|2201|11210|11210|(converted/available/in_file)
P20|2379|12163|12163|(converted/available/in_file)
P463|2429|12388|12388|(converted/available/in_file)
P138|2633|13033|13033|(converted/available/in_file)
P364|2666|13889|13889|(converted/available/in_file)
P47|3389|14811|14811|(converted/available/in_file)
P1376|3610|15045|15045|(converted/available/in_file)
P106|3688|16003|16003|(converted/available/in_file)
P37|4461|16969|16969|(converted/available/in_file)
P413|4527|17921|17921|(converted/available/in_file)
P17|4730|18851|18851|(converted/available/in_file)
P190|5714|19846|19846|(converted/available/in_file)
P136|5770|20777|20777|(converted/available/in_file)
P407|5897|21654|21654|(converted/available/in_file)
P159|6041|22621|22621|(converted/available/in_file)
P937|6281|23575|23575|(converted/available/in_file)
P276|6503|24534|24534|(converted/available/in_file)
P530|7499|25530|25530|(converted/available/in_file)
P361|7912|26462|26462|(converted/available/in_file)
P176|8031|27444|27444|(converted/available/in_file)
P27|8140|28410|28410|(converted/available/in_file)
P108|8162|28793|28793|(converted/available/in_file)
P36|8651|29496|29496|(converted/available/in_file)
P1001|8864|30197|30197|(converted/available/in_file)
P264|8895|30626|30626|(converted/available/in_file)
P495|8949|31535|31535|(converted/available/in_file)
P131|9068|32416|32416|(converted/available/in_file)
P740|9116|33352|33352|(converted/available/in_file)
P127|9183|34039|34039|(converted/available/in_file)
