P30|357|975|975|(converted/available/in_file)
P279|623|1939|1939|(converted/available/in_file)
P31|764|2861|2861|(converted/available/in_file)
P39|1004|3753|3753|(converted/available/in_file)
P1303|1119|4702|4702|(converted/available/in_file)
P19|1238|5646|5646|(converted/available/in_file)
P101|1533|6342|6342|(converted/available/in_file)
P527|2015|7318|7318|(converted/available/in_file)
P1412|2255|8287|8287|(converted/available/in_file)
P449|2323|9168|9168|(converted/available/in_file)
P140|2542|9641|9641|(converted/available/in_file)
P103|2829|10618|10618|(converted/available/in_file)
P178|2953|11210|11210|(converted/available/in_file)
P20|3168|12163|12163|(converted/available/in_file)
P463|3232|12388|12388|(converted/available/in_file)
P138|3452|13033|13033|(converted/available/in_file)
P364|3585|13889|13889|(converted/available/in_file)
P47|4360|14811|14811|(converted/available/in_file)
P1376|4584|15045|15045|(converted/available/in_file)
P106|4701|16003|16003|(converted/available/in_file)
P37|5423|16969|16969|(converted/available/in_file)
P413|5541|17921|17921|(converted/available/in_file)
P17|5750|18851|18851|(converted/available/in_file)
P190|6736|19846|19846|(converted/available/in_file)
P136|6857|20777|20777|(converted/available/in_file)
P407|7045|21654|21654|(converted/available/in_file)
P159|7178|22621|22621|(converted/available/in_file)
P937|7441|23575|23575|(converted/available/in_file)
P276|7693|24534|24534|(converted/available/in_file)
P530|8689|25530|25530|(converted/available/in_file)
P361|9189|26462|26462|(converted/available/in_file)
P176|9361|27444|27444|(converted/available/in_file)
P27|9504|28410|28410|(converted/available/in_file)
P108|9550|28793|28793|(converted/available/in_file)
P36|10060|29496|29496|(converted/available/in_file)
P1001|10206|30197|30197|(converted/available/in_file)
P264|10297|30626|30626|(converted/available/in_file)
P495|10431|31535|31535|(converted/available/in_file)
P131|10588|32416|32416|(converted/available/in_file)
P740|10708|33352|33352|(converted/available/in_file)
P127|10817|34039|34039|(converted/available/in_file)
