P30|207|975|975|(converted/available/in_file)
P279|388|1939|1939|(converted/available/in_file)
P31|462|2861|2861|(converted/available/in_file)
P39|493|3753|3753|(converted/available/in_file)
P1303|545|4702|4702|(converted/available/in_file)
P19|600|5646|5646|(converted/available/in_file)
P101|797|6342|6342|(converted/available/in_file)
P527|1135|7318|7318|(converted/available/in_file)
P1412|1280|8287|8287|(converted/available/in_file)
P449|1305|9168|9168|(converted/available/in_file)
P140|1580|9641|9641|(converted/available/in_file)
P103|1717|10618|10618|(converted/available/in_file)
P178|1842|11210|11210|(converted/available/in_file)
P20|1947|12163|12163|(converted/available/in_file)
P463|2130|12388|12388|(converted/available/in_file)
P138|2299|13033|13033|(converted/available/in_file)
P364|2463|13889|13889|(converted/available/in_file)
P47|3123|14811|14811|(converted/available/in_file)
P1376|3339|15045|15045|(converted/available/in_file)
P106|3447|16003|16003|(converted/available/in_file)
P37|4009|16969|16969|(converted/available/in_file)
P413|4062|17921|17921|(converted/available/in_file)
P17|4212|18851|18851|(converted/available/in_file)
P190|5189|19846|19846|(converted/available/in_file)
P136|5238|20777|20777|(converted/available/in_file)
P407|5353|21654|21654|(converted/available/in_file)
P159|5427|22621|22621|(converted/available/in_file)
P937|5576|23575|23575|(converted/available/in_file)
P276|5709|24534|24534|(converted/available/in_file)
P530|6705|25530|25530|(converted/available/in_file)
P361|7068|26462|26462|(converted/available/in_file)
P176|7113|27444|27444|(converted/available/in_file)
P27|7220|28410|28410|(converted/available/in_file)
P108|7275|28793|28793|(converted/available/in_file)
P36|7604|29496|29496|(converted/available/in_file)
P1001|7709|30197|30197|(converted/available/in_file)
P264|7724|30626|30626|(converted/available/in_file)
P495|7820|31535|31535|(converted/available/in_file)
P131|7954|32416|32416|(converted/available/in_file)
P740|8001|33352|33352|(converted/available/in_file)
P127|8091|34039|34039|(converted/available/in_file)
