P30|67|975|975|(converted/available/in_file)
P279|67|1939|1939|(converted/available/in_file)
P31|68|2861|2861|(converted/available/in_file)
P39|68|3753|3753|(converted/available/in_file)
P1303|68|4702|4702|(converted/available/in_file)
P19|68|5646|5646|(converted/available/in_file)
P101|71|6342|6342|(converted/available/in_file)
P527|72|7318|7318|(converted/available/in_file)
P1412|72|8287|8287|(converted/available/in_file)
P449|72|9168|9168|(converted/available/in_file)
P140|76|9641|9641|(converted/available/in_file)
P103|79|10618|10618|(converted/available/in_file)
P178|79|11210|11210|(converted/available/in_file)
P20|79|12163|12163|(converted/available/in_file)
P463|79|12388|12388|(converted/available/in_file)
P138|84|13033|13033|(converted/available/in_file)
P364|84|13889|13889|(converted/available/in_file)
P47|492|14811|14811|(converted/available/in_file)
P1376|511|15045|15045|(converted/available/in_file)
P106|511|16003|16003|(converted/available/in_file)
P37|717|16969|16969|(converted/available/in_file)
P413|717|17921|17921|(converted/available/in_file)
P17|749|18851|18851|(converted/available/in_file)
P190|763|19846|19846|(converted/available/in_file)
P136|763|20777|20777|(converted/available/in_file)
P407|764|21654|21654|(converted/available/in_file)
P159|764|22621|22621|(converted/available/in_file)
P937|764|23575|23575|(converted/available/in_file)
P276|764|24534|24534|(converted/available/in_file)
P530|1717|25530|25530|(converted/available/in_file)
P361|1723|26462|26462|(converted/available/in_file)
P176|1723|27444|27444|(converted/available/in_file)
P27|1727|28410|28410|(converted/available/in_file)
P108|1727|28793|28793|(converted/available/in_file)
P36|1742|29496|29496|(converted/available/in_file)
P1001|1786|30197|30197|(converted/available/in_file)
P264|1786|30626|30626|(converted/available/in_file)
P495|1786|31535|31535|(converted/available/in_file)
P131|1818|32416|32416|(converted/available/in_file)
P740|1818|33352|33352|(converted/available/in_file)
P127|1818|34039|34039|(converted/available/in_file)
