P30|211|975|975|(converted/available/in_file)
P279|286|1939|1939|(converted/available/in_file)
P31|333|2861|2861|(converted/available/in_file)
P39|526|3753|3753|(converted/available/in_file)
P1303|594|4702|4702|(converted/available/in_file)
P19|682|5646|5646|(converted/available/in_file)
P101|795|6342|6342|(converted/available/in_file)
P527|926|7318|7318|(converted/available/in_file)
P1412|1109|8287|8287|(converted/available/in_file)
P449|1118|9168|9168|(converted/available/in_file)
P140|1246|9641|9641|(converted/available/in_file)
P103|1491|10618|10618|(converted/available/in_file)
P178|1506|11210|11210|(converted/available/in_file)
P20|1666|12163|12163|(converted/available/in_file)
P463|1708|12388|12388|(converted/available/in_file)
P138|1839|13033|13033|(converted/available/in_file)
P364|1885|13889|13889|(converted/available/in_file)
P47|2571|14811|14811|(converted/available/in_file)
P1376|2778|15045|15045|(converted/available/in_file)
P106|2868|16003|16003|(converted/available/in_file)
P37|3488|16969|16969|(converted/available/in_file)
P413|3525|17921|17921|(converted/available/in_file)
P17|3637|18851|18851|(converted/available/in_file)
P190|4584|19846|19846|(converted/available/in_file)
P136|4660|20777|20777|(converted/available/in_file)
P407|4772|21654|21654|(converted/available/in_file)
P159|4799|22621|22621|(converted/available/in_file)
P937|5008|23575|23575|(converted/available/in_file)
P276|5105|24534|24534|(converted/available/in_file)
P530|6101|25530|25530|(converted/available/in_file)
P361|6282|26462|26462|(converted/available/in_file)
P176|6293|27444|27444|(converted/available/in_file)
P27|6406|28410|28410|(converted/available/in_file)
P108|6444|28793|28793|(converted/available/in_file)
P36|6767|29496|29496|(converted/available/in_file)
P1001|6845|30197|30197|(converted/available/in_file)
P264|6862|30626|30626|(converted/available/in_file)
P495|6905|31535|31535|(converted/available/in_file)
P131|6958|32416|32416|(converted/available/in_file)
P740|6997|33352|33352|(converted/available/in_file)
P127|7013|34039|34039|(converted/available/in_file)
