P30|170|975|975|(converted/available/in_file)
P279|286|1939|1939|(converted/available/in_file)
P31|321|2861|2861|(converted/available/in_file)
P39|355|3753|3753|(converted/available/in_file)
P1303|400|4702|4702|(converted/available/in_file)
P19|441|5646|5646|(converted/available/in_file)
P101|586|6342|6342|(converted/available/in_file)
P527|928|7318|7318|(converted/available/in_file)
P1412|1011|8287|8287|(converted/available/in_file)
P449|1031|9168|9168|(converted/available/in_file)
P140|1164|9641|9641|(converted/available/in_file)
P103|1280|10618|10618|(converted/available/in_file)
P178|1355|11210|11210|(converted/available/in_file)
P20|1424|12163|12163|(converted/available/in_file)
P463|1517|12388|12388|(converted/available/in_file)
P138|1609|13033|13033|(converted/available/in_file)
P364|1629|13889|13889|(converted/available/in_file)
P47|2123|14811|14811|(converted/available/in_file)
P1376|2305|15045|15045|(converted/available/in_file)
P106|2351|16003|16003|(converted/available/in_file)
P37|2833|16969|16969|(converted/available/in_file)
P413|2856|17921|17921|(converted/available/in_file)
P17|2905|18851|18851|(converted/available/in_file)
P190|3763|19846|19846|(converted/available/in_file)
P136|3801|20777|20777|(converted/available/in_file)
P407|3863|21654|21654|(converted/available/in_file)
P159|3922|22621|22621|(converted/available/in_file)
P937|4058|23575|23575|(converted/available/in_file)
P276|4145|24534|24534|(converted/available/in_file)
P530|5141|25530|25530|(converted/available/in_file)
P361|5423|26462|26462|(converted/available/in_file)
P176|5478|27444|27444|(converted/available/in_file)
P27|5537|28410|28410|(converted/available/in_file)
P108|5548|28793|28793|(converted/available/in_file)
P36|5774|29496|29496|(converted/available/in_file)
P1001|5853|30197|30197|(converted/available/in_file)
P264|5868|30626|30626|(converted/available/in_file)
P495|5902|31535|31535|(converted/available/in_file)
P131|5934|32416|32416|(converted/available/in_file)
P740|5970|33352|33352|(converted/available/in_file)
P127|6024|34039|34039|(converted/available/in_file)
