P30|329|975|975|(converted/available/in_file)
P279|887|1939|1939|(converted/available/in_file)
P31|1173|2861|2861|(converted/available/in_file)
P39|1920|3753|3753|(converted/available/in_file)
P1303|2845|4702|4702|(converted/available/in_file)
P19|3671|5646|5646|(converted/available/in_file)
P101|4299|6342|6342|(converted/available/in_file)
P527|5037|7318|7318|(converted/available/in_file)
P1412|5928|8287|8287|(converted/available/in_file)
P449|6040|9168|9168|(converted/available/in_file)
P140|6448|9641|9641|(converted/available/in_file)
P103|7367|10618|10618|(converted/available/in_file)
P178|7717|11210|11210|(converted/available/in_file)
P20|8568|12163|12163|(converted/available/in_file)
P463|8769|12388|12388|(converted/available/in_file)
P138|9128|13033|13033|(converted/available/in_file)
P364|9391|13889|13889|(converted/available/in_file)
P47|10256|14811|14811|(converted/available/in_file)
P1376|10484|15045|15045|(converted/available/in_file)
P106|11326|16003|16003|(converted/available/in_file)
P37|12193|16969|16969|(converted/available/in_file)
P413|12990|17921|17921|(converted/available/in_file)
P17|13396|18851|18851|(converted/available/in_file)
P190|14391|19846|19846|(converted/available/in_file)
P136|15075|20777|20777|(converted/available/in_file)
P407|15503|21654|21654|(converted/available/in_file)
P159|15831|22621|22621|(converted/available/in_file)
P937|16747|23575|23575|(converted/available/in_file)
P276|17228|24534|24534|(converted/available/in_file)
P530|18224|25530|25530|(converted/available/in_file)
P361|18953|26462|26462|(converted/available/in_file)
P176|19202|27444|27444|(converted/available/in_file)
P27|19963|28410|28410|(converted/available/in_file)
P108|20308|28793|28793|(converted/available/in_file)
P36|20958|29496|29496|(converted/available/in_file)
P1001|21414|30197|30197|(converted/available/in_file)
P264|21716|30626|30626|(converted/available/in_file)
P495|22002|31535|31535|(converted/available/in_file)
P131|22288|32416|32416|(converted/available/in_file)
P740|22546|33352|33352|(converted/available/in_file)
P127|22856|34039|34039|(converted/available/in_file)
