P30|151|975|975|(converted/available/in_file)
P279|158|1939|1939|(converted/available/in_file)
P31|173|2861|2861|(converted/available/in_file)
P39|176|3753|3753|(converted/available/in_file)
P1303|176|4702|4702|(converted/available/in_file)
P19|182|5646|5646|(converted/available/in_file)
P101|214|6342|6342|(converted/available/in_file)
P527|244|7318|7318|(converted/available/in_file)
P1412|260|8287|8287|(converted/available/in_file)
P449|265|9168|9168|(converted/available/in_file)
P140|334|9641|9641|(converted/available/in_file)
P103|357|10618|10618|(converted/available/in_file)
P178|358|11210|11210|(converted/available/in_file)
P20|367|12163|12163|(converted/available/in_file)
P463|443|12388|12388|(converted/available/in_file)
P138|483|13033|13033|(converted/available/in_file)
P364|493|13889|13889|(converted/available/in_file)
P47|1109|14811|14811|(converted/available/in_file)
P1376|1284|15045|15045|(converted/available/in_file)
P106|1287|16003|16003|(converted/available/in_file)
P37|1727|16969|16969|(converted/available/in_file)
P413|1728|17921|17921|(converted/available/in_file)
P17|1884|18851|18851|(converted/available/in_file)
P190|2812|19846|19846|(converted/available/in_file)
P136|2814|20777|20777|(converted/available/in_file)
P407|2831|21654|21654|(converted/available/in_file)
P159|2841|22621|22621|(converted/available/in_file)
P937|2874|23575|23575|(converted/available/in_file)
P276|2897|24534|24534|(converted/available/in_file)
P530|3892|25530|25530|(converted/available/in_file)
P361|3940|26462|26462|(converted/available/in_file)
P176|3941|27444|27444|(converted/available/in_file)
P27|3947|28410|28410|(converted/available/in_file)
P108|3947|28793|28793|(converted/available/in_file)
P36|4218|29496|29496|(converted/available/in_file)
P1001|4222|30197|30197|(converted/available/in_file)
P264|4222|30626|30626|(converted/available/in_file)
P495|4228|31535|31535|(converted/available/in_file)
P131|4265|32416|32416|(converted/available/in_file)
P740|4268|33352|33352|(converted/available/in_file)
P127|4271|34039|34039|(converted/available/in_file)
