P30|785|975|975|(converted/available/in_file)
P279|795|1939|1939|(converted/available/in_file)
P31|991|2861|2861|(converted/available/in_file)
P39|1030|3753|3753|(converted/available/in_file)
P1303|1042|4702|4702|(converted/available/in_file)
P19|1073|5646|5646|(converted/available/in_file)
P101|1102|6342|6342|(converted/available/in_file)
P527|1141|7318|7318|(converted/available/in_file)
P1412|1203|8287|8287|(converted/available/in_file)
P449|1210|9168|9168|(converted/available/in_file)
P140|1240|9641|9641|(converted/available/in_file)
P103|1270|10618|10618|(converted/available/in_file)
P178|1273|11210|11210|(converted/available/in_file)
P20|1310|12163|12163|(converted/available/in_file)
P463|1338|12388|12388|(converted/available/in_file)
P138|1626|13033|13033|(converted/available/in_file)
P364|1635|13889|13889|(converted/available/in_file)
P47|2465|14811|14811|(converted/available/in_file)
P1376|2682|15045|15045|(converted/available/in_file)
P106|2692|16003|16003|(converted/available/in_file)
P37|3449|16969|16969|(converted/available/in_file)
P413|3449|17921|17921|(converted/available/in_file)
P17|3867|18851|18851|(converted/available/in_file)
P190|4841|19846|19846|(converted/available/in_file)
P136|4841|20777|20777|(converted/available/in_file)
P407|4870|21654|21654|(converted/available/in_file)
P159|4883|22621|22621|(converted/available/in_file)
P937|4934|23575|23575|(converted/available/in_file)
P276|4953|24534|24534|(converted/available/in_file)
P530|5947|25530|25530|(converted/available/in_file)
P361|6045|26462|26462|(converted/available/in_file)
P176|6047|27444|27444|(converted/available/in_file)
P27|6084|28410|28410|(converted/available/in_file)
P108|6084|28793|28793|(converted/available/in_file)
P36|6552|29496|29496|(converted/available/in_file)
P1001|6559|30197|30197|(converted/available/in_file)
P264|6559|30626|30626|(converted/available/in_file)
P495|6580|31535|31535|(converted/available/in_file)
P131|6874|32416|32416|(converted/available/in_file)
P740|6885|33352|33352|(converted/available/in_file)
P127|6929|34039|34039|(converted/available/in_file)
