P30|319|975|975|(converted/available/in_file)
P279|823|1939|1939|(converted/available/in_file)
P31|1036|2861|2861|(converted/available/in_file)
P39|1567|3753|3753|(converted/available/in_file)
P1303|2005|4702|4702|(converted/available/in_file)
P19|2368|5646|5646|(converted/available/in_file)
P101|2906|6342|6342|(converted/available/in_file)
P527|3635|7318|7318|(converted/available/in_file)
P1412|4215|8287|8287|(converted/available/in_file)
P449|4326|9168|9168|(converted/available/in_file)
P140|4634|9641|9641|(converted/available/in_file)
P103|5232|10618|10618|(converted/available/in_file)
P178|5533|11210|11210|(converted/available/in_file)
P20|6082|12163|12163|(converted/available/in_file)
P463|6169|12388|12388|(converted/available/in_file)
P138|6534|13033|13033|(converted/available/in_file)
P364|6727|13889|13889|(converted/available/in_file)
P47|7514|14811|14811|(converted/available/in_file)
P1376|7738|15045|15045|(converted/available/in_file)
P106|8180|16003|16003|(converted/available/in_file)
P37|8973|16969|16969|(converted/available/in_file)
P413|9214|17921|17921|(converted/available/in_file)
P17|9499|18851|18851|(converted/available/in_file)
P190|10487|19846|19846|(converted/available/in_file)
P136|10873|20777|20777|(converted/available/in_file)
P407|11262|21654|21654|(converted/available/in_file)
P159|11526|22621|22621|(converted/available/in_file)
P937|12215|23575|23575|(converted/available/in_file)
P276|12559|24534|24534|(converted/available/in_file)
P530|13555|25530|25530|(converted/available/in_file)
P361|14226|26462|26462|(converted/available/in_file)
P176|14668|27444|27444|(converted/available/in_file)
P27|15041|28410|28410|(converted/available/in_file)
P108|15255|28793|28793|(converted/available/in_file)
P36|15733|29496|29496|(converted/available/in_file)
P1001|15980|30197|30197|(converted/available/in_file)
P264|16151|30626|30626|(converted/available/in_file)
P495|16362|31535|31535|(converted/available/in_file)
P131|16547|32416|32416|(converted/available/in_file)
P740|16816|33352|33352|(converted/available/in_file)
P127|17086|34039|34039|(converted/available/in_file)
