P30|144|975|975|(converted/available/in_file)
P279|178|1939|1939|(converted/available/in_file)
P31|217|2861|2861|(converted/available/in_file)
P39|221|3753|3753|(converted/available/in_file)
P1303|225|4702|4702|(converted/available/in_file)
P19|230|5646|5646|(converted/available/in_file)
P101|311|6342|6342|(converted/available/in_file)
P527|387|7318|7318|(converted/available/in_file)
P1412|415|8287|8287|(converted/available/in_file)
P449|415|9168|9168|(converted/available/in_file)
P140|440|9641|9641|(converted/available/in_file)
P103|498|10618|10618|(converted/available/in_file)
P178|503|11210|11210|(converted/available/in_file)
P20|516|12163|12163|(converted/available/in_file)
P463|548|12388|12388|(converted/available/in_file)
P138|604|13033|13033|(converted/available/in_file)
P364|617|13889|13889|(converted/available/in_file)
P47|1017|14811|14811|(converted/available/in_file)
P1376|1121|15045|15045|(converted/available/in_file)
P106|1128|16003|16003|(converted/available/in_file)
P37|1468|16969|16969|(converted/available/in_file)
P413|1468|17921|17921|(converted/available/in_file)
P17|1507|18851|18851|(converted/available/in_file)
P190|2238|19846|19846|(converted/available/in_file)
P136|2245|20777|20777|(converted/available/in_file)
P407|2281|21654|21654|(converted/available/in_file)
P159|2293|22621|22621|(converted/available/in_file)
P937|2331|23575|23575|(converted/available/in_file)
P276|2361|24534|24534|(converted/available/in_file)
P530|3280|25530|25530|(converted/available/in_file)
P361|3413|26462|26462|(converted/available/in_file)
P176|3416|27444|27444|(converted/available/in_file)
P27|3431|28410|28410|(converted/available/in_file)
P108|3437|28793|28793|(converted/available/in_file)
P36|3561|29496|29496|(converted/available/in_file)
P1001|3574|30197|30197|(converted/available/in_file)
P264|3574|30626|30626|(converted/available/in_file)
P495|3583|31535|31535|(converted/available/in_file)
P131|3596|32416|32416|(converted/available/in_file)
P740|3599|33352|33352|(converted/available/in_file)
P127|3603|34039|34039|(converted/available/in_file)
