P30|228|975|975|(converted/available/in_file)
P279|413|1939|1939|(converted/available/in_file)
P31|652|2861|2861|(converted/available/in_file)
P39|846|3753|3753|(converted/available/in_file)
P1303|1136|4702|4702|(converted/available/in_file)
P19|1312|5646|5646|(converted/available/in_file)
P101|1597|6342|6342|(converted/available/in_file)
P527|1816|7318|7318|(converted/available/in_file)
P1412|2096|8287|8287|(converted/available/in_file)
P449|2125|9168|9168|(converted/available/in_file)
P140|2251|9641|9641|(converted/available/in_file)
P103|2579|10618|10618|(converted/available/in_file)
P178|2599|11210|11210|(converted/available/in_file)
P20|2848|12163|12163|(converted/available/in_file)
P463|2924|12388|12388|(converted/available/in_file)
P138|3209|13033|13033|(converted/available/in_file)
P364|3261|13889|13889|(converted/available/in_file)
P47|3995|14811|14811|(converted/available/in_file)
P1376|4207|15045|15045|(converted/available/in_file)
P106|4501|16003|16003|(converted/available/in_file)
P37|5161|16969|16969|(converted/available/in_file)
P413|5219|17921|17921|(converted/available/in_file)
P17|5394|18851|18851|(converted/available/in_file)
P190|6365|19846|19846|(converted/available/in_file)
P136|6623|20777|20777|(converted/available/in_file)
P407|6732|21654|21654|(converted/available/in_file)
P159|6854|22621|22621|(converted/available/in_file)
P937|7176|23575|23575|(converted/available/in_file)
P276|7310|24534|24534|(converted/available/in_file)
P530|8306|25530|25530|(converted/available/in_file)
P361|8618|26462|26462|(converted/available/in_file)
P176|8634|27444|27444|(converted/available/in_file)
P27|8799|28410|28410|(converted/available/in_file)
P108|8912|28793|28793|(converted/available/in_file)
P36|9390|29496|29496|(converted/available/in_file)
P1001|9590|30197|30197|(converted/available/in_file)
P264|9710|30626|30626|(converted/available/in_file)
P495|9773|31535|31535|(converted/available/in_file)
P131|9977|32416|32416|(converted/available/in_file)
P740|10085|33352|33352|(converted/available/in_file)
P127|10139|34039|34039|(converted/available/in_file)
