P30|249|975|975|(converted/available/in_file)
P279|640|1939|1939|(converted/available/in_file)
P31|798|2861|2861|(converted/available/in_file)
P39|1474|3753|3753|(converted/available/in_file)
P1303|2292|4702|4702|(converted/available/in_file)
P19|2994|5646|5646|(converted/available/in_file)
P101|3591|6342|6342|(converted/available/in_file)
P527|4110|7318|7318|(converted/available/in_file)
P1412|4911|8287|8287|(converted/available/in_file)
P449|5026|9168|9168|(converted/available/in_file)
P140|5311|9641|9641|(converted/available/in_file)
P103|6181|10618|10618|(converted/available/in_file)
P178|6429|11210|11210|(converted/available/in_file)
P20|7213|12163|12163|(converted/available/in_file)
P463|7356|12388|12388|(converted/available/in_file)
P138|7657|13033|13033|(converted/available/in_file)
P364|7905|13889|13889|(converted/available/in_file)
P47|8717|14811|14811|(converted/available/in_file)
P1376|8947|15045|15045|(converted/available/in_file)
P106|9700|16003|16003|(converted/available/in_file)
P37|10515|16969|16969|(converted/available/in_file)
P413|11049|17921|17921|(converted/available/in_file)
P17|11324|18851|18851|(converted/available/in_file)
P190|12316|19846|19846|(converted/available/in_file)
P136|12967|20777|20777|(converted/available/in_file)
P407|13342|21654|21654|(converted/available/in_file)
P159|13611|22621|22621|(converted/available/in_file)
P937|14487|23575|23575|(converted/available/in_file)
P276|14768|24534|24534|(converted/available/in_file)
P530|15764|25530|25530|(converted/available/in_file)
P361|16288|26462|26462|(converted/available/in_file)
P176|16575|27444|27444|(converted/available/in_file)
P27|17216|28410|28410|(converted/available/in_file)
P108|17526|28793|28793|(converted/available/in_file)
P36|17979|29496|29496|(converted/available/in_file)
P1001|18207|30197|30197|(converted/available/in_file)
P264|18503|30626|30626|(converted/available/in_file)
P495|18755|31535|31535|(converted/available/in_file)
P131|18940|32416|32416|(converted/available/in_file)
P740|19206|33352|33352|(converted/available/in_file)
P127|19460|34039|34039|(converted/available/in_file)
