P30|966|975|975|(converted/available/in_file)
P279|1742|1939|1939|(converted/available/in_file)
P31|2326|2861|2861|(converted/available/in_file)
P39|3198|3753|3753|(converted/available/in_file)
P1303|4133|4702|4702|(converted/available/in_file)
P19|5057|5646|5646|(converted/available/in_file)
P101|5740|6342|6342|(converted/available/in_file)
P527|6644|7318|7318|(converted/available/in_file)
P1412|7592|8287|8287|(converted/available/in_file)
P449|8143|9168|9168|(converted/available/in_file)
P140|8584|9641|9641|(converted/available/in_file)
P103|9547|10618|10618|(converted/available/in_file)
P178|10075|11210|11210|(converted/available/in_file)
P20|11017|12163|12163|(converted/available/in_file)
P463|11235|12388|12388|(converted/available/in_file)
P138|11772|13033|13033|(converted/available/in_file)
P364|12297|13889|13889|(converted/available/in_file)
P47|13206|14811|14811|(converted/available/in_file)
P1376|13439|15045|15045|(converted/available/in_file)
P106|14373|16003|16003|(converted/available/in_file)
P37|15325|16969|16969|(converted/available/in_file)
P413|16255|17921|17921|(converted/available/in_file)
P17|16933|18851|18851|(converted/available/in_file)
P190|17928|19846|19846|(converted/available/in_file)
P136|18754|20777|20777|(converted/available/in_file)
P407|19505|21654|21654|(converted/available/in_file)
P159|20200|22621|22621|(converted/available/in_file)
P937|21149|23575|23575|(converted/available/in_file)
P276|21843|24534|24534|(converted/available/in_file)
P530|22839|25530|25530|(converted/available/in_file)
P361|23683|26462|26462|(converted/available/in_file)
P176|24570|27444|27444|(converted/available/in_file)
P27|25495|28410|28410|(converted/available/in_file)
P108|25874|28793|28793|(converted/available/in_file)
P36|26543|29496|29496|(converted/available/in_file)
P1001|27033|30197|30197|(converted/available/in_file)
P264|27448|30626|30626|(converted/available/in_file)
P495|28057|31535|31535|(converted/available/in_file)
P131|28576|32416|32416|(converted/available/in_file)
P740|29227|33352|33352|(converted/available/in_file)
P127|29779|34039|34039|(converted/available/in_file)
