P30|250|975|975|(converted/available/in_file)
P279|559|1939|1939|(converted/available/in_file)
P31|664|2861|2861|(converted/available/in_file)
P39|919|3753|3753|(converted/available/in_file)
P1303|1026|4702|4702|(converted/available/in_file)
P19|1157|5646|5646|(converted/available/in_file)
P101|1465|6342|6342|(converted/available/in_file)
P527|2008|7318|7318|(converted/available/in_file)
P1412|2278|8287|8287|(converted/available/in_file)
P449|2331|9168|9168|(converted/available/in_file)
P140|2562|9641|9641|(converted/available/in_file)
P103|2874|10618|10618|(converted/available/in_file)
P178|3025|11210|11210|(converted/available/in_file)
P20|3273|12163|12163|(converted/available/in_file)
P463|3442|12388|12388|(converted/available/in_file)
P138|3707|13033|13033|(converted/available/in_file)
P364|3827|13889|13889|(converted/available/in_file)
P47|4559|14811|14811|(converted/available/in_file)
P1376|4788|15045|15045|(converted/available/in_file)
P106|4953|16003|16003|(converted/available/in_file)
P37|5686|16969|16969|(converted/available/in_file)
P413|5794|17921|17921|(converted/available/in_file)
P17|6002|18851|18851|(converted/available/in_file)
P190|6990|19846|19846|(converted/available/in_file)
P136|7096|20777|20777|(converted/available/in_file)
P407|7314|21654|21654|(converted/available/in_file)
P159|7506|22621|22621|(converted/available/in_file)
P937|7822|23575|23575|(converted/available/in_file)
P276|8105|24534|24534|(converted/available/in_file)
P530|9101|25530|25530|(converted/available/in_file)
P361|9616|26462|26462|(converted/available/in_file)
P176|9880|27444|27444|(converted/available/in_file)
P27|10059|28410|28410|(converted/available/in_file)
P108|10107|28793|28793|(converted/available/in_file)
P36|10568|29496|29496|(converted/available/in_file)
P1001|10902|30197|30197|(converted/available/in_file)
P264|10981|30626|30626|(converted/available/in_file)
P495|11094|31535|31535|(converted/available/in_file)
P131|11253|32416|32416|(converted/available/in_file)
P740|11355|33352|33352|(converted/available/in_file)
P127|11516|34039|34039|(converted/available/in_file)
