P30|975|975|975|(converted/available/in_file)
P279|1939|1939|1939|(converted/available/in_file)
P31|2861|2861|2861|(converted/available/in_file)
P39|3753|3753|3753|(converted/available/in_file)
P1303|4702|4702|4702|(converted/available/in_file)
P19|5645|5646|5646|(converted/available/in_file)
P101|6341|6342|6342|(converted/available/in_file)
P527|7317|7318|7318|(converted/available/in_file)
P1412|8286|8287|8287|(converted/available/in_file)
P449|9164|9168|9168|(converted/available/in_file)
P140|9637|9641|9641|(converted/available/in_file)
P103|10614|10618|10618|(converted/available/in_file)
P178|11206|11210|11210|(converted/available/in_file)
P20|12159|12163|12163|(converted/available/in_file)
P463|12384|12388|12388|(converted/available/in_file)
P138|13029|13033|13033|(converted/available/in_file)
P364|13885|13889|13889|(converted/available/in_file)
P47|14807|14811|14811|(converted/available/in_file)
P1376|15041|15045|15045|(converted/available/in_file)
P106|15999|16003|16003|(converted/available/in_file)
P37|16965|16969|16969|(converted/available/in_file)
P413|17917|17921|17921|(converted/available/in_file)
P17|18847|18851|18851|(converted/available/in_file)
P190|19842|19846|19846|(converted/available/in_file)
P136|20773|20777|20777|(converted/available/in_file)
P407|21649|21654|21654|(converted/available/in_file)
P159|22616|22621|22621|(converted/available/in_file)
P937|23570|23575|23575|(converted/available/in_file)
P276|24528|24534|24534|(converted/available/in_file)
P530|25524|25530|25530|(converted/available/in_file)
P361|26456|26462|26462|(converted/available/in_file)
P176|27438|27444|27444|(converted/available/in_file)
P27|28404|28410|28410|(converted/available/in_file)
P108|28787|28793|28793|(converted/available/in_file)
P36|29490|29496|29496|(converted/available/in_file)
P1001|30191|30197|30197|(converted/available/in_file)
P264|30620|30626|30626|(converted/available/in_file)
P495|31529|31535|31535|(converted/available/in_file)
P131|32410|32416|32416|(converted/available/in_file)
P740|33345|33352|33352|(converted/available/in_file)
P127|34032|34039|34039|(converted/available/in_file)
