P30|476|975|975|(converted/available/in_file)
P279|1230|1939|1939|(converted/available/in_file)
P31|1748|2861|2861|(converted/available/in_file)
P39|2632|3753|3753|(converted/available/in_file)
P1303|3581|4702|4702|(converted/available/in_file)
P19|4524|5646|5646|(converted/available/in_file)
P101|5201|6342|6342|(converted/available/in_file)
P527|6083|7318|7318|(converted/available/in_file)
P1412|7052|8287|8287|(converted/available/in_file)
P449|7439|9168|9168|(converted/available/in_file)
P140|7889|9641|9641|(converted/available/in_file)
P103|8863|10618|10618|(converted/available/in_file)
P178|9372|11210|11210|(converted/available/in_file)
P20|10324|12163|12163|(converted/available/in_file)
P463|10543|12388|12388|(converted/available/in_file)
P138|11053|13033|13033|(converted/available/in_file)
P364|11469|13889|13889|(converted/available/in_file)
P47|12376|14811|14811|(converted/available/in_file)
P1376|12609|15045|15045|(converted/available/in_file)
P106|13566|16003|16003|(converted/available/in_file)
P37|14491|16969|16969|(converted/available/in_file)
P413|15442|17921|17921|(converted/available/in_file)
P17|16006|18851|18851|(converted/available/in_file)
P190|17000|19846|19846|(converted/available/in_file)
P136|17867|20777|20777|(converted/available/in_file)
P407|18597|21654|21654|(converted/available/in_file)
P159|19200|22621|22621|(converted/available/in_file)
P937|20149|23575|23575|(converted/available/in_file)
P276|20805|24534|24534|(converted/available/in_file)
P530|21801|25530|25530|(converted/available/in_file)
P361|22627|26462|26462|(converted/available/in_file)
P176|23363|27444|27444|(converted/available/in_file)
P27|24327|28410|28410|(converted/available/in_file)
P108|24709|28793|28793|(converted/available/in_file)
P36|25385|29496|29496|(converted/available/in_file)
P1001|25822|30197|30197|(converted/available/in_file)
P264|26250|30626|30626|(converted/available/in_file)
P495|26839|31535|31535|(converted/available/in_file)
P131|27253|32416|32416|(converted/available/in_file)
P740|28085|33352|33352|(converted/available/in_file)
P127|28611|34039|34039|(converted/available/in_file)
