P30|234|975|975|(converted/available/in_file)
P279|529|1939|1939|(converted/available/in_file)
P31|618|2861|2861|(converted/available/in_file)
P39|826|3753|3753|(converted/available/in_file)
P1303|947|4702|4702|(converted/available/in_file)
P19|1083|5646|5646|(converted/available/in_file)
P101|1362|6342|6342|(converted/available/in_file)
P527|1781|7318|7318|(converted/available/in_file)
P1412|2068|8287|8287|(converted/available/in_file)
P449|2112|9168|9168|(converted/available/in_file)
P140|2278|9641|9641|(converted/available/in_file)
P103|2595|10618|10618|(converted/available/in_file)
P178|2729|11210|11210|(converted/available/in_file)
P20|2953|12163|12163|(converted/available/in_file)
P463|3049|12388|12388|(converted/available/in_file)
P138|3321|13033|13033|(converted/available/in_file)
P364|3380|13889|13889|(converted/available/in_file)
P47|4098|14811|14811|(converted/available/in_file)
P1376|4314|15045|15045|(converted/available/in_file)
P106|4492|16003|16003|(converted/available/in_file)
P37|5291|16969|16969|(converted/available/in_file)
P413|5373|17921|17921|(converted/available/in_file)
P17|5561|18851|18851|(converted/available/in_file)
P190|6533|19846|19846|(converted/available/in_file)
P136|6642|20777|20777|(converted/available/in_file)
P407|6826|21654|21654|(converted/available/in_file)
P159|6966|22621|22621|(converted/available/in_file)
P937|7282|23575|23575|(converted/available/in_file)
P276|7453|24534|24534|(converted/available/in_file)
P530|8449|25530|25530|(converted/available/in_file)
P361|8917|26462|26462|(converted/available/in_file)
P176|9044|27444|27444|(converted/available/in_file)
P27|9248|28410|28410|(converted/available/in_file)
P108|9302|28793|28793|(converted/available/in_file)
P36|9694|29496|29496|(converted/available/in_file)
P1001|9824|30197|30197|(converted/available/in_file)
P264|9860|30626|30626|(converted/available/in_file)
P495|9958|31535|31535|(converted/available/in_file)
P131|10076|32416|32416|(converted/available/in_file)
P740|10175|33352|33352|(converted/available/in_file)
P127|10266|34039|34039|(converted/available/in_file)
