P30|274|975|975|(converted/available/in_file)
P279|570|1939|1939|(converted/available/in_file)
P31|721|2861|2861|(converted/available/in_file)
P39|981|3753|3753|(converted/available/in_file)
P1303|1195|4702|4702|(converted/available/in_file)
P19|1386|5646|5646|(converted/available/in_file)
P101|1693|6342|6342|(converted/available/in_file)
P527|2164|7318|7318|(converted/available/in_file)
P1412|2555|8287|8287|(converted/available/in_file)
P449|2640|9168|9168|(converted/available/in_file)
P140|2861|9641|9641|(converted/available/in_file)
P103|3293|10618|10618|(converted/available/in_file)
P178|3387|11210|11210|(converted/available/in_file)
P20|3682|12163|12163|(converted/available/in_file)
P463|3741|12388|12388|(converted/available/in_file)
P138|4032|13033|13033|(converted/available/in_file)
P364|4165|13889|13889|(converted/available/in_file)
P47|5014|14811|14811|(converted/available/in_file)
P1376|5231|15045|15045|(converted/available/in_file)
P106|5559|16003|16003|(converted/available/in_file)
P37|6351|16969|16969|(converted/available/in_file)
P413|6455|17921|17921|(converted/available/in_file)
P17|6711|18851|18851|(converted/available/in_file)
P190|7700|19846|19846|(converted/available/in_file)
P136|7906|20777|20777|(converted/available/in_file)
P407|8196|21654|21654|(converted/available/in_file)
P159|8330|22621|22621|(converted/available/in_file)
P937|8697|23575|23575|(converted/available/in_file)
P276|8931|24534|24534|(converted/available/in_file)
P530|9927|25530|25530|(converted/available/in_file)
P361|10426|26462|26462|(converted/available/in_file)
P176|10501|27444|27444|(converted/available/in_file)
P27|10727|28410|28410|(converted/available/in_file)
P108|10796|28793|28793|(converted/available/in_file)
P36|11354|29496|29496|(converted/available/in_file)
P1001|11574|30197|30197|(converted/available/in_file)
P264|11699|30626|30626|(converted/available/in_file)
P495|11829|31535|31535|(converted/available/in_file)
P131|12018|32416|32416|(converted/available/in_file)
P740|12144|33352|33352|(converted/available/in_file)
P127|12276|34039|34039|(converted/available/in_file)
