P30|281|975|975|(converted/available/in_file)
P279|744|1939|1939|(converted/available/in_file)
P31|1005|2861|2861|(converted/available/in_file)
P39|1645|3753|3753|(converted/available/in_file)
P1303|2272|4702|4702|(converted/available/in_file)
P19|2833|5646|5646|(converted/available/in_file)
P101|3398|6342|6342|(converted/available/in_file)
P527|4111|7318|7318|(converted/available/in_file)
P1412|4832|8287|8287|(converted/available/in_file)
P449|5033|9168|9168|(converted/available/in_file)
P140|5340|9641|9641|(converted/available/in_file)
P103|6177|10618|10618|(converted/available/in_file)
P178|6531|11210|11210|(converted/available/in_file)
P20|7150|12163|12163|(converted/available/in_file)
P463|7256|12388|12388|(converted/available/in_file)
P138|7655|13033|13033|(converted/available/in_file)
P364|7903|13889|13889|(converted/available/in_file)
P47|8689|14811|14811|(converted/available/in_file)
P1376|8920|15045|15045|(converted/available/in_file)
P106|9644|16003|16003|(converted/available/in_file)
P37|10543|16969|16969|(converted/available/in_file)
P413|11033|17921|17921|(converted/available/in_file)
P17|11328|18851|18851|(converted/available/in_file)
P190|12321|19846|19846|(converted/available/in_file)
P136|12902|20777|20777|(converted/available/in_file)
P407|13457|21654|21654|(converted/available/in_file)
P159|13755|22621|22621|(converted/available/in_file)
P937|14527|23575|23575|(converted/available/in_file)
P276|14891|24534|24534|(converted/available/in_file)
P530|15887|25530|25530|(converted/available/in_file)
P361|16472|26462|26462|(converted/available/in_file)
P176|17249|27444|27444|(converted/available/in_file)
P27|17777|28410|28410|(converted/available/in_file)
P108|18069|28793|28793|(converted/available/in_file)
P36|18568|29496|29496|(converted/available/in_file)
P1001|18836|30197|30197|(converted/available/in_file)
P264|19132|30626|30626|(converted/available/in_file)
P495|19504|31535|31535|(converted/available/in_file)
P131|19708|32416|32416|(converted/available/in_file)
P740|20386|33352|33352|(converted/available/in_file)
P127|20698|34039|34039|(converted/available/in_file)
