P30|481|975|975|(converted/available/in_file)
P279|1290|1939|1939|(converted/available/in_file)
P31|2001|2861|2861|(converted/available/in_file)
P39|2884|3753|3753|(converted/available/in_file)
P1303|3831|4702|4702|(converted/available/in_file)
P19|4767|5646|5646|(converted/available/in_file)
P101|5458|6342|6342|(converted/available/in_file)
P527|6381|7318|7318|(converted/available/in_file)
P1412|7350|8287|8287|(converted/available/in_file)
P449|7842|9168|9168|(converted/available/in_file)
P140|8291|9641|9641|(converted/available/in_file)
P103|9263|10618|10618|(converted/available/in_file)
P178|9828|11210|11210|(converted/available/in_file)
P20|10774|12163|12163|(converted/available/in_file)
P463|10996|12388|12388|(converted/available/in_file)
P138|11589|13033|13033|(converted/available/in_file)
P364|12164|13889|13889|(converted/available/in_file)
P47|13080|14811|14811|(converted/available/in_file)
P1376|13313|15045|15045|(converted/available/in_file)
P106|14267|16003|16003|(converted/available/in_file)
P37|15228|16969|16969|(converted/available/in_file)
P413|16179|17921|17921|(converted/available/in_file)
P17|16933|18851|18851|(converted/available/in_file)
P190|17928|19846|19846|(converted/available/in_file)
P136|18807|20777|20777|(converted/available/in_file)
P407|19623|21654|21654|(converted/available/in_file)
P159|20536|22621|22621|(converted/available/in_file)
P937|21488|23575|23575|(converted/available/in_file)
P276|22242|24534|24534|(converted/available/in_file)
P530|23238|25530|25530|(converted/available/in_file)
P361|24102|26462|26462|(converted/available/in_file)
P176|24986|27444|27444|(converted/available/in_file)
P27|25946|28410|28410|(converted/available/in_file)
P108|26319|28793|28793|(converted/available/in_file)
P36|27016|29496|29496|(converted/available/in_file)
P1001|27608|30197|30197|(converted/available/in_file)
P264|28036|30626|30626|(converted/available/in_file)
P495|28717|31535|31535|(converted/available/in_file)
P131|29311|32416|32416|(converted/available/in_file)
P740|30233|33352|33352|(converted/available/in_file)
P127|30863|34039|34039|(converted/available/in_file)
