P30|197|975|975|(converted/available/in_file)
P279|336|1939|1939|(converted/available/in_file)
P31|499|2861|2861|(converted/available/in_file)
P39|984|3753|3753|(converted/available/in_file)
P1303|1632|4702|4702|(converted/available/in_file)
P19|2136|5646|5646|(converted/available/in_file)
P101|2486|6342|6342|(converted/available/in_file)
P527|2761|7318|7318|(converted/available/in_file)
P1412|3299|8287|8287|(converted/available/in_file)
P449|3894|9168|9168|(converted/available/in_file)
P140|4069|9641|9641|(converted/available/in_file)
P103|4384|10618|10618|(converted/available/in_file)
P178|4408|11210|11210|(converted/available/in_file)
P20|4851|12163|12163|(converted/available/in_file)
P463|4890|12388|12388|(converted/available/in_file)
P138|5028|13033|13033|(converted/available/in_file)
P364|5136|13889|13889|(converted/available/in_file)
P47|5796|14811|14811|(converted/available/in_file)
P1376|5998|15045|15045|(converted/available/in_file)
P106|6644|16003|16003|(converted/available/in_file)
P37|7175|16969|16969|(converted/available/in_file)
P413|7862|17921|17921|(converted/available/in_file)
P17|7990|18851|18851|(converted/available/in_file)
P190|8898|19846|19846|(converted/available/in_file)
P136|9441|20777|20777|(converted/available/in_file)
P407|9522|21654|21654|(converted/available/in_file)
P159|9572|22621|22621|(converted/available/in_file)
P937|10052|23575|23575|(converted/available/in_file)
P276|10164|24534|24534|(converted/available/in_file)
P530|11160|25530|25530|(converted/available/in_file)
P361|11444|26462|26462|(converted/available/in_file)
P176|11451|27444|27444|(converted/available/in_file)
P27|12208|28410|28410|(converted/available/in_file)
P108|12331|28793|28793|(converted/available/in_file)
P36|12647|29496|29496|(converted/available/in_file)
P1001|12714|30197|30197|(converted/available/in_file)
P264|12804|30626|30626|(converted/available/in_file)
P495|12960|31535|31535|(converted/available/in_file)
P131|13063|32416|32416|(converted/available/in_file)
P740|13119|33352|33352|(converted/available/in_file)
P127|13160|34039|34039|(converted/available/in_file)
