P30|230|975|975|(converted/available/in_file)
P279|492|1939|1939|(converted/available/in_file)
P31|605|2861|2861|(converted/available/in_file)
P39|888|3753|3753|(converted/available/in_file)
P1303|1072|4702|4702|(converted/available/in_file)
P19|1237|5646|5646|(converted/available/in_file)
P101|1525|6342|6342|(converted/available/in_file)
P527|1922|7318|7318|(converted/available/in_file)
P1412|2271|8287|8287|(converted/available/in_file)
P449|2320|9168|9168|(converted/available/in_file)
P140|2532|9641|9641|(converted/available/in_file)
P103|2857|10618|10618|(converted/available/in_file)
P178|2951|11210|11210|(converted/available/in_file)
P20|3215|12163|12163|(converted/available/in_file)
P463|3294|12388|12388|(converted/available/in_file)
P138|3568|13033|13033|(converted/available/in_file)
P364|3684|13889|13889|(converted/available/in_file)
P47|4316|14811|14811|(converted/available/in_file)
P1376|4518|15045|15045|(converted/available/in_file)
P106|4722|16003|16003|(converted/available/in_file)
P37|5491|16969|16969|(converted/available/in_file)
P413|5615|17921|17921|(converted/available/in_file)
P17|5764|18851|18851|(converted/available/in_file)
P190|6729|19846|19846|(converted/available/in_file)
P136|6892|20777|20777|(converted/available/in_file)
P407|7149|21654|21654|(converted/available/in_file)
P159|7264|22621|22621|(converted/available/in_file)
P937|7601|23575|23575|(converted/available/in_file)
P276|7780|24534|24534|(converted/available/in_file)
P530|8776|25530|25530|(converted/available/in_file)
P361|9195|26462|26462|(converted/available/in_file)
P176|9293|27444|27444|(converted/available/in_file)
P27|9505|28410|28410|(converted/available/in_file)
P108|9571|28793|28793|(converted/available/in_file)
P36|9920|29496|29496|(converted/available/in_file)
P1001|10056|30197|30197|(converted/available/in_file)
P264|10223|30626|30626|(converted/available/in_file)
P495|10358|31535|31535|(converted/available/in_file)
P131|10444|32416|32416|(converted/available/in_file)
P740|10595|33352|33352|(converted/available/in_file)
P127|10703|34039|34039|(converted/available/in_file)
