P30|138|975|975|(converted/available/in_file)
P279|161|1939|1939|(converted/available/in_file)
P31|184|2861|2861|(converted/available/in_file)
P39|185|3753|3753|(converted/available/in_file)
P1303|188|4702|4702|(converted/available/in_file)
P19|190|5646|5646|(converted/available/in_file)
P101|219|6342|6342|(converted/available/in_file)
P527|260|7318|7318|(converted/available/in_file)
P1412|282|8287|8287|(converted/available/in_file)
P449|282|9168|9168|(converted/available/in_file)
P140|334|9641|9641|(converted/available/in_file)
P103|357|10618|10618|(converted/available/in_file)
P178|371|11210|11210|(converted/available/in_file)
P20|375|12163|12163|(converted/available/in_file)
P463|375|12388|12388|(converted/available/in_file)
P138|417|13033|13033|(converted/available/in_file)
P364|420|13889|13889|(converted/available/in_file)
P47|1022|14811|14811|(converted/available/in_file)
P1376|1221|15045|15045|(converted/available/in_file)
P106|1233|16003|16003|(converted/available/in_file)
P37|1470|16969|16969|(converted/available/in_file)
P413|1470|17921|17921|(converted/available/in_file)
P17|1559|18851|18851|(converted/available/in_file)
P190|2516|19846|19846|(converted/available/in_file)
P136|2517|20777|20777|(converted/available/in_file)
P407|2525|21654|21654|(converted/available/in_file)
P159|2535|22621|22621|(converted/available/in_file)
P937|2553|23575|23575|(converted/available/in_file)
P276|2576|24534|24534|(converted/available/in_file)
P530|3565|25530|25530|(converted/available/in_file)
P361|3613|26462|26462|(converted/available/in_file)
P176|3614|27444|27444|(converted/available/in_file)
P27|3636|28410|28410|(converted/available/in_file)
P108|3639|28793|28793|(converted/available/in_file)
P36|3883|29496|29496|(converted/available/in_file)
P1001|3918|30197|30197|(converted/available/in_file)
P264|3918|30626|30626|(converted/available/in_file)
P495|3923|31535|31535|(converted/available/in_file)
P131|4012|32416|32416|(converted/available/in_file)
P740|4020|33352|33352|(converted/available/in_file)
P127|4028|34039|34039|(converted/available/in_file)
