P30|526|975|975|(converted/available/in_file)
P279|961|1939|1939|(converted/available/in_file)
P31|1193|2861|2861|(converted/available/in_file)
P39|1459|3753|3753|(converted/available/in_file)
P1303|1747|4702|4702|(converted/available/in_file)
P19|2010|5646|5646|(converted/available/in_file)
P101|2443|6342|6342|(converted/available/in_file)
P527|2982|7318|7318|(converted/available/in_file)
P1412|3388|8287|8287|(converted/available/in_file)
P449|3599|9168|9168|(converted/available/in_file)
P140|3927|9641|9641|(converted/available/in_file)
P103|4350|10618|10618|(converted/available/in_file)
P178|4592|11210|11210|(converted/available/in_file)
P20|4982|12163|12163|(converted/available/in_file)
P463|5183|12388|12388|(converted/available/in_file)
P138|5533|13033|13033|(converted/available/in_file)
P364|5754|13889|13889|(converted/available/in_file)
P47|6510|14811|14811|(converted/available/in_file)
P1376|6738|15045|15045|(converted/available/in_file)
P106|7047|16003|16003|(converted/available/in_file)
P37|7787|16969|16969|(converted/available/in_file)
P413|7954|17921|17921|(converted/available/in_file)
P17|8189|18851|18851|(converted/available/in_file)
P190|9180|19846|19846|(converted/available/in_file)
P136|9447|20777|20777|(converted/available/in_file)
P407|10002|21654|21654|(converted/available/in_file)
P159|10302|22621|22621|(converted/available/in_file)
P937|10770|23575|23575|(converted/available/in_file)
P276|11199|24534|24534|(converted/available/in_file)
P530|12195|25530|25530|(converted/available/in_file)
P361|12819|26462|26462|(converted/available/in_file)
P176|13193|27444|27444|(converted/available/in_file)
P27|13449|28410|28410|(converted/available/in_file)
P108|13576|28793|28793|(converted/available/in_file)
P36|14089|29496|29496|(converted/available/in_file)
P1001|14441|30197|30197|(converted/available/in_file)
P264|14663|30626|30626|(converted/available/in_file)
P495|14865|31535|31535|(converted/available/in_file)
P131|15098|32416|32416|(converted/available/in_file)
P740|15309|33352|33352|(converted/available/in_file)
P127|15616|34039|34039|(converted/available/in_file)
