P30|249|975|975|(converted/available/in_file)
P279|438|1939|1939|(converted/available/in_file)
P31|493|2861|2861|(converted/available/in_file)
P39|513|3753|3753|(converted/available/in_file)
P1303|529|4702|4702|(converted/available/in_file)
P19|561|5646|5646|(converted/available/in_file)
P101|723|6342|6342|(converted/available/in_file)
P527|1143|7318|7318|(converted/available/in_file)
P1412|1239|8287|8287|(converted/available/in_file)
P449|1259|9168|9168|(converted/available/in_file)
P140|1488|9641|9641|(converted/available/in_file)
P103|1602|10618|10618|(converted/available/in_file)
P178|1731|11210|11210|(converted/available/in_file)
P20|1796|12163|12163|(converted/available/in_file)
P463|1841|12388|12388|(converted/available/in_file)
P138|1992|13033|13033|(converted/available/in_file)
P364|2086|13889|13889|(converted/available/in_file)
P47|2742|14811|14811|(converted/available/in_file)
P1376|2956|15045|15045|(converted/available/in_file)
P106|3013|16003|16003|(converted/available/in_file)
P37|3582|16969|16969|(converted/available/in_file)
P413|3588|17921|17921|(converted/available/in_file)
P17|3730|18851|18851|(converted/available/in_file)
P190|4694|19846|19846|(converted/available/in_file)
P136|4706|20777|20777|(converted/available/in_file)
P407|4795|21654|21654|(converted/available/in_file)
P159|4859|22621|22621|(converted/available/in_file)
P937|4965|23575|23575|(converted/available/in_file)
P276|5079|24534|24534|(converted/available/in_file)
P530|6075|25530|25530|(converted/available/in_file)
P361|6446|26462|26462|(converted/available/in_file)
P176|6494|27444|27444|(converted/available/in_file)
P27|6578|28410|28410|(converted/available/in_file)
P108|6607|28793|28793|(converted/available/in_file)
P36|6939|29496|29496|(converted/available/in_file)
P1001|7059|30197|30197|(converted/available/in_file)
P264|7066|30626|30626|(converted/available/in_file)
P495|7125|31535|31535|(converted/available/in_file)
P131|7251|32416|32416|(converted/available/in_file)
P740|7289|33352|33352|(converted/available/in_file)
P127|7386|34039|34039|(converted/available/in_file)
