P30|222|975|975|(converted/available/in_file)
P279|468|1939|1939|(converted/available/in_file)
P31|567|2861|2861|(converted/available/in_file)
P39|829|3753|3753|(converted/available/in_file)
P1303|927|4702|4702|(converted/available/in_file)
P19|1043|5646|5646|(converted/available/in_file)
P101|1295|6342|6342|(converted/available/in_file)
P527|1711|7318|7318|(converted/available/in_file)
P1412|1954|8287|8287|(converted/available/in_file)
P449|2006|9168|9168|(converted/available/in_file)
P140|2188|9641|9641|(converted/available/in_file)
P103|2451|10618|10618|(converted/available/in_file)
P178|2564|11210|11210|(converted/available/in_file)
P20|2741|12163|12163|(converted/available/in_file)
P463|2843|12388|12388|(converted/available/in_file)
P138|3034|13033|13033|(converted/available/in_file)
P364|3103|13889|13889|(converted/available/in_file)
P47|3739|14811|14811|(converted/available/in_file)
P1376|3936|15045|15045|(converted/available/in_file)
P106|4069|16003|16003|(converted/available/in_file)
P37|4693|16969|16969|(converted/available/in_file)
P413|4778|17921|17921|(converted/available/in_file)
P17|4927|18851|18851|(converted/available/in_file)
P190|5891|19846|19846|(converted/available/in_file)
P136|5995|20777|20777|(converted/available/in_file)
P407|6180|21654|21654|(converted/available/in_file)
P159|6274|22621|22621|(converted/available/in_file)
P937|6562|23575|23575|(converted/available/in_file)
P276|6774|24534|24534|(converted/available/in_file)
P530|7770|25530|25530|(converted/available/in_file)
P361|8187|26462|26462|(converted/available/in_file)
P176|8363|27444|27444|(converted/available/in_file)
P27|8521|28410|28410|(converted/available/in_file)
P108|8557|28793|28793|(converted/available/in_file)
P36|8885|29496|29496|(converted/available/in_file)
P1001|8983|30197|30197|(converted/available/in_file)
P264|9021|30626|30626|(converted/available/in_file)
P495|9106|31535|31535|(converted/available/in_file)
P131|9180|32416|32416|(converted/available/in_file)
P740|9280|33352|33352|(converted/available/in_file)
P127|9378|34039|34039|(converted/available/in_file)
