P30|99|975|975|(converted/available/in_file)
P279|115|1939|1939|(converted/available/in_file)
P31|120|2861|2861|(converted/available/in_file)
P39|123|3753|3753|(converted/available/in_file)
P1303|126|4702|4702|(converted/available/in_file)
P19|141|5646|5646|(converted/available/in_file)
P101|287|6342|6342|(converted/available/in_file)
P527|344|7318|7318|(converted/available/in_file)
P1412|393|8287|8287|(converted/available/in_file)
P449|398|9168|9168|(converted/available/in_file)
P140|408|9641|9641|(converted/available/in_file)
P103|588|10618|10618|(converted/available/in_file)
P178|589|11210|11210|(converted/available/in_file)
P20|608|12163|12163|(converted/available/in_file)
P463|613|12388|12388|(converted/available/in_file)
P138|632|13033|13033|(converted/available/in_file)
P364|669|13889|13889|(converted/available/in_file)
P47|1068|14811|14811|(converted/available/in_file)
P1376|1214|15045|15045|(converted/available/in_file)
P106|1247|16003|16003|(converted/available/in_file)
P37|1456|16969|16969|(converted/available/in_file)
P413|1456|17921|17921|(converted/available/in_file)
P17|1460|18851|18851|(converted/available/in_file)
P190|2004|19846|19846|(converted/available/in_file)
P136|2006|20777|20777|(converted/available/in_file)
P407|2024|21654|21654|(converted/available/in_file)
P159|2027|22621|22621|(converted/available/in_file)
P937|2064|23575|23575|(converted/available/in_file)
P276|2076|24534|24534|(converted/available/in_file)
P530|3031|25530|25530|(converted/available/in_file)
P361|3105|26462|26462|(converted/available/in_file)
P176|3105|27444|27444|(converted/available/in_file)
P27|3137|28410|28410|(converted/available/in_file)
P108|3137|28793|28793|(converted/available/in_file)
P36|3238|29496|29496|(converted/available/in_file)
P1001|3239|30197|30197|(converted/available/in_file)
P264|3239|30626|30626|(converted/available/in_file)
P495|3267|31535|31535|(converted/available/in_file)
P131|3280|32416|32416|(converted/available/in_file)
P740|3284|33352|33352|(converted/available/in_file)
P127|3288|34039|34039|(converted/available/in_file)
