P30|261|975|975|(converted/available/in_file)
P279|617|1939|1939|(converted/available/in_file)
P31|781|2861|2861|(converted/available/in_file)
P39|1274|3753|3753|(converted/available/in_file)
P1303|1788|4702|4702|(converted/available/in_file)
P19|2330|5646|5646|(converted/available/in_file)
P101|2846|6342|6342|(converted/available/in_file)
P527|3455|7318|7318|(converted/available/in_file)
P1412|4152|8287|8287|(converted/available/in_file)
P449|4340|9168|9168|(converted/available/in_file)
P140|4637|9641|9641|(converted/available/in_file)
P103|5476|10618|10618|(converted/available/in_file)
P178|5707|11210|11210|(converted/available/in_file)
P20|6316|12163|12163|(converted/available/in_file)
P463|6522|12388|12388|(converted/available/in_file)
P138|6866|13033|13033|(converted/available/in_file)
P364|7079|13889|13889|(converted/available/in_file)
P47|7908|14811|14811|(converted/available/in_file)
P1376|8126|15045|15045|(converted/available/in_file)
P106|8791|16003|16003|(converted/available/in_file)
P37|9594|16969|16969|(converted/available/in_file)
P413|9967|17921|17921|(converted/available/in_file)
P17|10252|18851|18851|(converted/available/in_file)
P190|11245|19846|19846|(converted/available/in_file)
P136|11703|20777|20777|(converted/available/in_file)
P407|12073|21654|21654|(converted/available/in_file)
P159|12282|22621|22621|(converted/available/in_file)
P937|13050|23575|23575|(converted/available/in_file)
P276|13339|24534|24534|(converted/available/in_file)
P530|14335|25530|25530|(converted/available/in_file)
P361|14845|26462|26462|(converted/available/in_file)
P176|15521|27444|27444|(converted/available/in_file)
P27|16007|28410|28410|(converted/available/in_file)
P108|16291|28793|28793|(converted/available/in_file)
P36|16862|29496|29496|(converted/available/in_file)
P1001|17051|30197|30197|(converted/available/in_file)
P264|17302|30626|30626|(converted/available/in_file)
P495|17534|31535|31535|(converted/available/in_file)
P131|17706|32416|32416|(converted/available/in_file)
P740|17951|33352|33352|(converted/available/in_file)
P127|18209|34039|34039|(converted/available/in_file)
