P30|237|975|975|(converted/available/in_file)
P279|488|1939|1939|(converted/available/in_file)
P31|601|2861|2861|(converted/available/in_file)
P39|715|3753|3753|(converted/available/in_file)
P1303|846|4702|4702|(converted/available/in_file)
P19|969|5646|5646|(converted/available/in_file)
P101|1298|6342|6342|(converted/available/in_file)
P527|1776|7318|7318|(converted/available/in_file)
P1412|2080|8287|8287|(converted/available/in_file)
P449|2126|9168|9168|(converted/available/in_file)
P140|2321|9641|9641|(converted/available/in_file)
P103|2698|10618|10618|(converted/available/in_file)
P178|2831|11210|11210|(converted/available/in_file)
P20|3045|12163|12163|(converted/available/in_file)
P463|3117|12388|12388|(converted/available/in_file)
P138|3330|13033|13033|(converted/available/in_file)
P364|3449|13889|13889|(converted/available/in_file)
P47|4232|14811|14811|(converted/available/in_file)
P1376|4446|15045|15045|(converted/available/in_file)
P106|4632|16003|16003|(converted/available/in_file)
P37|5340|16969|16969|(converted/available/in_file)
P413|5445|17921|17921|(converted/available/in_file)
P17|5640|18851|18851|(converted/available/in_file)
P190|6626|19846|19846|(converted/available/in_file)
P136|6752|20777|20777|(converted/available/in_file)
P407|6968|21654|21654|(converted/available/in_file)
P159|7138|22621|22621|(converted/available/in_file)
P937|7440|23575|23575|(converted/available/in_file)
P276|7671|24534|24534|(converted/available/in_file)
P530|8667|25530|25530|(converted/available/in_file)
P361|9085|26462|26462|(converted/available/in_file)
P176|9149|27444|27444|(converted/available/in_file)
P27|9326|28410|28410|(converted/available/in_file)
P108|9385|28793|28793|(converted/available/in_file)
P36|9843|29496|29496|(converted/available/in_file)
P1001|10027|30197|30197|(converted/available/in_file)
P264|10111|30626|30626|(converted/available/in_file)
P495|10220|31535|31535|(converted/available/in_file)
P131|10385|32416|32416|(converted/available/in_file)
P740|10475|33352|33352|(converted/available/in_file)
P127|10609|34039|34039|(converted/available/in_file)
