P30|261|975|975|(converted/available/in_file)
P279|713|1939|1939|(converted/available/in_file)
P31|873|2861|2861|(converted/available/in_file)
P39|1312|3753|3753|(converted/available/in_file)
P1303|1492|4702|4702|(converted/available/in_file)
P19|1719|5646|5646|(converted/available/in_file)
P101|2068|6342|6342|(converted/available/in_file)
P527|2707|7318|7318|(converted/available/in_file)
P1412|3128|8287|8287|(converted/available/in_file)
P449|3253|9168|9168|(converted/available/in_file)
P140|3620|9641|9641|(converted/available/in_file)
P103|4021|10618|10618|(converted/available/in_file)
P178|4297|11210|11210|(converted/available/in_file)
P20|4592|12163|12163|(converted/available/in_file)
P463|4778|12388|12388|(converted/available/in_file)
P138|5128|13033|13033|(converted/available/in_file)
P364|5332|13889|13889|(converted/available/in_file)
P47|6112|14811|14811|(converted/available/in_file)
P1376|6341|15045|15045|(converted/available/in_file)
P106|6650|16003|16003|(converted/available/in_file)
P37|7368|16969|16969|(converted/available/in_file)
P413|7760|17921|17921|(converted/available/in_file)
P17|8040|18851|18851|(converted/available/in_file)
P190|9030|19846|19846|(converted/available/in_file)
P136|9208|20777|20777|(converted/available/in_file)
P407|9518|21654|21654|(converted/available/in_file)
P159|9788|22621|22621|(converted/available/in_file)
P937|10139|23575|23575|(converted/available/in_file)
P276|10496|24534|24534|(converted/available/in_file)
P530|11492|25530|25530|(converted/available/in_file)
P361|12066|26462|26462|(converted/available/in_file)
P176|12514|27444|27444|(converted/available/in_file)
P27|12800|28410|28410|(converted/available/in_file)
P108|12901|28793|28793|(converted/available/in_file)
P36|13368|29496|29496|(converted/available/in_file)
P1001|13607|30197|30197|(converted/available/in_file)
P264|13723|30626|30626|(converted/available/in_file)
P495|13967|31535|31535|(converted/available/in_file)
P131|14145|32416|32416|(converted/available/in_file)
P740|14326|33352|33352|(converted/available/in_file)
P127|14608|34039|34039|(converted/available/in_file)
