P30|147|975|975|(converted/available/in_file)
P279|206|1939|1939|(converted/available/in_file)
P31|221|2861|2861|(converted/available/in_file)
P39|320|3753|3753|(converted/available/in_file)
P1303|410|4702|4702|(converted/available/in_file)
P19|470|5646|5646|(converted/available/in_file)
P101|631|6342|6342|(converted/available/in_file)
P527|741|7318|7318|(converted/available/in_file)
P1412|894|8287|8287|(converted/available/in_file)
P449|895|9168|9168|(converted/available/in_file)
P140|978|9641|9641|(converted/available/in_file)
P103|1185|10618|10618|(converted/available/in_file)
P178|1191|11210|11210|(converted/available/in_file)
P20|1300|12163|12163|(converted/available/in_file)
P463|1334|12388|12388|(converted/available/in_file)
P138|1386|13033|13033|(converted/available/in_file)
P364|1397|13889|13889|(converted/available/in_file)
P47|1923|14811|14811|(converted/available/in_file)
P1376|2105|15045|15045|(converted/available/in_file)
P106|2190|16003|16003|(converted/available/in_file)
P37|2633|16969|16969|(converted/available/in_file)
P413|2633|17921|17921|(converted/available/in_file)
P17|2699|18851|18851|(converted/available/in_file)
P190|3613|19846|19846|(converted/available/in_file)
P136|3687|20777|20777|(converted/available/in_file)
P407|3725|21654|21654|(converted/available/in_file)
P159|3742|22621|22621|(converted/available/in_file)
P937|3944|23575|23575|(converted/available/in_file)
P276|3986|24534|24534|(converted/available/in_file)
P530|4954|25530|25530|(converted/available/in_file)
P361|5113|26462|26462|(converted/available/in_file)
P176|5117|27444|27444|(converted/available/in_file)
P27|5223|28410|28410|(converted/available/in_file)
P108|5243|28793|28793|(converted/available/in_file)
P36|5436|29496|29496|(converted/available/in_file)
P1001|5493|30197|30197|(converted/available/in_file)
P264|5508|30626|30626|(converted/available/in_file)
P495|5534|31535|31535|(converted/available/in_file)
P131|5551|32416|32416|(converted/available/in_file)
P740|5567|33352|33352|(converted/available/in_file)
P127|5577|34039|34039|(converted/available/in_file)
