P30|186|975|975|(converted/available/in_file)
P279|293|1939|1939|(converted/available/in_file)
P31|326|2861|2861|(converted/available/in_file)
P39|388|3753|3753|(converted/available/in_file)
P1303|439|4702|4702|(converted/available/in_file)
P19|491|5646|5646|(converted/available/in_file)
P101|647|6342|6342|(converted/available/in_file)
P527|873|7318|7318|(converted/available/in_file)
P1412|1019|8287|8287|(converted/available/in_file)
P449|1051|9168|9168|(converted/available/in_file)
P140|1164|9641|9641|(converted/available/in_file)
P103|1330|10618|10618|(converted/available/in_file)
P178|1400|11210|11210|(converted/available/in_file)
P20|1483|12163|12163|(converted/available/in_file)
P463|1526|12388|12388|(converted/available/in_file)
P138|1646|13033|13033|(converted/available/in_file)
P364|1685|13889|13889|(converted/available/in_file)
P47|2319|14811|14811|(converted/available/in_file)
P1376|2518|15045|15045|(converted/available/in_file)
P106|2571|16003|16003|(converted/available/in_file)
P37|3103|16969|16969|(converted/available/in_file)
P413|3103|17921|17921|(converted/available/in_file)
P17|3187|18851|18851|(converted/available/in_file)
P190|4109|19846|19846|(converted/available/in_file)
P136|4148|20777|20777|(converted/available/in_file)
P407|4229|21654|21654|(converted/available/in_file)
P159|4290|22621|22621|(converted/available/in_file)
P937|4496|23575|23575|(converted/available/in_file)
P276|4590|24534|24534|(converted/available/in_file)
P530|5586|25530|25530|(converted/available/in_file)
P361|5829|26462|26462|(converted/available/in_file)
P176|5863|27444|27444|(converted/available/in_file)
P27|5960|28410|28410|(converted/available/in_file)
P108|5984|28793|28793|(converted/available/in_file)
P36|6218|29496|29496|(converted/available/in_file)
P1001|6277|30197|30197|(converted/available/in_file)
P264|6277|30626|30626|(converted/available/in_file)
P495|6333|31535|31535|(converted/available/in_file)
P131|6371|32416|32416|(converted/available/in_file)
P740|6431|33352|33352|(converted/available/in_file)
P127|6472|34039|34039|(converted/available/in_file)
