P30|639|975|975|(converted/available/in_file)
P279|1317|1939|1939|(converted/available/in_file)
P31|1800|2861|2861|(converted/available/in_file)
P39|2633|3753|3753|(converted/available/in_file)
P1303|3396|4702|4702|(converted/available/in_file)
P19|4183|5646|5646|(converted/available/in_file)
P101|4827|6342|6342|(converted/available/in_file)
P527|5682|7318|7318|(converted/available/in_file)
P1412|6527|8287|8287|(converted/available/in_file)
P449|7017|9168|9168|(converted/available/in_file)
P140|7427|9641|9641|(converted/available/in_file)
P103|8340|10618|10618|(converted/available/in_file)
P178|8844|11210|11210|(converted/available/in_file)
P20|9666|12163|12163|(converted/available/in_file)
P463|9882|12388|12388|(converted/available/in_file)
P138|10408|13033|13033|(converted/available/in_file)
P364|10875|13889|13889|(converted/available/in_file)
P47|11787|14811|14811|(converted/available/in_file)
P1376|12020|15045|15045|(converted/available/in_file)
P106|12813|16003|16003|(converted/available/in_file)
P37|13757|16969|16969|(converted/available/in_file)
P413|14516|17921|17921|(converted/available/in_file)
P17|15112|18851|18851|(converted/available/in_file)
P190|16107|19846|19846|(converted/available/in_file)
P136|16796|20777|20777|(converted/available/in_file)
P407|17474|21654|21654|(converted/available/in_file)
P159|18046|22621|22621|(converted/available/in_file)
P937|18927|23575|23575|(converted/available/in_file)
P276|19538|24534|24534|(converted/available/in_file)
P530|20534|25530|25530|(converted/available/in_file)
P361|21311|26462|26462|(converted/available/in_file)
P176|22056|27444|27444|(converted/available/in_file)
P27|22744|28410|28410|(converted/available/in_file)
P108|23092|28793|28793|(converted/available/in_file)
P36|23773|29496|29496|(converted/available/in_file)
P1001|24159|30197|30197|(converted/available/in_file)
P264|24529|30626|30626|(converted/available/in_file)
P495|25094|31535|31535|(converted/available/in_file)
P131|25483|32416|32416|(converted/available/in_file)
P740|26200|33352|33352|(converted/available/in_file)
P127|26713|34039|34039|(converted/available/in_file)
