P30|393|975|975|(converted/available/in_file)
P279|1144|1939|1939|(converted/available/in_file)
P31|1618|2861|2861|(converted/available/in_file)
P39|2074|3753|3753|(converted/available/in_file)
P1303|2680|4702|4702|(converted/available/in_file)
P19|3181|5646|5646|(converted/available/in_file)
P101|3780|6342|6342|(converted/available/in_file)
P527|4695|7318|7318|(converted/available/in_file)
P1412|5366|8287|8287|(converted/available/in_file)
P449|5737|9168|9168|(converted/available/in_file)
P140|6129|9641|9641|(converted/available/in_file)
P103|6887|10618|10618|(converted/available/in_file)
P178|7379|11210|11210|(converted/available/in_file)
P20|8009|12163|12163|(converted/available/in_file)
P463|8216|12388|12388|(converted/available/in_file)
P138|8786|13033|13033|(converted/available/in_file)
P364|9152|13889|13889|(converted/available/in_file)
P47|10030|14811|14811|(converted/available/in_file)
P1376|10263|15045|15045|(converted/available/in_file)
P106|10822|16003|16003|(converted/available/in_file)
P37|11715|16969|16969|(converted/available/in_file)
P413|12249|17921|17921|(converted/available/in_file)
P17|12780|18851|18851|(converted/available/in_file)
P190|13774|19846|19846|(converted/available/in_file)
P136|14337|20777|20777|(converted/available/in_file)
P407|14876|21654|21654|(converted/available/in_file)
P159|15515|22621|22621|(converted/available/in_file)
P937|16213|23575|23575|(converted/available/in_file)
P276|16913|24534|24534|(converted/available/in_file)
P530|17909|25530|25530|(converted/available/in_file)
P361|18708|26462|26462|(converted/available/in_file)
P176|19520|27444|27444|(converted/available/in_file)
P27|20054|28410|28410|(converted/available/in_file)
P108|20285|28793|28793|(converted/available/in_file)
P36|20942|29496|29496|(converted/available/in_file)
P1001|21466|30197|30197|(converted/available/in_file)
P264|21762|30626|30626|(converted/available/in_file)
P495|22223|31535|31535|(converted/available/in_file)
P131|22675|32416|32416|(converted/available/in_file)
P740|23142|33352|33352|(converted/available/in_file)
P127|23696|34039|34039|(converted/available/in_file)
