P30|144|975|975|(converted/available/in_file)
P279|250|1939|1939|(converted/available/in_file)
P31|273|2861|2861|(converted/available/in_file)
P39|401|3753|3753|(converted/available/in_file)
P1303|425|4702|4702|(converted/available/in_file)
P19|472|5646|5646|(converted/available/in_file)
P101|576|6342|6342|(converted/available/in_file)
P527|869|7318|7318|(converted/available/in_file)
P1412|947|8287|8287|(converted/available/in_file)
P449|956|9168|9168|(converted/available/in_file)
P140|1074|9641|9641|(converted/available/in_file)
P103|1161|10618|10618|(converted/available/in_file)
P178|1195|11210|11210|(converted/available/in_file)
P20|1243|12163|12163|(converted/available/in_file)
P463|1294|12388|12388|(converted/available/in_file)
P138|1355|13033|13033|(converted/available/in_file)
P364|1374|13889|13889|(converted/available/in_file)
P47|1847|14811|14811|(converted/available/in_file)
P1376|1971|15045|15045|(converted/available/in_file)
P106|2044|16003|16003|(converted/available/in_file)
P37|2421|16969|16969|(converted/available/in_file)
P413|2462|17921|17921|(converted/available/in_file)
P17|2501|18851|18851|(converted/available/in_file)
P190|3179|19846|19846|(converted/available/in_file)
P136|3189|20777|20777|(converted/available/in_file)
P407|3225|21654|21654|(converted/available/in_file)
P159|3247|22621|22621|(converted/available/in_file)
P937|3313|23575|23575|(converted/available/in_file)
P276|3362|24534|24534|(converted/available/in_file)
P530|4358|25530|25530|(converted/available/in_file)
P361|4551|26462|26462|(converted/available/in_file)
P176|4609|27444|27444|(converted/available/in_file)
P27|4671|28410|28410|(converted/available/in_file)
P108|4678|28793|28793|(converted/available/in_file)
P36|4813|29496|29496|(converted/available/in_file)
P1001|4841|30197|30197|(converted/available/in_file)
P264|4841|30626|30626|(converted/available/in_file)
P495|4935|31535|31535|(converted/available/in_file)
P131|4946|32416|32416|(converted/available/in_file)
P740|4963|33352|33352|(converted/available/in_file)
P127|4994|34039|34039|(converted/available/in_file)
