P30|249|975|975|(converted/available/in_file)
P279|375|1939|1939|(converted/available/in_file)
P31|454|2861|2861|(converted/available/in_file)
P39|636|3753|3753|(converted/available/in_file)
P1303|717|4702|4702|(converted/available/in_file)
P19|787|5646|5646|(converted/available/in_file)
P101|1009|6342|6342|(converted/available/in_file)
P527|1275|7318|7318|(converted/available/in_file)
P1412|1428|8287|8287|(converted/available/in_file)
P449|1447|9168|9168|(converted/available/in_file)
P140|1660|9641|9641|(converted/available/in_file)
P103|1841|10618|10618|(converted/available/in_file)
P178|1912|11210|11210|(converted/available/in_file)
P20|2059|12163|12163|(converted/available/in_file)
P463|2123|12388|12388|(converted/available/in_file)
P138|2304|13033|13033|(converted/available/in_file)
P364|2380|13889|13889|(converted/available/in_file)
P47|3036|14811|14811|(converted/available/in_file)
P1376|3256|15045|15045|(converted/available/in_file)
P106|3339|16003|16003|(converted/available/in_file)
P37|3981|16969|16969|(converted/available/in_file)
P413|4036|17921|17921|(converted/available/in_file)
P17|4177|18851|18851|(converted/available/in_file)
P190|5149|19846|19846|(converted/available/in_file)
P136|5223|20777|20777|(converted/available/in_file)
P407|5450|21654|21654|(converted/available/in_file)
P159|5536|22621|22621|(converted/available/in_file)
P937|5739|23575|23575|(converted/available/in_file)
P276|5907|24534|24534|(converted/available/in_file)
P530|6903|25530|25530|(converted/available/in_file)
P361|7230|26462|26462|(converted/available/in_file)
P176|7285|27444|27444|(converted/available/in_file)
P27|7376|28410|28410|(converted/available/in_file)
P108|7401|28793|28793|(converted/available/in_file)
P36|7820|29496|29496|(converted/available/in_file)
P1001|7977|30197|30197|(converted/available/in_file)
P264|8055|30626|30626|(converted/available/in_file)
P495|8127|31535|31535|(converted/available/in_file)
P131|8252|32416|32416|(converted/available/in_file)
P740|8322|33352|33352|(converted/available/in_file)
P127|8390|34039|34039|(converted/available/in_file)
