P30|171|975|975|(converted/available/in_file)
P279|305|1939|1939|(converted/available/in_file)
P31|344|2861|2861|(converted/available/in_file)
P39|360|3753|3753|(converted/available/in_file)
P1303|381|4702|4702|(converted/available/in_file)
P19|408|5646|5646|(converted/available/in_file)
P101|588|6342|6342|(converted/available/in_file)
P527|909|7318|7318|(converted/available/in_file)
P1412|994|8287|8287|(converted/available/in_file)
P449|1001|9168|9168|(converted/available/in_file)
P140|1174|9641|9641|(converted/available/in_file)
P103|1291|10618|10618|(converted/available/in_file)
P178|1356|11210|11210|(converted/available/in_file)
P20|1419|12163|12163|(converted/available/in_file)
P463|1467|12388|12388|(converted/available/in_file)
P138|1566|13033|13033|(converted/available/in_file)
P364|1596|13889|13889|(converted/available/in_file)
P47|2184|14811|14811|(converted/available/in_file)
P1376|2337|15045|15045|(converted/available/in_file)
P106|2362|16003|16003|(converted/available/in_file)
P37|2841|16969|16969|(converted/available/in_file)
P413|2911|17921|17921|(converted/available/in_file)
P17|3054|18851|18851|(converted/available/in_file)
P190|3933|19846|19846|(converted/available/in_file)
P136|3964|20777|20777|(converted/available/in_file)
P407|4049|21654|21654|(converted/available/in_file)
P159|4096|22621|22621|(converted/available/in_file)
P937|4205|23575|23575|(converted/available/in_file)
P276|4276|24534|24534|(converted/available/in_file)
P530|5244|25530|25530|(converted/available/in_file)
P361|5528|26462|26462|(converted/available/in_file)
P176|5587|27444|27444|(converted/available/in_file)
P27|5629|28410|28410|(converted/available/in_file)
P108|5641|28793|28793|(converted/available/in_file)
P36|5824|29496|29496|(converted/available/in_file)
P1001|5846|30197|30197|(converted/available/in_file)
P264|5846|30626|30626|(converted/available/in_file)
P495|5869|31535|31535|(converted/available/in_file)
P131|5900|32416|32416|(converted/available/in_file)
P740|5928|33352|33352|(converted/available/in_file)
P127|5968|34039|34039|(converted/available/in_file)
