P30|165|975|975|(converted/available/in_file)
P279|228|1939|1939|(converted/available/in_file)
P31|257|2861|2861|(converted/available/in_file)
P39|260|3753|3753|(converted/available/in_file)
P1303|275|4702|4702|(converted/available/in_file)
P19|289|5646|5646|(converted/available/in_file)
P101|377|6342|6342|(converted/available/in_file)
P527|536|7318|7318|(converted/available/in_file)
P1412|587|8287|8287|(converted/available/in_file)
P449|589|9168|9168|(converted/available/in_file)
P140|668|9641|9641|(converted/available/in_file)
P103|733|10618|10618|(converted/available/in_file)
P178|766|11210|11210|(converted/available/in_file)
P20|786|12163|12163|(converted/available/in_file)
P463|821|12388|12388|(converted/available/in_file)
P138|884|13033|13033|(converted/available/in_file)
P364|944|13889|13889|(converted/available/in_file)
P47|1562|14811|14811|(converted/available/in_file)
P1376|1769|15045|15045|(converted/available/in_file)
P106|1786|16003|16003|(converted/available/in_file)
P37|2212|16969|16969|(converted/available/in_file)
P413|2212|17921|17921|(converted/available/in_file)
P17|2297|18851|18851|(converted/available/in_file)
P190|3255|19846|19846|(converted/available/in_file)
P136|3260|20777|20777|(converted/available/in_file)
P407|3285|21654|21654|(converted/available/in_file)
P159|3305|22621|22621|(converted/available/in_file)
P937|3356|23575|23575|(converted/available/in_file)
P276|3397|24534|24534|(converted/available/in_file)
P530|4392|25530|25530|(converted/available/in_file)
P361|4540|26462|26462|(converted/available/in_file)
P176|4548|27444|27444|(converted/available/in_file)
P27|4584|28410|28410|(converted/available/in_file)
P108|4595|28793|28793|(converted/available/in_file)
P36|4852|29496|29496|(converted/available/in_file)
P1001|4866|30197|30197|(converted/available/in_file)
P264|4866|30626|30626|(converted/available/in_file)
P495|4904|31535|31535|(converted/available/in_file)
P131|4991|32416|32416|(converted/available/in_file)
P740|5009|33352|33352|(converted/available/in_file)
P127|5030|34039|34039|(converted/available/in_file)
