P30|271|975|975|(converted/available/in_file)
P279|775|1939|1939|(converted/available/in_file)
P31|961|2861|2861|(converted/available/in_file)
P39|1221|3753|3753|(converted/available/in_file)
P1303|1478|4702|4702|(converted/available/in_file)
P19|1677|5646|5646|(converted/available/in_file)
P101|2046|6342|6342|(converted/available/in_file)
P527|2767|7318|7318|(converted/available/in_file)
P1412|3113|8287|8287|(converted/available/in_file)
P449|3267|9168|9168|(converted/available/in_file)
P140|3534|9641|9641|(converted/available/in_file)
P103|3988|10618|10618|(converted/available/in_file)
P178|4419|11210|11210|(converted/available/in_file)
P20|4672|12163|12163|(converted/available/in_file)
P463|4801|12388|12388|(converted/available/in_file)
P138|5158|13033|13033|(converted/available/in_file)
P364|5387|13889|13889|(converted/available/in_file)
P47|6159|14811|14811|(converted/available/in_file)
P1376|6391|15045|15045|(converted/available/in_file)
P106|6704|16003|16003|(converted/available/in_file)
P37|7510|16969|16969|(converted/available/in_file)
P413|7747|17921|17921|(converted/available/in_file)
P17|8008|18851|18851|(converted/available/in_file)
P190|8998|19846|19846|(converted/available/in_file)
P136|9211|20777|20777|(converted/available/in_file)
P407|9538|21654|21654|(converted/available/in_file)
P159|9829|22621|22621|(converted/available/in_file)
P937|10176|23575|23575|(converted/available/in_file)
P276|10519|24534|24534|(converted/available/in_file)
P530|11515|25530|25530|(converted/available/in_file)
P361|12146|26462|26462|(converted/available/in_file)
P176|12515|27444|27444|(converted/available/in_file)
P27|12747|28410|28410|(converted/available/in_file)
P108|12831|28793|28793|(converted/available/in_file)
P36|13381|29496|29496|(converted/available/in_file)
P1001|13632|30197|30197|(converted/available/in_file)
P264|13779|30626|30626|(converted/available/in_file)
P495|14045|31535|31535|(converted/available/in_file)
P131|14274|32416|32416|(converted/available/in_file)
P740|14488|33352|33352|(converted/available/in_file)
P127|14860|34039|34039|(converted/available/in_file)
