P30|163|975|975|(converted/available/in_file)
P279|228|1939|1939|(converted/available/in_file)
P31|252|2861|2861|(converted/available/in_file)
P39|260|3753|3753|(converted/available/in_file)
P1303|272|4702|4702|(converted/available/in_file)
P19|287|5646|5646|(converted/available/in_file)
P101|392|6342|6342|(converted/available/in_file)
P527|583|7318|7318|(converted/available/in_file)
P1412|614|8287|8287|(converted/available/in_file)
P449|616|9168|9168|(converted/available/in_file)
P140|684|9641|9641|(converted/available/in_file)
P103|752|10618|10618|(converted/available/in_file)
P178|791|11210|11210|(converted/available/in_file)
P20|818|12163|12163|(converted/available/in_file)
P463|852|12388|12388|(converted/available/in_file)
P138|898|13033|13033|(converted/available/in_file)
P364|918|13889|13889|(converted/available/in_file)
P47|1269|14811|14811|(converted/available/in_file)
P1376|1410|15045|15045|(converted/available/in_file)
P106|1419|16003|16003|(converted/available/in_file)
P37|1789|16969|16969|(converted/available/in_file)
P413|1789|17921|17921|(converted/available/in_file)
P17|1847|18851|18851|(converted/available/in_file)
P190|2710|19846|19846|(converted/available/in_file)
P136|2732|20777|20777|(converted/available/in_file)
P407|2770|21654|21654|(converted/available/in_file)
P159|2784|22621|22621|(converted/available/in_file)
P937|2855|23575|23575|(converted/available/in_file)
P276|2903|24534|24534|(converted/available/in_file)
P530|3870|25530|25530|(converted/available/in_file)
P361|4044|26462|26462|(converted/available/in_file)
P176|4050|27444|27444|(converted/available/in_file)
P27|4061|28410|28410|(converted/available/in_file)
P108|4068|28793|28793|(converted/available/in_file)
P36|4180|29496|29496|(converted/available/in_file)
P1001|4183|30197|30197|(converted/available/in_file)
P264|4183|30626|30626|(converted/available/in_file)
P495|4197|31535|31535|(converted/available/in_file)
P131|4209|32416|32416|(converted/available/in_file)
P740|4220|33352|33352|(converted/available/in_file)
P127|4231|34039|34039|(converted/available/in_file)
