P30|204|975|975|(converted/available/in_file)
P279|338|1939|1939|(converted/available/in_file)
P31|417|2861|2861|(converted/available/in_file)
P39|884|3753|3753|(converted/available/in_file)
P1303|954|4702|4702|(converted/available/in_file)
P19|1038|5646|5646|(converted/available/in_file)
P101|1277|6342|6342|(converted/available/in_file)
P527|1538|7318|7318|(converted/available/in_file)
P1412|1773|8287|8287|(converted/available/in_file)
P449|1780|9168|9168|(converted/available/in_file)
P140|1931|9641|9641|(converted/available/in_file)
P103|2189|10618|10618|(converted/available/in_file)
P178|2229|11210|11210|(converted/available/in_file)
P20|2434|12163|12163|(converted/available/in_file)
P463|2481|12388|12388|(converted/available/in_file)
P138|2644|13033|13033|(converted/available/in_file)
P364|2701|13889|13889|(converted/available/in_file)
P47|3450|14811|14811|(converted/available/in_file)
P1376|3664|15045|15045|(converted/available/in_file)
P106|3779|16003|16003|(converted/available/in_file)
P37|4429|16969|16969|(converted/available/in_file)
P413|4430|17921|17921|(converted/available/in_file)
P17|4561|18851|18851|(converted/available/in_file)
P190|5522|19846|19846|(converted/available/in_file)
P136|5605|20777|20777|(converted/available/in_file)
P407|5679|21654|21654|(converted/available/in_file)
P159|5728|22621|22621|(converted/available/in_file)
P937|6072|23575|23575|(converted/available/in_file)
P276|6174|24534|24534|(converted/available/in_file)
P530|7170|25530|25530|(converted/available/in_file)
P361|7489|26462|26462|(converted/available/in_file)
P176|7510|27444|27444|(converted/available/in_file)
P27|7645|28410|28410|(converted/available/in_file)
P108|7669|28793|28793|(converted/available/in_file)
P36|8011|29496|29496|(converted/available/in_file)
P1001|8058|30197|30197|(converted/available/in_file)
P264|8063|30626|30626|(converted/available/in_file)
P495|8121|31535|31535|(converted/available/in_file)
P131|8208|32416|32416|(converted/available/in_file)
P740|8237|33352|33352|(converted/available/in_file)
P127|8266|34039|34039|(converted/available/in_file)
