P30|155|975|975|(converted/available/in_file)
P279|230|1939|1939|(converted/available/in_file)
P31|257|2861|2861|(converted/available/in_file)
P39|320|3753|3753|(converted/available/in_file)
P1303|416|4702|4702|(converted/available/in_file)
P19|517|5646|5646|(converted/available/in_file)
P101|682|6342|6342|(converted/available/in_file)
P527|833|7318|7318|(converted/available/in_file)
P1412|1059|8287|8287|(converted/available/in_file)
P449|1063|9168|9168|(converted/available/in_file)
P140|1120|9641|9641|(converted/available/in_file)
P103|1571|10618|10618|(converted/available/in_file)
P178|1578|11210|11210|(converted/available/in_file)
P20|1714|12163|12163|(converted/available/in_file)
P463|1751|12388|12388|(converted/available/in_file)
P138|1870|13033|13033|(converted/available/in_file)
P364|1901|13889|13889|(converted/available/in_file)
P47|2533|14811|14811|(converted/available/in_file)
P1376|2706|15045|15045|(converted/available/in_file)
P106|2861|16003|16003|(converted/available/in_file)
P37|3286|16969|16969|(converted/available/in_file)
P413|3312|17921|17921|(converted/available/in_file)
P17|3396|18851|18851|(converted/available/in_file)
P190|4251|19846|19846|(converted/available/in_file)
P136|4333|20777|20777|(converted/available/in_file)
P407|4394|21654|21654|(converted/available/in_file)
P159|4441|22621|22621|(converted/available/in_file)
P937|4714|23575|23575|(converted/available/in_file)
P276|4782|24534|24534|(converted/available/in_file)
P530|5740|25530|25530|(converted/available/in_file)
P361|5886|26462|26462|(converted/available/in_file)
P176|5903|27444|27444|(converted/available/in_file)
P27|6017|28410|28410|(converted/available/in_file)
P108|6043|28793|28793|(converted/available/in_file)
P36|6254|29496|29496|(converted/available/in_file)
P1001|6294|30197|30197|(converted/available/in_file)
P264|6341|30626|30626|(converted/available/in_file)
P495|6378|31535|31535|(converted/available/in_file)
P131|6419|32416|32416|(converted/available/in_file)
P740|6455|33352|33352|(converted/available/in_file)
P127|6473|34039|34039|(converted/available/in_file)
