P30|130|975|975|(converted/available/in_file)
P279|166|1939|1939|(converted/available/in_file)
P31|176|2861|2861|(converted/available/in_file)
P39|194|3753|3753|(converted/available/in_file)
P1303|208|4702|4702|(converted/available/in_file)
P19|218|5646|5646|(converted/available/in_file)
P101|249|6342|6342|(converted/available/in_file)
P527|312|7318|7318|(converted/available/in_file)
P1412|357|8287|8287|(converted/available/in_file)
P449|357|9168|9168|(converted/available/in_file)
P140|387|9641|9641|(converted/available/in_file)
P103|437|10618|10618|(converted/available/in_file)
P178|473|11210|11210|(converted/available/in_file)
P20|491|12163|12163|(converted/available/in_file)
P463|526|12388|12388|(converted/available/in_file)
P138|568|13033|13033|(converted/available/in_file)
P364|574|13889|13889|(converted/available/in_file)
P47|1092|14811|14811|(converted/available/in_file)
P1376|1255|15045|15045|(converted/available/in_file)
P106|1270|16003|16003|(converted/available/in_file)
P37|1741|16969|16969|(converted/available/in_file)
P413|1741|17921|17921|(converted/available/in_file)
P17|1820|18851|18851|(converted/available/in_file)
P190|2605|19846|19846|(converted/available/in_file)
P136|2608|20777|20777|(converted/available/in_file)
P407|2637|21654|21654|(converted/available/in_file)
P159|2645|22621|22621|(converted/available/in_file)
P937|2723|23575|23575|(converted/available/in_file)
P276|2750|24534|24534|(converted/available/in_file)
P530|3716|25530|25530|(converted/available/in_file)
P361|3788|26462|26462|(converted/available/in_file)
P176|3817|27444|27444|(converted/available/in_file)
P27|3843|28410|28410|(converted/available/in_file)
P108|3850|28793|28793|(converted/available/in_file)
P36|4014|29496|29496|(converted/available/in_file)
P1001|4070|30197|30197|(converted/available/in_file)
P264|4070|30626|30626|(converted/available/in_file)
P495|4083|31535|31535|(converted/available/in_file)
P131|4095|32416|32416|(converted/available/in_file)
P740|4109|33352|33352|(converted/available/in_file)
P127|4159|34039|34039|(converted/available/in_file)
