P30|266|975|975|(converted/available/in_file)
P279|484|1939|1939|(converted/available/in_file)
P31|598|2861|2861|(converted/available/in_file)
P39|753|3753|3753|(converted/available/in_file)
P1303|837|4702|4702|(converted/available/in_file)
P19|938|5646|5646|(converted/available/in_file)
P101|1129|6342|6342|(converted/available/in_file)
P527|1492|7318|7318|(converted/available/in_file)
P1412|1723|8287|8287|(converted/available/in_file)
P449|1754|9168|9168|(converted/available/in_file)
P140|1942|9641|9641|(converted/available/in_file)
P103|2253|10618|10618|(converted/available/in_file)
P178|2359|11210|11210|(converted/available/in_file)
P20|2515|12163|12163|(converted/available/in_file)
P463|2607|12388|12388|(converted/available/in_file)
P138|2828|13033|13033|(converted/available/in_file)
P364|2894|13889|13889|(converted/available/in_file)
P47|3683|14811|14811|(converted/available/in_file)
P1376|3905|15045|15045|(converted/available/in_file)
P106|3999|16003|16003|(converted/available/in_file)
P37|4739|16969|16969|(converted/available/in_file)
P413|4809|17921|17921|(converted/available/in_file)
P17|5024|18851|18851|(converted/available/in_file)
P190|6003|19846|19846|(converted/available/in_file)
P136|6095|20777|20777|(converted/available/in_file)
P407|6237|21654|21654|(converted/available/in_file)
P159|6370|22621|22621|(converted/available/in_file)
P937|6644|23575|23575|(converted/available/in_file)
P276|6814|24534|24534|(converted/available/in_file)
P530|7810|25530|25530|(converted/available/in_file)
P361|8248|26462|26462|(converted/available/in_file)
P176|8439|27444|27444|(converted/available/in_file)
P27|8565|28410|28410|(converted/available/in_file)
P108|8597|28793|28793|(converted/available/in_file)
P36|8978|29496|29496|(converted/available/in_file)
P1001|9077|30197|30197|(converted/available/in_file)
P264|9102|30626|30626|(converted/available/in_file)
P495|9193|31535|31535|(converted/available/in_file)
P131|9333|32416|32416|(converted/available/in_file)
P740|9456|33352|33352|(converted/available/in_file)
P127|9558|34039|34039|(converted/available/in_file)
