P30|343|975|975|(converted/available/in_file)
P279|524|1939|1939|(converted/available/in_file)
P31|571|2861|2861|(converted/available/in_file)
P39|709|3753|3753|(converted/available/in_file)
P1303|796|4702|4702|(converted/available/in_file)
P19|871|5646|5646|(converted/available/in_file)
P101|1069|6342|6342|(converted/available/in_file)
P527|1495|7318|7318|(converted/available/in_file)
P1412|1661|8287|8287|(converted/available/in_file)
P449|1695|9168|9168|(converted/available/in_file)
P140|1852|9641|9641|(converted/available/in_file)
P103|2061|10618|10618|(converted/available/in_file)
P178|2134|11210|11210|(converted/available/in_file)
P20|2251|12163|12163|(converted/available/in_file)
P463|2344|12388|12388|(converted/available/in_file)
P138|2538|13033|13033|(converted/available/in_file)
P364|2590|13889|13889|(converted/available/in_file)
P47|3292|14811|14811|(converted/available/in_file)
P1376|3517|15045|15045|(converted/available/in_file)
P106|3628|16003|16003|(converted/available/in_file)
P37|4301|16969|16969|(converted/available/in_file)
P413|4415|17921|17921|(converted/available/in_file)
P17|4566|18851|18851|(converted/available/in_file)
P190|5547|19846|19846|(converted/available/in_file)
P136|5627|20777|20777|(converted/available/in_file)
P407|5776|21654|21654|(converted/available/in_file)
P159|5859|22621|22621|(converted/available/in_file)
P937|6082|23575|23575|(converted/available/in_file)
P276|6224|24534|24534|(converted/available/in_file)
P530|7220|25530|25530|(converted/available/in_file)
P361|7583|26462|26462|(converted/available/in_file)
P176|7635|27444|27444|(converted/available/in_file)
P27|7747|28410|28410|(converted/available/in_file)
P108|7785|28793|28793|(converted/available/in_file)
P36|8148|29496|29496|(converted/available/in_file)
P1001|8261|30197|30197|(converted/available/in_file)
P264|8287|30626|30626|(converted/available/in_file)
P495|8340|31535|31535|(converted/available/in_file)
P131|8446|32416|32416|(converted/available/in_file)
P740|8520|33352|33352|(converted/available/in_file)
P127|8598|34039|34039|(converted/available/in_file)
