P30|117|975|975|(converted/available/in_file)
P279|135|1939|1939|(converted/available/in_file)
P31|143|2861|2861|(converted/available/in_file)
P39|183|3753|3753|(converted/available/in_file)
P1303|196|4702|4702|(converted/available/in_file)
P19|246|5646|5646|(converted/available/in_file)
P101|388|6342|6342|(converted/available/in_file)
P527|452|7318|7318|(converted/available/in_file)
P1412|620|8287|8287|(converted/available/in_file)
P449|620|9168|9168|(converted/available/in_file)
P140|730|9641|9641|(converted/available/in_file)
P103|951|10618|10618|(converted/available/in_file)
P178|952|11210|11210|(converted/available/in_file)
P20|1043|12163|12163|(converted/available/in_file)
P463|1077|12388|12388|(converted/available/in_file)
P138|1101|13033|13033|(converted/available/in_file)
P364|1107|13889|13889|(converted/available/in_file)
P47|1585|14811|14811|(converted/available/in_file)
P1376|1735|15045|15045|(converted/available/in_file)
P106|1824|16003|16003|(converted/available/in_file)
P37|2126|16969|16969|(converted/available/in_file)
P413|2126|17921|17921|(converted/available/in_file)
P17|2213|18851|18851|(converted/available/in_file)
P190|2743|19846|19846|(converted/available/in_file)
P136|2743|20777|20777|(converted/available/in_file)
P407|2770|21654|21654|(converted/available/in_file)
P159|2774|22621|22621|(converted/available/in_file)
P937|2908|23575|23575|(converted/available/in_file)
P276|2923|24534|24534|(converted/available/in_file)
P530|3870|25530|25530|(converted/available/in_file)
P361|3966|26462|26462|(converted/available/in_file)
P176|3969|27444|27444|(converted/available/in_file)
P27|4069|28410|28410|(converted/available/in_file)
P108|4095|28793|28793|(converted/available/in_file)
P36|4215|29496|29496|(converted/available/in_file)
P1001|4218|30197|30197|(converted/available/in_file)
P264|4224|30626|30626|(converted/available/in_file)
P495|4237|31535|31535|(converted/available/in_file)
P131|4255|32416|32416|(converted/available/in_file)
P740|4264|33352|33352|(converted/available/in_file)
P127|4270|34039|34039|(converted/available/in_file)
