P30|91|975|975|(converted/available/in_file)
P279|95|1939|1939|(converted/available/in_file)
P31|102|2861|2861|(converted/available/in_file)
P39|106|3753|3753|(converted/available/in_file)
P1303|106|4702|4702|(converted/available/in_file)
P19|132|5646|5646|(converted/available/in_file)
P101|159|6342|6342|(converted/available/in_file)
P527|181|7318|7318|(converted/available/in_file)
P1412|228|8287|8287|(converted/available/in_file)
P449|229|9168|9168|(converted/available/in_file)
P140|276|9641|9641|(converted/available/in_file)
P103|315|10618|10618|(converted/available/in_file)
P178|315|11210|11210|(converted/available/in_file)
P20|338|12163|12163|(converted/available/in_file)
P463|338|12388|12388|(converted/available/in_file)
P138|344|13033|13033|(converted/available/in_file)
P364|346|13889|13889|(converted/available/in_file)
P47|617|14811|14811|(converted/available/in_file)
P1376|649|15045|15045|(converted/available/in_file)
P106|739|16003|16003|(converted/available/in_file)
P37|887|16969|16969|(converted/available/in_file)
P413|887|17921|17921|(converted/available/in_file)
P17|948|18851|18851|(converted/available/in_file)
P190|1051|19846|19846|(converted/available/in_file)
P136|1063|20777|20777|(converted/available/in_file)
P407|1082|21654|21654|(converted/available/in_file)
P159|1086|22621|22621|(converted/available/in_file)
P937|1120|23575|23575|(converted/available/in_file)
P276|1127|24534|24534|(converted/available/in_file)
P530|1900|25530|25530|(converted/available/in_file)
P361|1929|26462|26462|(converted/available/in_file)
P176|1930|27444|27444|(converted/available/in_file)
P27|2002|28410|28410|(converted/available/in_file)
P108|2003|28793|28793|(converted/available/in_file)
P36|2028|29496|29496|(converted/available/in_file)
P1001|2032|30197|30197|(converted/available/in_file)
P264|2032|30626|30626|(converted/available/in_file)
P495|2050|31535|31535|(converted/available/in_file)
P131|2055|32416|32416|(converted/available/in_file)
P740|2058|33352|33352|(converted/available/in_file)
P127|2063|34039|34039|(converted/available/in_file)
