P30|242|975|975|(converted/available/in_file)
P279|500|1939|1939|(converted/available/in_file)
P31|563|2861|2861|(converted/available/in_file)
P39|730|3753|3753|(converted/available/in_file)
P1303|783|4702|4702|(converted/available/in_file)
P19|829|5646|5646|(converted/available/in_file)
P101|1046|6342|6342|(converted/available/in_file)
P527|1443|7318|7318|(converted/available/in_file)
P1412|1556|8287|8287|(converted/available/in_file)
P449|1565|9168|9168|(converted/available/in_file)
P140|1692|9641|9641|(converted/available/in_file)
P103|1839|10618|10618|(converted/available/in_file)
P178|1879|11210|11210|(converted/available/in_file)
P20|1977|12163|12163|(converted/available/in_file)
P463|2044|12388|12388|(converted/available/in_file)
P138|2219|13033|13033|(converted/available/in_file)
P364|2288|13889|13889|(converted/available/in_file)
P47|2964|14811|14811|(converted/available/in_file)
P1376|3172|15045|15045|(converted/available/in_file)
P106|3230|16003|16003|(converted/available/in_file)
P37|3862|16969|16969|(converted/available/in_file)
P413|3916|17921|17921|(converted/available/in_file)
P17|4020|18851|18851|(converted/available/in_file)
P190|4966|19846|19846|(converted/available/in_file)
P136|5022|20777|20777|(converted/available/in_file)
P407|5121|21654|21654|(converted/available/in_file)
P159|5185|22621|22621|(converted/available/in_file)
P937|5341|23575|23575|(converted/available/in_file)
P276|5509|24534|24534|(converted/available/in_file)
P530|6505|25530|25530|(converted/available/in_file)
P361|6977|26462|26462|(converted/available/in_file)
P176|7009|27444|27444|(converted/available/in_file)
P27|7072|28410|28410|(converted/available/in_file)
P108|7093|28793|28793|(converted/available/in_file)
P36|7445|29496|29496|(converted/available/in_file)
P1001|7588|30197|30197|(converted/available/in_file)
P264|7588|30626|30626|(converted/available/in_file)
P495|7633|31535|31535|(converted/available/in_file)
P131|7710|32416|32416|(converted/available/in_file)
P740|7758|33352|33352|(converted/available/in_file)
P127|7819|34039|34039|(converted/available/in_file)
