P30|196|975|975|(converted/available/in_file)
P279|321|1939|1939|(converted/available/in_file)
P31|367|2861|2861|(converted/available/in_file)
P39|399|3753|3753|(converted/available/in_file)
P1303|430|4702|4702|(converted/available/in_file)
P19|462|5646|5646|(converted/available/in_file)
P101|622|6342|6342|(converted/available/in_file)
P527|897|7318|7318|(converted/available/in_file)
P1412|1009|8287|8287|(converted/available/in_file)
P449|1010|9168|9168|(converted/available/in_file)
P140|1242|9641|9641|(converted/available/in_file)
P103|1393|10618|10618|(converted/available/in_file)
P178|1521|11210|11210|(converted/available/in_file)
P20|1594|12163|12163|(converted/available/in_file)
P463|1636|12388|12388|(converted/available/in_file)
P138|1722|13033|13033|(converted/available/in_file)
P364|1804|13889|13889|(converted/available/in_file)
P47|2321|14811|14811|(converted/available/in_file)
P1376|2498|15045|15045|(converted/available/in_file)
P106|2551|16003|16003|(converted/available/in_file)
P37|2961|16969|16969|(converted/available/in_file)
P413|2961|17921|17921|(converted/available/in_file)
P17|3026|18851|18851|(converted/available/in_file)
P190|3857|19846|19846|(converted/available/in_file)
P136|3875|20777|20777|(converted/available/in_file)
P407|3937|21654|21654|(converted/available/in_file)
P159|3980|22621|22621|(converted/available/in_file)
P937|4088|23575|23575|(converted/available/in_file)
P276|4189|24534|24534|(converted/available/in_file)
P530|5156|25530|25530|(converted/available/in_file)
P361|5404|26462|26462|(converted/available/in_file)
P176|5436|27444|27444|(converted/available/in_file)
P27|5515|28410|28410|(converted/available/in_file)
P108|5545|28793|28793|(converted/available/in_file)
P36|5738|29496|29496|(converted/available/in_file)
P1001|5766|30197|30197|(converted/available/in_file)
P264|5766|30626|30626|(converted/available/in_file)
P495|5811|31535|31535|(converted/available/in_file)
P131|5861|32416|32416|(converted/available/in_file)
P740|5877|33352|33352|(converted/available/in_file)
P127|5931|34039|34039|(converted/available/in_file)
