P30|197|975|975|(converted/available/in_file)
P279|250|1939|1939|(converted/available/in_file)
P31|277|2861|2861|(converted/available/in_file)
P39|365|3753|3753|(converted/available/in_file)
P1303|378|4702|4702|(converted/available/in_file)
P19|398|5646|5646|(converted/available/in_file)
P101|504|6342|6342|(converted/available/in_file)
P527|649|7318|7318|(converted/available/in_file)
P1412|713|8287|8287|(converted/available/in_file)
P449|713|9168|9168|(converted/available/in_file)
P140|850|9641|9641|(converted/available/in_file)
P103|939|10618|10618|(converted/available/in_file)
P178|1046|11210|11210|(converted/available/in_file)
P20|1105|12163|12163|(converted/available/in_file)
P463|1151|12388|12388|(converted/available/in_file)
P138|1306|13033|13033|(converted/available/in_file)
P364|1339|13889|13889|(converted/available/in_file)
P47|1990|14811|14811|(converted/available/in_file)
P1376|2203|15045|15045|(converted/available/in_file)
P106|2237|16003|16003|(converted/available/in_file)
P37|2805|16969|16969|(converted/available/in_file)
P413|2845|17921|17921|(converted/available/in_file)
P17|2947|18851|18851|(converted/available/in_file)
P190|3911|19846|19846|(converted/available/in_file)
P136|3918|20777|20777|(converted/available/in_file)
P407|3947|21654|21654|(converted/available/in_file)
P159|3982|22621|22621|(converted/available/in_file)
P937|4091|23575|23575|(converted/available/in_file)
P276|4166|24534|24534|(converted/available/in_file)
P530|5162|25530|25530|(converted/available/in_file)
P361|5303|26462|26462|(converted/available/in_file)
P176|5353|27444|27444|(converted/available/in_file)
P27|5422|28410|28410|(converted/available/in_file)
P108|5440|28793|28793|(converted/available/in_file)
P36|5747|29496|29496|(converted/available/in_file)
P1001|5798|30197|30197|(converted/available/in_file)
P264|5798|30626|30626|(converted/available/in_file)
P495|5829|31535|31535|(converted/available/in_file)
P131|5932|32416|32416|(converted/available/in_file)
P740|5946|33352|33352|(converted/available/in_file)
P127|5998|34039|34039|(converted/available/in_file)
