P30|206|975|975|(converted/available/in_file)
P279|445|1939|1939|(converted/available/in_file)
P31|556|2861|2861|(converted/available/in_file)
P39|599|3753|3753|(converted/available/in_file)
P1303|669|4702|4702|(converted/available/in_file)
P19|760|5646|5646|(converted/available/in_file)
P101|945|6342|6342|(converted/available/in_file)
P527|1383|7318|7318|(converted/available/in_file)
P1412|1531|8287|8287|(converted/available/in_file)
P449|1591|9168|9168|(converted/available/in_file)
P140|1800|9641|9641|(converted/available/in_file)
P103|2018|10618|10618|(converted/available/in_file)
P178|2169|11210|11210|(converted/available/in_file)
P20|2271|12163|12163|(converted/available/in_file)
P463|2352|12388|12388|(converted/available/in_file)
P138|2645|13033|13033|(converted/available/in_file)
P364|2760|13889|13889|(converted/available/in_file)
P47|3526|14811|14811|(converted/available/in_file)
P1376|3748|15045|15045|(converted/available/in_file)
P106|3893|16003|16003|(converted/available/in_file)
P37|4571|16969|16969|(converted/available/in_file)
P413|4680|17921|17921|(converted/available/in_file)
P17|4957|18851|18851|(converted/available/in_file)
P190|5928|19846|19846|(converted/available/in_file)
P136|6002|20777|20777|(converted/available/in_file)
P407|6155|21654|21654|(converted/available/in_file)
P159|6278|22621|22621|(converted/available/in_file)
P937|6457|23575|23575|(converted/available/in_file)
P276|6631|24534|24534|(converted/available/in_file)
P530|7627|25530|25530|(converted/available/in_file)
P361|8033|26462|26462|(converted/available/in_file)
P176|8151|27444|27444|(converted/available/in_file)
P27|8290|28410|28410|(converted/available/in_file)
P108|8339|28793|28793|(converted/available/in_file)
P36|8703|29496|29496|(converted/available/in_file)
P1001|8868|30197|30197|(converted/available/in_file)
P264|8897|30626|30626|(converted/available/in_file)
P495|9036|31535|31535|(converted/available/in_file)
P131|9165|32416|32416|(converted/available/in_file)
P740|9267|33352|33352|(converted/available/in_file)
P127|9434|34039|34039|(converted/available/in_file)
