P30|129|975|975|(converted/available/in_file)
P279|156|1939|1939|(converted/available/in_file)
P31|164|2861|2861|(converted/available/in_file)
P39|166|3753|3753|(converted/available/in_file)
P1303|177|4702|4702|(converted/available/in_file)
P19|185|5646|5646|(converted/available/in_file)
P101|246|6342|6342|(converted/available/in_file)
P527|366|7318|7318|(converted/available/in_file)
P1412|387|8287|8287|(converted/available/in_file)
P449|389|9168|9168|(converted/available/in_file)
P140|434|9641|9641|(converted/available/in_file)
P103|470|10618|10618|(converted/available/in_file)
P178|512|11210|11210|(converted/available/in_file)
P20|525|12163|12163|(converted/available/in_file)
P463|564|12388|12388|(converted/available/in_file)
P138|614|13033|13033|(converted/available/in_file)
P364|619|13889|13889|(converted/available/in_file)
P47|1051|14811|14811|(converted/available/in_file)
P1376|1144|15045|15045|(converted/available/in_file)
P106|1148|16003|16003|(converted/available/in_file)
P37|1409|16969|16969|(converted/available/in_file)
P413|1409|17921|17921|(converted/available/in_file)
P17|1422|18851|18851|(converted/available/in_file)
P190|1978|19846|19846|(converted/available/in_file)
P136|1986|20777|20777|(converted/available/in_file)
P407|1997|21654|21654|(converted/available/in_file)
P159|2010|22621|22621|(converted/available/in_file)
P937|2064|23575|23575|(converted/available/in_file)
P276|2105|24534|24534|(converted/available/in_file)
P530|3070|25530|25530|(converted/available/in_file)
P361|3195|26462|26462|(converted/available/in_file)
P176|3207|27444|27444|(converted/available/in_file)
P27|3222|28410|28410|(converted/available/in_file)
P108|3231|28793|28793|(converted/available/in_file)
P36|3316|29496|29496|(converted/available/in_file)
P1001|3321|30197|30197|(converted/available/in_file)
P264|3321|30626|30626|(converted/available/in_file)
P495|3332|31535|31535|(converted/available/in_file)
P131|3341|32416|32416|(converted/available/in_file)
P740|3349|33352|33352|(converted/available/in_file)
P127|3373|34039|34039|(converted/available/in_file)
