P30|154|975|975|(converted/available/in_file)
P279|184|1939|1939|(converted/available/in_file)
P31|206|2861|2861|(converted/available/in_file)
P39|289|3753|3753|(converted/available/in_file)
P1303|331|4702|4702|(converted/available/in_file)
P19|404|5646|5646|(converted/available/in_file)
P101|560|6342|6342|(converted/available/in_file)
P527|619|7318|7318|(converted/available/in_file)
P1412|767|8287|8287|(converted/available/in_file)
P449|768|9168|9168|(converted/available/in_file)
P140|811|9641|9641|(converted/available/in_file)
P103|1064|10618|10618|(converted/available/in_file)
P178|1081|11210|11210|(converted/available/in_file)
P20|1203|12163|12163|(converted/available/in_file)
P463|1237|12388|12388|(converted/available/in_file)
P138|1285|13033|13033|(converted/available/in_file)
P364|1299|13889|13889|(converted/available/in_file)
P47|1791|14811|14811|(converted/available/in_file)
P1376|1886|15045|15045|(converted/available/in_file)
P106|1993|16003|16003|(converted/available/in_file)
P37|2346|16969|16969|(converted/available/in_file)
P413|2347|17921|17921|(converted/available/in_file)
P17|2412|18851|18851|(converted/available/in_file)
P190|2866|19846|19846|(converted/available/in_file)
P136|2941|20777|20777|(converted/available/in_file)
P407|3011|21654|21654|(converted/available/in_file)
P159|3032|22621|22621|(converted/available/in_file)
P937|3328|23575|23575|(converted/available/in_file)
P276|3349|24534|24534|(converted/available/in_file)
P530|4313|25530|25530|(converted/available/in_file)
P361|4399|26462|26462|(converted/available/in_file)
P176|4405|27444|27444|(converted/available/in_file)
P27|4500|28410|28410|(converted/available/in_file)
P108|4508|28793|28793|(converted/available/in_file)
P36|4631|29496|29496|(converted/available/in_file)
P1001|4654|30197|30197|(converted/available/in_file)
P264|4654|30626|30626|(converted/available/in_file)
P495|4676|31535|31535|(converted/available/in_file)
P131|4708|32416|32416|(converted/available/in_file)
P740|4723|33352|33352|(converted/available/in_file)
P127|4757|34039|34039|(converted/available/in_file)
