P30|153|975|975|(converted/available/in_file)
P279|191|1939|1939|(converted/available/in_file)
P31|203|2861|2861|(converted/available/in_file)
P39|204|3753|3753|(converted/available/in_file)
P1303|209|4702|4702|(converted/available/in_file)
P19|215|5646|5646|(converted/available/in_file)
P101|258|6342|6342|(converted/available/in_file)
P527|339|7318|7318|(converted/available/in_file)
P1412|367|8287|8287|(converted/available/in_file)
P449|368|9168|9168|(converted/available/in_file)
P140|427|9641|9641|(converted/available/in_file)
P103|476|10618|10618|(converted/available/in_file)
P178|506|11210|11210|(converted/available/in_file)
P20|518|12163|12163|(converted/available/in_file)
P463|561|12388|12388|(converted/available/in_file)
P138|598|13033|13033|(converted/available/in_file)
P364|614|13889|13889|(converted/available/in_file)
P47|1076|14811|14811|(converted/available/in_file)
P1376|1184|15045|15045|(converted/available/in_file)
P106|1204|16003|16003|(converted/available/in_file)
P37|1509|16969|16969|(converted/available/in_file)
P413|1527|17921|17921|(converted/available/in_file)
P17|1555|18851|18851|(converted/available/in_file)
P190|2112|19846|19846|(converted/available/in_file)
P136|2112|20777|20777|(converted/available/in_file)
P407|2140|21654|21654|(converted/available/in_file)
P159|2158|22621|22621|(converted/available/in_file)
P937|2191|23575|23575|(converted/available/in_file)
P276|2226|24534|24534|(converted/available/in_file)
P530|3191|25530|25530|(converted/available/in_file)
P361|3285|26462|26462|(converted/available/in_file)
P176|3293|27444|27444|(converted/available/in_file)
P27|3321|28410|28410|(converted/available/in_file)
P108|3334|28793|28793|(converted/available/in_file)
P36|3443|29496|29496|(converted/available/in_file)
P1001|3460|30197|30197|(converted/available/in_file)
P264|3460|30626|30626|(converted/available/in_file)
P495|3479|31535|31535|(converted/available/in_file)
P131|3510|32416|32416|(converted/available/in_file)
P740|3521|33352|33352|(converted/available/in_file)
P127|3552|34039|34039|(converted/available/in_file)
