P30|111|975|975|(converted/available/in_file)
P279|119|1939|1939|(converted/available/in_file)
P31|130|2861|2861|(converted/available/in_file)
P39|131|3753|3753|(converted/available/in_file)
P1303|134|4702|4702|(converted/available/in_file)
P19|134|5646|5646|(converted/available/in_file)
P101|189|6342|6342|(converted/available/in_file)
P527|227|7318|7318|(converted/available/in_file)
P1412|234|8287|8287|(converted/available/in_file)
P449|234|9168|9168|(converted/available/in_file)
P140|271|9641|9641|(converted/available/in_file)
P103|291|10618|10618|(converted/available/in_file)
P178|293|11210|11210|(converted/available/in_file)
P20|297|12163|12163|(converted/available/in_file)
P463|329|12388|12388|(converted/available/in_file)
P138|361|13033|13033|(converted/available/in_file)
P364|400|13889|13889|(converted/available/in_file)
P47|794|14811|14811|(converted/available/in_file)
P1376|857|15045|15045|(converted/available/in_file)
P106|858|16003|16003|(converted/available/in_file)
P37|1123|16969|16969|(converted/available/in_file)
P413|1123|17921|17921|(converted/available/in_file)
P17|1155|18851|18851|(converted/available/in_file)
P190|1433|19846|19846|(converted/available/in_file)
P136|1433|20777|20777|(converted/available/in_file)
P407|1436|21654|21654|(converted/available/in_file)
P159|1437|22621|22621|(converted/available/in_file)
P937|1456|23575|23575|(converted/available/in_file)
P276|1467|24534|24534|(converted/available/in_file)
P530|2379|25530|25530|(converted/available/in_file)
P361|2428|26462|26462|(converted/available/in_file)
P176|2429|27444|27444|(converted/available/in_file)
P27|2438|28410|28410|(converted/available/in_file)
P108|2441|28793|28793|(converted/available/in_file)
P36|2528|29496|29496|(converted/available/in_file)
P1001|2529|30197|30197|(converted/available/in_file)
P264|2529|30626|30626|(converted/available/in_file)
P495|2555|31535|31535|(converted/available/in_file)
P131|2579|32416|32416|(converted/available/in_file)
P740|2580|33352|33352|(converted/available/in_file)
P127|2582|34039|34039|(converted/available/in_file)
