P30|621|975|975|(converted/available/in_file)
P279|1366|1939|1939|(converted/available/in_file)
P31|2005|2861|2861|(converted/available/in_file)
P39|2892|3753|3753|(converted/available/in_file)
P1303|3833|4702|4702|(converted/available/in_file)
P19|4764|5646|5646|(converted/available/in_file)
P101|5443|6342|6342|(converted/available/in_file)
P527|6331|7318|7318|(converted/available/in_file)
P1412|7292|8287|8287|(converted/available/in_file)
P449|7822|9168|9168|(converted/available/in_file)
P140|8272|9641|9641|(converted/available/in_file)
P103|9246|10618|10618|(converted/available/in_file)
P178|9771|11210|11210|(converted/available/in_file)
P20|10714|12163|12163|(converted/available/in_file)
P463|10915|12388|12388|(converted/available/in_file)
P138|11468|13033|13033|(converted/available/in_file)
P364|11984|13889|13889|(converted/available/in_file)
P47|12899|14811|14811|(converted/available/in_file)
P1376|13133|15045|15045|(converted/available/in_file)
P106|14084|16003|16003|(converted/available/in_file)
P37|15036|16969|16969|(converted/available/in_file)
P413|15981|17921|17921|(converted/available/in_file)
P17|16693|18851|18851|(converted/available/in_file)
P190|17688|19846|19846|(converted/available/in_file)
P136|18554|20777|20777|(converted/available/in_file)
P407|19322|21654|21654|(converted/available/in_file)
P159|20010|22621|22621|(converted/available/in_file)
P937|20960|23575|23575|(converted/available/in_file)
P276|21570|24534|24534|(converted/available/in_file)
P530|22566|25530|25530|(converted/available/in_file)
P361|23377|26462|26462|(converted/available/in_file)
P176|24209|27444|27444|(converted/available/in_file)
P27|25165|28410|28410|(converted/available/in_file)
P108|25541|28793|28793|(converted/available/in_file)
P36|26226|29496|29496|(converted/available/in_file)
P1001|26690|30197|30197|(converted/available/in_file)
P264|27115|30626|30626|(converted/available/in_file)
P495|27765|31535|31535|(converted/available/in_file)
P131|28299|32416|32416|(converted/available/in_file)
P740|29158|33352|33352|(converted/available/in_file)
P127|29718|34039|34039|(converted/available/in_file)
