P30|896|975|975|(converted/available/in_file)
P279|1181|1939|1939|(converted/available/in_file)
P31|1344|2861|2861|(converted/available/in_file)
P39|1792|3753|3753|(converted/available/in_file)
P1303|2539|4702|4702|(converted/available/in_file)
P19|3054|5646|5646|(converted/available/in_file)
P101|3569|6342|6342|(converted/available/in_file)
P527|4000|7318|7318|(converted/available/in_file)
P1412|4695|8287|8287|(converted/available/in_file)
P449|4707|9168|9168|(converted/available/in_file)
P140|4877|9641|9641|(converted/available/in_file)
P103|5684|10618|10618|(converted/available/in_file)
P178|5820|11210|11210|(converted/available/in_file)
P20|6443|12163|12163|(converted/available/in_file)
P463|6495|12388|12388|(converted/available/in_file)
P138|6687|13033|13033|(converted/available/in_file)
P364|6746|13889|13889|(converted/available/in_file)
P47|7481|14811|14811|(converted/available/in_file)
P1376|7690|15045|15045|(converted/available/in_file)
P106|8300|16003|16003|(converted/available/in_file)
P37|9072|16969|16969|(converted/available/in_file)
P413|9393|17921|17921|(converted/available/in_file)
P17|9604|18851|18851|(converted/available/in_file)
P190|10575|19846|19846|(converted/available/in_file)
P136|11130|20777|20777|(converted/available/in_file)
P407|11421|21654|21654|(converted/available/in_file)
P159|11514|22621|22621|(converted/available/in_file)
P937|12242|23575|23575|(converted/available/in_file)
P276|12371|24534|24534|(converted/available/in_file)
P530|13367|25530|25530|(converted/available/in_file)
P361|13834|26462|26462|(converted/available/in_file)
P176|13882|27444|27444|(converted/available/in_file)
P27|14433|28410|28410|(converted/available/in_file)
P108|14649|28793|28793|(converted/available/in_file)
P36|14992|29496|29496|(converted/available/in_file)
P1001|15077|30197|30197|(converted/available/in_file)
P264|15359|30626|30626|(converted/available/in_file)
P495|15467|31535|31535|(converted/available/in_file)
P131|15550|32416|32416|(converted/available/in_file)
P740|15682|33352|33352|(converted/available/in_file)
P127|15771|34039|34039|(converted/available/in_file)
