P30|217|975|975|(converted/available/in_file)
P279|317|1939|1939|(converted/available/in_file)
P31|358|2861|2861|(converted/available/in_file)
P39|549|3753|3753|(converted/available/in_file)
P1303|680|4702|4702|(converted/available/in_file)
P19|809|5646|5646|(converted/available/in_file)
P101|1076|6342|6342|(converted/available/in_file)
P527|1336|7318|7318|(converted/available/in_file)
P1412|1595|8287|8287|(converted/available/in_file)
P449|1608|9168|9168|(converted/available/in_file)
P140|1728|9641|9641|(converted/available/in_file)
P103|1985|10618|10618|(converted/available/in_file)
P178|2070|11210|11210|(converted/available/in_file)
P20|2310|12163|12163|(converted/available/in_file)
P463|2346|12388|12388|(converted/available/in_file)
P138|2464|13033|13033|(converted/available/in_file)
P364|2494|13889|13889|(converted/available/in_file)
P47|3247|14811|14811|(converted/available/in_file)
P1376|3450|15045|15045|(converted/available/in_file)
P106|3606|16003|16003|(converted/available/in_file)
P37|4226|16969|16969|(converted/available/in_file)
P413|4232|17921|17921|(converted/available/in_file)
P17|4379|18851|18851|(converted/available/in_file)
P190|5313|19846|19846|(converted/available/in_file)
P136|5422|20777|20777|(converted/available/in_file)
P407|5526|21654|21654|(converted/available/in_file)
P159|5581|22621|22621|(converted/available/in_file)
P937|5950|23575|23575|(converted/available/in_file)
P276|6043|24534|24534|(converted/available/in_file)
P530|7039|25530|25530|(converted/available/in_file)
P361|7299|26462|26462|(converted/available/in_file)
P176|7330|27444|27444|(converted/available/in_file)
P27|7509|28410|28410|(converted/available/in_file)
P108|7580|28793|28793|(converted/available/in_file)
P36|7863|29496|29496|(converted/available/in_file)
P1001|7942|30197|30197|(converted/available/in_file)
P264|7957|30626|30626|(converted/available/in_file)
P495|8012|31535|31535|(converted/available/in_file)
P131|8062|32416|32416|(converted/available/in_file)
P740|8118|33352|33352|(converted/available/in_file)
P127|8217|34039|34039|(converted/available/in_file)
