P30|162|975|975|(converted/available/in_file)
P279|226|1939|1939|(converted/available/in_file)
P31|242|2861|2861|(converted/available/in_file)
P39|244|3753|3753|(converted/available/in_file)
P1303|258|4702|4702|(converted/available/in_file)
P19|278|5646|5646|(converted/available/in_file)
P101|383|6342|6342|(converted/available/in_file)
P527|546|7318|7318|(converted/available/in_file)
P1412|618|8287|8287|(converted/available/in_file)
P449|621|9168|9168|(converted/available/in_file)
P140|744|9641|9641|(converted/available/in_file)
P103|840|10618|10618|(converted/available/in_file)
P178|861|11210|11210|(converted/available/in_file)
P20|906|12163|12163|(converted/available/in_file)
P463|941|12388|12388|(converted/available/in_file)
P138|993|13033|13033|(converted/available/in_file)
P364|1020|13889|13889|(converted/available/in_file)
P47|1505|14811|14811|(converted/available/in_file)
P1376|1669|15045|15045|(converted/available/in_file)
P106|1701|16003|16003|(converted/available/in_file)
P37|2110|16969|16969|(converted/available/in_file)
P413|2110|17921|17921|(converted/available/in_file)
P17|2134|18851|18851|(converted/available/in_file)
P190|2915|19846|19846|(converted/available/in_file)
P136|2935|20777|20777|(converted/available/in_file)
P407|2974|21654|21654|(converted/available/in_file)
P159|3000|22621|22621|(converted/available/in_file)
P937|3067|23575|23575|(converted/available/in_file)
P276|3128|24534|24534|(converted/available/in_file)
P530|4096|25530|25530|(converted/available/in_file)
P361|4256|26462|26462|(converted/available/in_file)
P176|4266|27444|27444|(converted/available/in_file)
P27|4317|28410|28410|(converted/available/in_file)
P108|4327|28793|28793|(converted/available/in_file)
P36|4482|29496|29496|(converted/available/in_file)
P1001|4502|30197|30197|(converted/available/in_file)
P264|4502|30626|30626|(converted/available/in_file)
P495|4534|31535|31535|(converted/available/in_file)
P131|4552|32416|32416|(converted/available/in_file)
P740|4570|33352|33352|(converted/available/in_file)
P127|4595|34039|34039|(converted/available/in_file)
