P30|368|975|975|(converted/available/in_file)
P279|935|1939|1939|(converted/available/in_file)
P31|1325|2861|2861|(converted/available/in_file)
P39|2026|3753|3753|(converted/available/in_file)
P1303|2400|4702|4702|(converted/available/in_file)
P19|2848|5646|5646|(converted/available/in_file)
P101|3418|6342|6342|(converted/available/in_file)
P527|4214|7318|7318|(converted/available/in_file)
P1412|4854|8287|8287|(converted/available/in_file)
P449|5146|9168|9168|(converted/available/in_file)
P140|5486|9641|9641|(converted/available/in_file)
P103|6151|10618|10618|(converted/available/in_file)
P178|6534|11210|11210|(converted/available/in_file)
P20|7121|12163|12163|(converted/available/in_file)
P463|7259|12388|12388|(converted/available/in_file)
P138|7771|13033|13033|(converted/available/in_file)
P364|8093|13889|13889|(converted/available/in_file)
P47|8997|14811|14811|(converted/available/in_file)
P1376|9230|15045|15045|(converted/available/in_file)
P106|9719|16003|16003|(converted/available/in_file)
P37|10635|16969|16969|(converted/available/in_file)
P413|11067|17921|17921|(converted/available/in_file)
P17|11560|18851|18851|(converted/available/in_file)
P190|12555|19846|19846|(converted/available/in_file)
P136|12957|20777|20777|(converted/available/in_file)
P407|13493|21654|21654|(converted/available/in_file)
P159|13856|22621|22621|(converted/available/in_file)
P937|14607|23575|23575|(converted/available/in_file)
P276|15110|24534|24534|(converted/available/in_file)
P530|16106|25530|25530|(converted/available/in_file)
P361|16818|26462|26462|(converted/available/in_file)
P176|17603|27444|27444|(converted/available/in_file)
P27|18109|28410|28410|(converted/available/in_file)
P108|18335|28793|28793|(converted/available/in_file)
P36|18980|29496|29496|(converted/available/in_file)
P1001|19313|30197|30197|(converted/available/in_file)
P264|19565|30626|30626|(converted/available/in_file)
P495|19948|31535|31535|(converted/available/in_file)
P131|20279|32416|32416|(converted/available/in_file)
P740|20655|33352|33352|(converted/available/in_file)
P127|21064|34039|34039|(converted/available/in_file)
