P30|124|975|975|(converted/available/in_file)
P279|130|1939|1939|(converted/available/in_file)
P31|135|2861|2861|(converted/available/in_file)
P39|136|3753|3753|(converted/available/in_file)
P1303|154|4702|4702|(converted/available/in_file)
P19|201|5646|5646|(converted/available/in_file)
P101|317|6342|6342|(converted/available/in_file)
P527|348|7318|7318|(converted/available/in_file)
P1412|460|8287|8287|(converted/available/in_file)
P449|461|9168|9168|(converted/available/in_file)
P140|503|9641|9641|(converted/available/in_file)
P103|680|10618|10618|(converted/available/in_file)
P178|687|11210|11210|(converted/available/in_file)
P20|761|12163|12163|(converted/available/in_file)
P463|798|12388|12388|(converted/available/in_file)
P138|882|13033|13033|(converted/available/in_file)
P364|886|13889|13889|(converted/available/in_file)
P47|1440|14811|14811|(converted/available/in_file)
P1376|1610|15045|15045|(converted/available/in_file)
P106|1610|16003|16003|(converted/available/in_file)
P37|1997|16969|16969|(converted/available/in_file)
P413|1997|17921|17921|(converted/available/in_file)
P17|2091|18851|18851|(converted/available/in_file)
P190|2867|19846|19846|(converted/available/in_file)
P136|2869|20777|20777|(converted/available/in_file)
P407|2900|21654|21654|(converted/available/in_file)
P159|2909|22621|22621|(converted/available/in_file)
P937|3044|23575|23575|(converted/available/in_file)
P276|3064|24534|24534|(converted/available/in_file)
P530|4028|25530|25530|(converted/available/in_file)
P361|4078|26462|26462|(converted/available/in_file)
P176|4088|27444|27444|(converted/available/in_file)
P27|4156|28410|28410|(converted/available/in_file)
P108|4160|28793|28793|(converted/available/in_file)
P36|4306|29496|29496|(converted/available/in_file)
P1001|4307|30197|30197|(converted/available/in_file)
P264|4307|30626|30626|(converted/available/in_file)
P495|4323|31535|31535|(converted/available/in_file)
P131|4342|32416|32416|(converted/available/in_file)
P740|4365|33352|33352|(converted/available/in_file)
P127|4378|34039|34039|(converted/available/in_file)
