P30|202|975|975|(converted/available/in_file)
P279|247|1939|1939|(converted/available/in_file)
P31|274|2861|2861|(converted/available/in_file)
P39|281|3753|3753|(converted/available/in_file)
P1303|286|4702|4702|(converted/available/in_file)
P19|308|5646|5646|(converted/available/in_file)
P101|443|6342|6342|(converted/available/in_file)
P527|576|7318|7318|(converted/available/in_file)
P1412|633|8287|8287|(converted/available/in_file)
P449|635|9168|9168|(converted/available/in_file)
P140|865|9641|9641|(converted/available/in_file)
P103|931|10618|10618|(converted/available/in_file)
P178|957|11210|11210|(converted/available/in_file)
P20|1013|12163|12163|(converted/available/in_file)
P463|1047|12388|12388|(converted/available/in_file)
P138|1142|13033|13033|(converted/available/in_file)
P364|1152|13889|13889|(converted/available/in_file)
P47|1809|14811|14811|(converted/available/in_file)
P1376|2003|15045|15045|(converted/available/in_file)
P106|2027|16003|16003|(converted/available/in_file)
P37|2595|16969|16969|(converted/available/in_file)
P413|2595|17921|17921|(converted/available/in_file)
P17|2692|18851|18851|(converted/available/in_file)
P190|3580|19846|19846|(converted/available/in_file)
P136|3589|20777|20777|(converted/available/in_file)
P407|3609|21654|21654|(converted/available/in_file)
P159|3650|22621|22621|(converted/available/in_file)
P937|3724|23575|23575|(converted/available/in_file)
P276|3818|24534|24534|(converted/available/in_file)
P530|4814|25530|25530|(converted/available/in_file)
P361|4963|26462|26462|(converted/available/in_file)
P176|4990|27444|27444|(converted/available/in_file)
P27|5032|28410|28410|(converted/available/in_file)
P108|5043|28793|28793|(converted/available/in_file)
P36|5388|29496|29496|(converted/available/in_file)
P1001|5419|30197|30197|(converted/available/in_file)
P264|5419|30626|30626|(converted/available/in_file)
P495|5438|31535|31535|(converted/available/in_file)
P131|5546|32416|32416|(converted/available/in_file)
P740|5556|33352|33352|(converted/available/in_file)
P127|5579|34039|34039|(converted/available/in_file)
