P30|361|975|975|(converted/available/in_file)
P279|938|1939|1939|(converted/available/in_file)
P31|1269|2861|2861|(converted/available/in_file)
P39|1995|3753|3753|(converted/available/in_file)
P1303|2565|4702|4702|(converted/available/in_file)
P19|3211|5646|5646|(converted/available/in_file)
P101|3836|6342|6342|(converted/available/in_file)
P527|4597|7318|7318|(converted/available/in_file)
P1412|5373|8287|8287|(converted/available/in_file)
P449|5724|9168|9168|(converted/available/in_file)
P140|6061|9641|9641|(converted/available/in_file)
P103|6941|10618|10618|(converted/available/in_file)
P178|7387|11210|11210|(converted/available/in_file)
P20|8119|12163|12163|(converted/available/in_file)
P463|8331|12388|12388|(converted/available/in_file)
P138|8757|13033|13033|(converted/available/in_file)
P364|9074|13889|13889|(converted/available/in_file)
P47|9975|14811|14811|(converted/available/in_file)
P1376|10207|15045|15045|(converted/available/in_file)
P106|10945|16003|16003|(converted/available/in_file)
P37|11791|16969|16969|(converted/available/in_file)
P413|12227|17921|17921|(converted/available/in_file)
P17|12703|18851|18851|(converted/available/in_file)
P190|13687|19846|19846|(converted/available/in_file)
P136|14151|20777|20777|(converted/available/in_file)
P407|14704|21654|21654|(converted/available/in_file)
P159|15106|22621|22621|(converted/available/in_file)
P937|15913|23575|23575|(converted/available/in_file)
P276|16417|24534|24534|(converted/available/in_file)
P530|17413|25530|25530|(converted/available/in_file)
P361|18136|26462|26462|(converted/available/in_file)
P176|18816|27444|27444|(converted/available/in_file)
P27|19366|28410|28410|(converted/available/in_file)
P108|19665|28793|28793|(converted/available/in_file)
P36|20304|29496|29496|(converted/available/in_file)
P1001|20604|30197|30197|(converted/available/in_file)
P264|20894|30626|30626|(converted/available/in_file)
P495|21318|31535|31535|(converted/available/in_file)
P131|21623|32416|32416|(converted/available/in_file)
P740|22036|33352|33352|(converted/available/in_file)
P127|22492|34039|34039|(converted/available/in_file)
