P30|255|975|975|(converted/available/in_file)
P279|569|1939|1939|(converted/available/in_file)
P31|745|2861|2861|(converted/available/in_file)
P39|1028|3753|3753|(converted/available/in_file)
P1303|1221|4702|4702|(converted/available/in_file)
P19|1419|5646|5646|(converted/available/in_file)
P101|1774|6342|6342|(converted/available/in_file)
P527|2357|7318|7318|(converted/available/in_file)
P1412|2744|8287|8287|(converted/available/in_file)
P449|2837|9168|9168|(converted/available/in_file)
P140|3066|9641|9641|(converted/available/in_file)
P103|3468|10618|10618|(converted/available/in_file)
P178|3705|11210|11210|(converted/available/in_file)
P20|3988|12163|12163|(converted/available/in_file)
P463|4175|12388|12388|(converted/available/in_file)
P138|4579|13033|13033|(converted/available/in_file)
P364|4725|13889|13889|(converted/available/in_file)
P47|5562|14811|14811|(converted/available/in_file)
P1376|5789|15045|15045|(converted/available/in_file)
P106|6017|16003|16003|(converted/available/in_file)
P37|6884|16969|16969|(converted/available/in_file)
P413|7039|17921|17921|(converted/available/in_file)
P17|7329|18851|18851|(converted/available/in_file)
P190|8317|19846|19846|(converted/available/in_file)
P136|8504|20777|20777|(converted/available/in_file)
P407|8839|21654|21654|(converted/available/in_file)
P159|9030|22621|22621|(converted/available/in_file)
P937|9409|23575|23575|(converted/available/in_file)
P276|9678|24534|24534|(converted/available/in_file)
P530|10674|25530|25530|(converted/available/in_file)
P361|11185|26462|26462|(converted/available/in_file)
P176|11370|27444|27444|(converted/available/in_file)
P27|11608|28410|28410|(converted/available/in_file)
P108|11676|28793|28793|(converted/available/in_file)
P36|12172|29496|29496|(converted/available/in_file)
P1001|12379|30197|30197|(converted/available/in_file)
P264|12478|30626|30626|(converted/available/in_file)
P495|12637|31535|31535|(converted/available/in_file)
P131|12799|32416|32416|(converted/available/in_file)
P740|12981|33352|33352|(converted/available/in_file)
P127|13136|34039|34039|(converted/available/in_file)
