P30|343|975|975|(converted/available/in_file)
P279|1067|1939|1939|(converted/available/in_file)
P31|1493|2861|2861|(converted/available/in_file)
P39|2150|3753|3753|(converted/available/in_file)
P1303|2622|4702|4702|(converted/available/in_file)
P19|3138|5646|5646|(converted/available/in_file)
P101|3796|6342|6342|(converted/available/in_file)
P527|4711|7318|7318|(converted/available/in_file)
P1412|5425|8287|8287|(converted/available/in_file)
P449|5703|9168|9168|(converted/available/in_file)
P140|6114|9641|9641|(converted/available/in_file)
P103|6921|10618|10618|(converted/available/in_file)
P178|7413|11210|11210|(converted/available/in_file)
P20|8110|12163|12163|(converted/available/in_file)
P463|8298|12388|12388|(converted/available/in_file)
P138|8780|13033|13033|(converted/available/in_file)
P364|9183|13889|13889|(converted/available/in_file)
P47|10068|14811|14811|(converted/available/in_file)
P1376|10302|15045|15045|(converted/available/in_file)
P106|10892|16003|16003|(converted/available/in_file)
P37|11828|16969|16969|(converted/available/in_file)
P413|12313|17921|17921|(converted/available/in_file)
P17|12884|18851|18851|(converted/available/in_file)
P190|13879|19846|19846|(converted/available/in_file)
P136|14308|20777|20777|(converted/available/in_file)
P407|14925|21654|21654|(converted/available/in_file)
P159|15399|22621|22621|(converted/available/in_file)
P937|16132|23575|23575|(converted/available/in_file)
P276|16761|24534|24534|(converted/available/in_file)
P530|17757|25530|25530|(converted/available/in_file)
P361|18572|26462|26462|(converted/available/in_file)
P176|19247|27444|27444|(converted/available/in_file)
P27|19840|28410|28410|(converted/available/in_file)
P108|20027|28793|28793|(converted/available/in_file)
P36|20671|29496|29496|(converted/available/in_file)
P1001|21162|30197|30197|(converted/available/in_file)
P264|21419|30626|30626|(converted/available/in_file)
P495|21854|31535|31535|(converted/available/in_file)
P131|22219|32416|32416|(converted/available/in_file)
P740|22653|33352|33352|(converted/available/in_file)
P127|23094|34039|34039|(converted/available/in_file)
