P30|136|975|975|(converted/available/in_file)
P279|179|1939|1939|(converted/available/in_file)
P31|194|2861|2861|(converted/available/in_file)
P39|316|3753|3753|(converted/available/in_file)
P1303|361|4702|4702|(converted/available/in_file)
P19|403|5646|5646|(converted/available/in_file)
P101|494|6342|6342|(converted/available/in_file)
P527|590|7318|7318|(converted/available/in_file)
P1412|687|8287|8287|(converted/available/in_file)
P449|692|9168|9168|(converted/available/in_file)
P140|738|9641|9641|(converted/available/in_file)
P103|902|10618|10618|(converted/available/in_file)
P178|923|11210|11210|(converted/available/in_file)
P20|996|12163|12163|(converted/available/in_file)
P463|1031|12388|12388|(converted/available/in_file)
P138|1100|13033|13033|(converted/available/in_file)
P364|1109|13889|13889|(converted/available/in_file)
P47|1650|14811|14811|(converted/available/in_file)
P1376|1782|15045|15045|(converted/available/in_file)
P106|1799|16003|16003|(converted/available/in_file)
P37|2235|16969|16969|(converted/available/in_file)
P413|2235|17921|17921|(converted/available/in_file)
P17|2325|18851|18851|(converted/available/in_file)
P190|3128|19846|19846|(converted/available/in_file)
P136|3174|20777|20777|(converted/available/in_file)
P407|3224|21654|21654|(converted/available/in_file)
P159|3244|22621|22621|(converted/available/in_file)
P937|3354|23575|23575|(converted/available/in_file)
P276|3391|24534|24534|(converted/available/in_file)
P530|4358|25530|25530|(converted/available/in_file)
P361|4488|26462|26462|(converted/available/in_file)
P176|4499|27444|27444|(converted/available/in_file)
P27|4557|28410|28410|(converted/available/in_file)
P108|4566|28793|28793|(converted/available/in_file)
P36|4732|29496|29496|(converted/available/in_file)
P1001|4772|30197|30197|(converted/available/in_file)
P264|4790|30626|30626|(converted/available/in_file)
P495|4817|31535|31535|(converted/available/in_file)
P131|4830|32416|32416|(converted/available/in_file)
P740|4843|33352|33352|(converted/available/in_file)
P127|4857|34039|34039|(converted/available/in_file)
