P30|209|975|975|(converted/available/in_file)
P279|267|1939|1939|(converted/available/in_file)
P31|309|2861|2861|(converted/available/in_file)
P39|376|3753|3753|(converted/available/in_file)
P1303|426|4702|4702|(converted/available/in_file)
P19|524|5646|5646|(converted/available/in_file)
P101|697|6342|6342|(converted/available/in_file)
P527|879|7318|7318|(converted/available/in_file)
P1412|1081|8287|8287|(converted/available/in_file)
P449|1096|9168|9168|(converted/available/in_file)
P140|1237|9641|9641|(converted/available/in_file)
P103|1447|10618|10618|(converted/available/in_file)
P178|1489|11210|11210|(converted/available/in_file)
P20|1643|12163|12163|(converted/available/in_file)
P463|1697|12388|12388|(converted/available/in_file)
P138|1834|13033|13033|(converted/available/in_file)
P364|1852|13889|13889|(converted/available/in_file)
P47|2575|14811|14811|(converted/available/in_file)
P1376|2788|15045|15045|(converted/available/in_file)
P106|2908|16003|16003|(converted/available/in_file)
P37|3554|16969|16969|(converted/available/in_file)
P413|3557|17921|17921|(converted/available/in_file)
P17|3681|18851|18851|(converted/available/in_file)
P190|4665|19846|19846|(converted/available/in_file)
P136|4729|20777|20777|(converted/available/in_file)
P407|4817|21654|21654|(converted/available/in_file)
P159|4880|22621|22621|(converted/available/in_file)
P937|5085|23575|23575|(converted/available/in_file)
P276|5165|24534|24534|(converted/available/in_file)
P530|6133|25530|25530|(converted/available/in_file)
P361|6304|26462|26462|(converted/available/in_file)
P176|6425|27444|27444|(converted/available/in_file)
P27|6558|28410|28410|(converted/available/in_file)
P108|6603|28793|28793|(converted/available/in_file)
P36|6952|29496|29496|(converted/available/in_file)
P1001|7046|30197|30197|(converted/available/in_file)
P264|7067|30626|30626|(converted/available/in_file)
P495|7110|31535|31535|(converted/available/in_file)
P131|7192|32416|32416|(converted/available/in_file)
P740|7263|33352|33352|(converted/available/in_file)
P127|7336|34039|34039|(converted/available/in_file)
