P30|225|975|975|(converted/available/in_file)
P279|481|1939|1939|(converted/available/in_file)
P31|574|2861|2861|(converted/available/in_file)
P39|828|3753|3753|(converted/available/in_file)
P1303|900|4702|4702|(converted/available/in_file)
P19|987|5646|5646|(converted/available/in_file)
P101|1177|6342|6342|(converted/available/in_file)
P527|1819|7318|7318|(converted/available/in_file)
P1412|1979|8287|8287|(converted/available/in_file)
P449|2111|9168|9168|(converted/available/in_file)
P140|2343|9641|9641|(converted/available/in_file)
P103|2527|10618|10618|(converted/available/in_file)
P178|2605|11210|11210|(converted/available/in_file)
P20|2763|12163|12163|(converted/available/in_file)
P463|2810|12388|12388|(converted/available/in_file)
P138|2995|13033|13033|(converted/available/in_file)
P364|3147|13889|13889|(converted/available/in_file)
P47|3932|14811|14811|(converted/available/in_file)
P1376|4143|15045|15045|(converted/available/in_file)
P106|4224|16003|16003|(converted/available/in_file)
P37|4959|16969|16969|(converted/available/in_file)
P413|4960|17921|17921|(converted/available/in_file)
P17|5146|18851|18851|(converted/available/in_file)
P190|6125|19846|19846|(converted/available/in_file)
P136|6210|20777|20777|(converted/available/in_file)
P407|6358|21654|21654|(converted/available/in_file)
P159|6438|22621|22621|(converted/available/in_file)
P937|6652|23575|23575|(converted/available/in_file)
P276|6862|24534|24534|(converted/available/in_file)
P530|7858|25530|25530|(converted/available/in_file)
P361|8264|26462|26462|(converted/available/in_file)
P176|8305|27444|27444|(converted/available/in_file)
P27|8412|28410|28410|(converted/available/in_file)
P108|8440|28793|28793|(converted/available/in_file)
P36|8983|29496|29496|(converted/available/in_file)
P1001|9090|30197|30197|(converted/available/in_file)
P264|9126|30626|30626|(converted/available/in_file)
P495|9236|31535|31535|(converted/available/in_file)
P131|9347|32416|32416|(converted/available/in_file)
P740|9408|33352|33352|(converted/available/in_file)
P127|9459|34039|34039|(converted/available/in_file)
