P30|229|975|975|(converted/available/in_file)
P279|466|1939|1939|(converted/available/in_file)
P31|536|2861|2861|(converted/available/in_file)
P39|812|3753|3753|(converted/available/in_file)
P1303|964|4702|4702|(converted/available/in_file)
P19|1117|5646|5646|(converted/available/in_file)
P101|1431|6342|6342|(converted/available/in_file)
P527|1877|7318|7318|(converted/available/in_file)
P1412|2186|8287|8287|(converted/available/in_file)
P449|2227|9168|9168|(converted/available/in_file)
P140|2396|9641|9641|(converted/available/in_file)
P103|2705|10618|10618|(converted/available/in_file)
P178|2880|11210|11210|(converted/available/in_file)
P20|3123|12163|12163|(converted/available/in_file)
P463|3172|12388|12388|(converted/available/in_file)
P138|3397|13033|13033|(converted/available/in_file)
P364|3456|13889|13889|(converted/available/in_file)
P47|4151|14811|14811|(converted/available/in_file)
P1376|4356|15045|15045|(converted/available/in_file)
P106|4529|16003|16003|(converted/available/in_file)
P37|5160|16969|16969|(converted/available/in_file)
P413|5193|17921|17921|(converted/available/in_file)
P17|5357|18851|18851|(converted/available/in_file)
P190|6325|19846|19846|(converted/available/in_file)
P136|6478|20777|20777|(converted/available/in_file)
P407|6650|21654|21654|(converted/available/in_file)
P159|6748|22621|22621|(converted/available/in_file)
P937|7078|23575|23575|(converted/available/in_file)
P276|7241|24534|24534|(converted/available/in_file)
P530|8237|25530|25530|(converted/available/in_file)
P361|8712|26462|26462|(converted/available/in_file)
P176|8979|27444|27444|(converted/available/in_file)
P27|9162|28410|28410|(converted/available/in_file)
P108|9214|28793|28793|(converted/available/in_file)
P36|9538|29496|29496|(converted/available/in_file)
P1001|9625|30197|30197|(converted/available/in_file)
P264|9735|30626|30626|(converted/available/in_file)
P495|9815|31535|31535|(converted/available/in_file)
P131|9892|32416|32416|(converted/available/in_file)
P740|10037|33352|33352|(converted/available/in_file)
P127|10197|34039|34039|(converted/available/in_file)
