P30|210|975|975|(converted/available/in_file)
P279|439|1939|1939|(converted/available/in_file)
P31|518|2861|2861|(converted/available/in_file)
P39|1230|3753|3753|(converted/available/in_file)
P1303|2126|4702|4702|(converted/available/in_file)
P19|2888|5646|5646|(converted/available/in_file)
P101|3471|6342|6342|(converted/available/in_file)
P527|3899|7318|7318|(converted/available/in_file)
P1412|4720|8287|8287|(converted/available/in_file)
P449|4727|9168|9168|(converted/available/in_file)
P140|4962|9641|9641|(converted/available/in_file)
P103|5797|10618|10618|(converted/available/in_file)
P178|5885|11210|11210|(converted/available/in_file)
P20|6652|12163|12163|(converted/available/in_file)
P463|6703|12388|12388|(converted/available/in_file)
P138|6857|13033|13033|(converted/available/in_file)
P364|6915|13889|13889|(converted/available/in_file)
P47|7561|14811|14811|(converted/available/in_file)
P1376|7760|15045|15045|(converted/available/in_file)
P106|8594|16003|16003|(converted/available/in_file)
P37|9187|16969|16969|(converted/available/in_file)
P413|9687|17921|17921|(converted/available/in_file)
P17|9806|18851|18851|(converted/available/in_file)
P190|10781|19846|19846|(converted/available/in_file)
P136|11420|20777|20777|(converted/available/in_file)
P407|11532|21654|21654|(converted/available/in_file)
P159|11593|22621|22621|(converted/available/in_file)
P937|12474|23575|23575|(converted/available/in_file)
P276|12635|24534|24534|(converted/available/in_file)
P530|13631|25530|25530|(converted/available/in_file)
P361|14025|26462|26462|(converted/available/in_file)
P176|14098|27444|27444|(converted/available/in_file)
P27|14892|28410|28410|(converted/available/in_file)
P108|15200|28793|28793|(converted/available/in_file)
P36|15513|29496|29496|(converted/available/in_file)
P1001|15572|30197|30197|(converted/available/in_file)
P264|15620|30626|30626|(converted/available/in_file)
P495|15701|31535|31535|(converted/available/in_file)
P131|15756|32416|32416|(converted/available/in_file)
P740|15846|33352|33352|(converted/available/in_file)
P127|15918|34039|34039|(converted/available/in_file)
