P30|154|975|975|(converted/available/in_file)
P279|242|1939|1939|(converted/available/in_file)
P31|280|2861|2861|(converted/available/in_file)
P39|728|3753|3753|(converted/available/in_file)
P1303|1491|4702|4702|(converted/available/in_file)
P19|2179|5646|5646|(converted/available/in_file)
P101|2742|6342|6342|(converted/available/in_file)
P527|2930|7318|7318|(converted/available/in_file)
P1412|3779|8287|8287|(converted/available/in_file)
P449|3806|9168|9168|(converted/available/in_file)
P140|4080|9641|9641|(converted/available/in_file)
P103|4899|10618|10618|(converted/available/in_file)
P178|4953|11210|11210|(converted/available/in_file)
P20|5738|12163|12163|(converted/available/in_file)
P463|5803|12388|12388|(converted/available/in_file)
P138|5899|13033|13033|(converted/available/in_file)
P364|5924|13889|13889|(converted/available/in_file)
P47|6461|14811|14811|(converted/available/in_file)
P1376|6641|15045|15045|(converted/available/in_file)
P106|7470|16003|16003|(converted/available/in_file)
P37|8145|16969|16969|(converted/available/in_file)
P413|8381|17921|17921|(converted/available/in_file)
P17|8453|18851|18851|(converted/available/in_file)
P190|9359|19846|19846|(converted/available/in_file)
P136|10000|20777|20777|(converted/available/in_file)
P407|10110|21654|21654|(converted/available/in_file)
P159|10146|22621|22621|(converted/available/in_file)
P937|10959|23575|23575|(converted/available/in_file)
P276|11019|24534|24534|(converted/available/in_file)
P530|11987|25530|25530|(converted/available/in_file)
P361|12211|26462|26462|(converted/available/in_file)
P176|12233|27444|27444|(converted/available/in_file)
P27|13076|28410|28410|(converted/available/in_file)
P108|13349|28793|28793|(converted/available/in_file)
P36|13608|29496|29496|(converted/available/in_file)
P1001|13661|30197|30197|(converted/available/in_file)
P264|13661|30626|30626|(converted/available/in_file)
P495|13738|31535|31535|(converted/available/in_file)
P131|13796|32416|32416|(converted/available/in_file)
P740|13876|33352|33352|(converted/available/in_file)
P127|13915|34039|34039|(converted/available/in_file)
