P30|246|975|975|(converted/available/in_file)
P279|643|1939|1939|(converted/available/in_file)
P31|763|2861|2861|(converted/available/in_file)
P39|964|3753|3753|(converted/available/in_file)
P1303|1042|4702|4702|(converted/available/in_file)
P19|1140|5646|5646|(converted/available/in_file)
P101|1407|6342|6342|(converted/available/in_file)
P527|2134|7318|7318|(converted/available/in_file)
P1412|2321|8287|8287|(converted/available/in_file)
P449|2394|9168|9168|(converted/available/in_file)
P140|2636|9641|9641|(converted/available/in_file)
P103|2836|10618|10618|(converted/available/in_file)
P178|2963|11210|11210|(converted/available/in_file)
P20|3124|12163|12163|(converted/available/in_file)
P463|3249|12388|12388|(converted/available/in_file)
P138|3502|13033|13033|(converted/available/in_file)
P364|3594|13889|13889|(converted/available/in_file)
P47|4403|14811|14811|(converted/available/in_file)
P1376|4624|15045|15045|(converted/available/in_file)
P106|4712|16003|16003|(converted/available/in_file)
P37|5424|16969|16969|(converted/available/in_file)
P413|5524|17921|17921|(converted/available/in_file)
P17|5741|18851|18851|(converted/available/in_file)
P190|6733|19846|19846|(converted/available/in_file)
P136|6828|20777|20777|(converted/available/in_file)
P407|6999|21654|21654|(converted/available/in_file)
P159|7130|22621|22621|(converted/available/in_file)
P937|7360|23575|23575|(converted/available/in_file)
P276|7623|24534|24534|(converted/available/in_file)
P530|8619|25530|25530|(converted/available/in_file)
P361|9146|26462|26462|(converted/available/in_file)
P176|9276|27444|27444|(converted/available/in_file)
P27|9390|28410|28410|(converted/available/in_file)
P108|9432|28793|28793|(converted/available/in_file)
P36|9981|29496|29496|(converted/available/in_file)
P1001|10226|30197|30197|(converted/available/in_file)
P264|10226|30626|30626|(converted/available/in_file)
P495|10330|31535|31535|(converted/available/in_file)
P131|10466|32416|32416|(converted/available/in_file)
P740|10562|33352|33352|(converted/available/in_file)
P127|10672|34039|34039|(converted/available/in_file)
