P30|107|975|975|(converted/available/in_file)
P279|126|1939|1939|(converted/available/in_file)
P31|134|2861|2861|(converted/available/in_file)
P39|134|3753|3753|(converted/available/in_file)
P1303|148|4702|4702|(converted/available/in_file)
P19|174|5646|5646|(converted/available/in_file)
P101|225|6342|6342|(converted/available/in_file)
P527|326|7318|7318|(converted/available/in_file)
P1412|348|8287|8287|(converted/available/in_file)
P449|349|9168|9168|(converted/available/in_file)
P140|403|9641|9641|(converted/available/in_file)
P103|438|10618|10618|(converted/available/in_file)
P178|449|11210|11210|(converted/available/in_file)
P20|457|12163|12163|(converted/available/in_file)
P463|457|12388|12388|(converted/available/in_file)
P138|474|13033|13033|(converted/available/in_file)
P364|478|13889|13889|(converted/available/in_file)
P47|798|14811|14811|(converted/available/in_file)
P1376|834|15045|15045|(converted/available/in_file)
P106|895|16003|16003|(converted/available/in_file)
P37|1180|16969|16969|(converted/available/in_file)
P413|1185|17921|17921|(converted/available/in_file)
P17|1203|18851|18851|(converted/available/in_file)
P190|1303|19846|19846|(converted/available/in_file)
P136|1305|20777|20777|(converted/available/in_file)
P407|1323|21654|21654|(converted/available/in_file)
P159|1328|22621|22621|(converted/available/in_file)
P937|1344|23575|23575|(converted/available/in_file)
P276|1358|24534|24534|(converted/available/in_file)
P530|2325|25530|25530|(converted/available/in_file)
P361|2429|26462|26462|(converted/available/in_file)
P176|2436|27444|27444|(converted/available/in_file)
P27|2480|28410|28410|(converted/available/in_file)
P108|2484|28793|28793|(converted/available/in_file)
P36|2532|29496|29496|(converted/available/in_file)
P1001|2545|30197|30197|(converted/available/in_file)
P264|2545|30626|30626|(converted/available/in_file)
P495|2563|31535|31535|(converted/available/in_file)
P131|2572|32416|32416|(converted/available/in_file)
P740|2581|33352|33352|(converted/available/in_file)
P127|2590|34039|34039|(converted/available/in_file)
