P30|905|975|975|(converted/available/in_file)
P279|1420|1939|1939|(converted/available/in_file)
P31|1840|2861|2861|(converted/available/in_file)
P39|2565|3753|3753|(converted/available/in_file)
P1303|3380|4702|4702|(converted/available/in_file)
P19|4105|5646|5646|(converted/available/in_file)
P101|4723|6342|6342|(converted/available/in_file)
P527|5433|7318|7318|(converted/available/in_file)
P1412|6270|8287|8287|(converted/available/in_file)
P449|6507|9168|9168|(converted/available/in_file)
P140|6854|9641|9641|(converted/available/in_file)
P103|7752|10618|10618|(converted/available/in_file)
P178|8103|11210|11210|(converted/available/in_file)
P20|8916|12163|12163|(converted/available/in_file)
P463|9110|12388|12388|(converted/available/in_file)
P138|9550|13033|13033|(converted/available/in_file)
P364|9881|13889|13889|(converted/available/in_file)
P47|10781|14811|14811|(converted/available/in_file)
P1376|11014|15045|15045|(converted/available/in_file)
P106|11789|16003|16003|(converted/available/in_file)
P37|12719|16969|16969|(converted/available/in_file)
P413|13345|17921|17921|(converted/available/in_file)
P17|13826|18851|18851|(converted/available/in_file)
P190|14821|19846|19846|(converted/available/in_file)
P136|15484|20777|20777|(converted/available/in_file)
P407|16027|21654|21654|(converted/available/in_file)
P159|16413|22621|22621|(converted/available/in_file)
P937|17319|23575|23575|(converted/available/in_file)
P276|17737|24534|24534|(converted/available/in_file)
P530|18733|25530|25530|(converted/available/in_file)
P361|19425|26462|26462|(converted/available/in_file)
P176|19973|27444|27444|(converted/available/in_file)
P27|20645|28410|28410|(converted/available/in_file)
P108|20954|28793|28793|(converted/available/in_file)
P36|21611|29496|29496|(converted/available/in_file)
P1001|21946|30197|30197|(converted/available/in_file)
P264|22266|30626|30626|(converted/available/in_file)
P495|22642|31535|31535|(converted/available/in_file)
P131|22998|32416|32416|(converted/available/in_file)
P740|23392|33352|33352|(converted/available/in_file)
P127|23751|34039|34039|(converted/available/in_file)
