P30|200|975|975|(converted/available/in_file)
P279|238|1939|1939|(converted/available/in_file)
P31|265|2861|2861|(converted/available/in_file)
P39|508|3753|3753|(converted/available/in_file)
P1303|550|4702|4702|(converted/available/in_file)
P19|608|5646|5646|(converted/available/in_file)
P101|744|6342|6342|(converted/available/in_file)
P527|864|7318|7318|(converted/available/in_file)
P1412|964|8287|8287|(converted/available/in_file)
P449|966|9168|9168|(converted/available/in_file)
P140|1082|9641|9641|(converted/available/in_file)
P103|1246|10618|10618|(converted/available/in_file)
P178|1260|11210|11210|(converted/available/in_file)
P20|1353|12163|12163|(converted/available/in_file)
P463|1389|12388|12388|(converted/available/in_file)
P138|1486|13033|13033|(converted/available/in_file)
P364|1495|13889|13889|(converted/available/in_file)
P47|2121|14811|14811|(converted/available/in_file)
P1376|2313|15045|15045|(converted/available/in_file)
P106|2372|16003|16003|(converted/available/in_file)
P37|2852|16969|16969|(converted/available/in_file)
P413|2897|17921|17921|(converted/available/in_file)
P17|2999|18851|18851|(converted/available/in_file)
P190|3931|19846|19846|(converted/available/in_file)
P136|3984|20777|20777|(converted/available/in_file)
P407|4040|21654|21654|(converted/available/in_file)
P159|4072|22621|22621|(converted/available/in_file)
P937|4214|23575|23575|(converted/available/in_file)
P276|4239|24534|24534|(converted/available/in_file)
P530|5235|25530|25530|(converted/available/in_file)
P361|5425|26462|26462|(converted/available/in_file)
P176|5432|27444|27444|(converted/available/in_file)
P27|5512|28410|28410|(converted/available/in_file)
P108|5537|28793|28793|(converted/available/in_file)
P36|5753|29496|29496|(converted/available/in_file)
P1001|5774|30197|30197|(converted/available/in_file)
P264|5774|30626|30626|(converted/available/in_file)
P495|5795|31535|31535|(converted/available/in_file)
P131|5841|32416|32416|(converted/available/in_file)
P740|5857|33352|33352|(converted/available/in_file)
P127|5875|34039|34039|(converted/available/in_file)
