P30|164|975|975|(converted/available/in_file)
P279|212|1939|1939|(converted/available/in_file)
P31|250|2861|2861|(converted/available/in_file)
P39|252|3753|3753|(converted/available/in_file)
P1303|263|4702|4702|(converted/available/in_file)
P19|277|5646|5646|(converted/available/in_file)
P101|365|6342|6342|(converted/available/in_file)
P527|548|7318|7318|(converted/available/in_file)
P1412|605|8287|8287|(converted/available/in_file)
P449|610|9168|9168|(converted/available/in_file)
P140|725|9641|9641|(converted/available/in_file)
P103|811|10618|10618|(converted/available/in_file)
P178|867|11210|11210|(converted/available/in_file)
P20|894|12163|12163|(converted/available/in_file)
P463|899|12388|12388|(converted/available/in_file)
P138|964|13033|13033|(converted/available/in_file)
P364|1095|13889|13889|(converted/available/in_file)
P47|1722|14811|14811|(converted/available/in_file)
P1376|1926|15045|15045|(converted/available/in_file)
P106|1952|16003|16003|(converted/available/in_file)
P37|2350|16969|16969|(converted/available/in_file)
P413|2350|17921|17921|(converted/available/in_file)
P17|2454|18851|18851|(converted/available/in_file)
P190|3412|19846|19846|(converted/available/in_file)
P136|3413|20777|20777|(converted/available/in_file)
P407|3450|21654|21654|(converted/available/in_file)
P159|3470|22621|22621|(converted/available/in_file)
P937|3524|23575|23575|(converted/available/in_file)
P276|3563|24534|24534|(converted/available/in_file)
P530|4558|25530|25530|(converted/available/in_file)
P361|4699|26462|26462|(converted/available/in_file)
P176|4718|27444|27444|(converted/available/in_file)
P27|4756|28410|28410|(converted/available/in_file)
P108|4771|28793|28793|(converted/available/in_file)
P36|5039|29496|29496|(converted/available/in_file)
P1001|5053|30197|30197|(converted/available/in_file)
P264|5053|30626|30626|(converted/available/in_file)
P495|5109|31535|31535|(converted/available/in_file)
P131|5202|32416|32416|(converted/available/in_file)
P740|5218|33352|33352|(converted/available/in_file)
P127|5246|34039|34039|(converted/available/in_file)
