P30|160|975|975|(converted/available/in_file)
P279|217|1939|1939|(converted/available/in_file)
P31|294|2861|2861|(converted/available/in_file)
P39|297|3753|3753|(converted/available/in_file)
P1303|308|4702|4702|(converted/available/in_file)
P19|327|5646|5646|(converted/available/in_file)
P101|394|6342|6342|(converted/available/in_file)
P527|487|7318|7318|(converted/available/in_file)
P1412|533|8287|8287|(converted/available/in_file)
P449|534|9168|9168|(converted/available/in_file)
P140|623|9641|9641|(converted/available/in_file)
P103|673|10618|10618|(converted/available/in_file)
P178|702|11210|11210|(converted/available/in_file)
P20|731|12163|12163|(converted/available/in_file)
P463|766|12388|12388|(converted/available/in_file)
P138|910|13033|13033|(converted/available/in_file)
P364|921|13889|13889|(converted/available/in_file)
P47|1490|14811|14811|(converted/available/in_file)
P1376|1646|15045|15045|(converted/available/in_file)
P106|1667|16003|16003|(converted/available/in_file)
P37|2075|16969|16969|(converted/available/in_file)
P413|2196|17921|17921|(converted/available/in_file)
P17|2247|18851|18851|(converted/available/in_file)
P190|3018|19846|19846|(converted/available/in_file)
P136|3034|20777|20777|(converted/available/in_file)
P407|3082|21654|21654|(converted/available/in_file)
P159|3099|22621|22621|(converted/available/in_file)
P937|3147|23575|23575|(converted/available/in_file)
P276|3182|24534|24534|(converted/available/in_file)
P530|4149|25530|25530|(converted/available/in_file)
P361|4292|26462|26462|(converted/available/in_file)
P176|4298|27444|27444|(converted/available/in_file)
P27|4322|28410|28410|(converted/available/in_file)
P108|4341|28793|28793|(converted/available/in_file)
P36|4562|29496|29496|(converted/available/in_file)
P1001|4593|30197|30197|(converted/available/in_file)
P264|4593|30626|30626|(converted/available/in_file)
P495|4598|31535|31535|(converted/available/in_file)
P131|4662|32416|32416|(converted/available/in_file)
P740|4669|33352|33352|(converted/available/in_file)
P127|4687|34039|34039|(converted/available/in_file)
