P30|225|975|975|(converted/available/in_file)
P279|460|1939|1939|(converted/available/in_file)
P31|533|2861|2861|(converted/available/in_file)
P39|688|3753|3753|(converted/available/in_file)
P1303|756|4702|4702|(converted/available/in_file)
P19|810|5646|5646|(converted/available/in_file)
P101|953|6342|6342|(converted/available/in_file)
P527|1369|7318|7318|(converted/available/in_file)
P1412|1478|8287|8287|(converted/available/in_file)
P449|1532|9168|9168|(converted/available/in_file)
P140|1715|9641|9641|(converted/available/in_file)
P103|1824|10618|10618|(converted/available/in_file)
P178|1979|11210|11210|(converted/available/in_file)
P20|2084|12163|12163|(converted/available/in_file)
P463|2186|12388|12388|(converted/available/in_file)
P138|2402|13033|13033|(converted/available/in_file)
P364|2453|13889|13889|(converted/available/in_file)
P47|3107|14811|14811|(converted/available/in_file)
P1376|3330|15045|15045|(converted/available/in_file)
P106|3390|16003|16003|(converted/available/in_file)
P37|4032|16969|16969|(converted/available/in_file)
P413|4107|17921|17921|(converted/available/in_file)
P17|4221|18851|18851|(converted/available/in_file)
P190|5202|19846|19846|(converted/available/in_file)
P136|5249|20777|20777|(converted/available/in_file)
P407|5393|21654|21654|(converted/available/in_file)
P159|5490|22621|22621|(converted/available/in_file)
P937|5650|23575|23575|(converted/available/in_file)
P276|5852|24534|24534|(converted/available/in_file)
P530|6848|25530|25530|(converted/available/in_file)
P361|7208|26462|26462|(converted/available/in_file)
P176|7345|27444|27444|(converted/available/in_file)
P27|7436|28410|28410|(converted/available/in_file)
P108|7466|28793|28793|(converted/available/in_file)
P36|7855|29496|29496|(converted/available/in_file)
P1001|8013|30197|30197|(converted/available/in_file)
P264|8053|30626|30626|(converted/available/in_file)
P495|8150|31535|31535|(converted/available/in_file)
P131|8264|32416|32416|(converted/available/in_file)
P740|8365|33352|33352|(converted/available/in_file)
P127|8496|34039|34039|(converted/available/in_file)
