P30|165|975|975|(converted/available/in_file)
P279|258|1939|1939|(converted/available/in_file)
P31|302|2861|2861|(converted/available/in_file)
P39|507|3753|3753|(converted/available/in_file)
P1303|555|4702|4702|(converted/available/in_file)
P19|616|5646|5646|(converted/available/in_file)
P101|730|6342|6342|(converted/available/in_file)
P527|906|7318|7318|(converted/available/in_file)
P1412|1026|8287|8287|(converted/available/in_file)
P449|1057|9168|9168|(converted/available/in_file)
P140|1180|9641|9641|(converted/available/in_file)
P103|1251|10618|10618|(converted/available/in_file)
P178|1306|11210|11210|(converted/available/in_file)
P20|1395|12163|12163|(converted/available/in_file)
P463|1430|12388|12388|(converted/available/in_file)
P138|1522|13033|13033|(converted/available/in_file)
P364|1551|13889|13889|(converted/available/in_file)
P47|2139|14811|14811|(converted/available/in_file)
P1376|2337|15045|15045|(converted/available/in_file)
P106|2417|16003|16003|(converted/available/in_file)
P37|2911|16969|16969|(converted/available/in_file)
P413|2919|17921|17921|(converted/available/in_file)
P17|2997|18851|18851|(converted/available/in_file)
P190|3876|19846|19846|(converted/available/in_file)
P136|3909|20777|20777|(converted/available/in_file)
P407|3977|21654|21654|(converted/available/in_file)
P159|4037|22621|22621|(converted/available/in_file)
P937|4138|23575|23575|(converted/available/in_file)
P276|4229|24534|24534|(converted/available/in_file)
P530|5225|25530|25530|(converted/available/in_file)
P361|5490|26462|26462|(converted/available/in_file)
P176|5521|27444|27444|(converted/available/in_file)
P27|5606|28410|28410|(converted/available/in_file)
P108|5622|28793|28793|(converted/available/in_file)
P36|5869|29496|29496|(converted/available/in_file)
P1001|5921|30197|30197|(converted/available/in_file)
P264|5921|30626|30626|(converted/available/in_file)
P495|6044|31535|31535|(converted/available/in_file)
P131|6103|32416|32416|(converted/available/in_file)
P740|6147|33352|33352|(converted/available/in_file)
P127|6179|34039|34039|(converted/available/in_file)
