P30|298|975|975|(converted/available/in_file)
P279|721|1939|1939|(converted/available/in_file)
P31|882|2861|2861|(converted/available/in_file)
P39|1067|3753|3753|(converted/available/in_file)
P1303|1281|4702|4702|(converted/available/in_file)
P19|1490|5646|5646|(converted/available/in_file)
P101|1849|6342|6342|(converted/available/in_file)
P527|2419|7318|7318|(converted/available/in_file)
P1412|2780|8287|8287|(converted/available/in_file)
P449|2934|9168|9168|(converted/available/in_file)
P140|3248|9641|9641|(converted/available/in_file)
P103|3678|10618|10618|(converted/available/in_file)
P178|4042|11210|11210|(converted/available/in_file)
P20|4310|12163|12163|(converted/available/in_file)
P463|4499|12388|12388|(converted/available/in_file)
P138|4809|13033|13033|(converted/available/in_file)
P364|5007|13889|13889|(converted/available/in_file)
P47|5825|14811|14811|(converted/available/in_file)
P1376|6053|15045|15045|(converted/available/in_file)
P106|6291|16003|16003|(converted/available/in_file)
P37|7158|16969|16969|(converted/available/in_file)
P413|7385|17921|17921|(converted/available/in_file)
P17|7658|18851|18851|(converted/available/in_file)
P190|8652|19846|19846|(converted/available/in_file)
P136|8869|20777|20777|(converted/available/in_file)
P407|9245|21654|21654|(converted/available/in_file)
P159|9501|22621|22621|(converted/available/in_file)
P937|9861|23575|23575|(converted/available/in_file)
P276|10238|24534|24534|(converted/available/in_file)
P530|11234|25530|25530|(converted/available/in_file)
P361|11818|26462|26462|(converted/available/in_file)
P176|12391|27444|27444|(converted/available/in_file)
P27|12647|28410|28410|(converted/available/in_file)
P108|12752|28793|28793|(converted/available/in_file)
P36|13321|29496|29496|(converted/available/in_file)
P1001|13612|30197|30197|(converted/available/in_file)
P264|13783|30626|30626|(converted/available/in_file)
P495|14003|31535|31535|(converted/available/in_file)
P131|14204|32416|32416|(converted/available/in_file)
P740|14462|33352|33352|(converted/available/in_file)
P127|14773|34039|34039|(converted/available/in_file)
