P30|186|975|975|(converted/available/in_file)
P279|285|1939|1939|(converted/available/in_file)
P31|315|2861|2861|(converted/available/in_file)
P39|332|3753|3753|(converted/available/in_file)
P1303|334|4702|4702|(converted/available/in_file)
P19|354|5646|5646|(converted/available/in_file)
P101|460|6342|6342|(converted/available/in_file)
P527|594|7318|7318|(converted/available/in_file)
P1412|637|8287|8287|(converted/available/in_file)
P449|643|9168|9168|(converted/available/in_file)
P140|751|9641|9641|(converted/available/in_file)
P103|826|10618|10618|(converted/available/in_file)
P178|927|11210|11210|(converted/available/in_file)
P20|967|12163|12163|(converted/available/in_file)
P463|1050|12388|12388|(converted/available/in_file)
P138|1166|13033|13033|(converted/available/in_file)
P364|1178|13889|13889|(converted/available/in_file)
P47|1864|14811|14811|(converted/available/in_file)
P1376|2027|15045|15045|(converted/available/in_file)
P106|2048|16003|16003|(converted/available/in_file)
P37|2612|16969|16969|(converted/available/in_file)
P413|2623|17921|17921|(converted/available/in_file)
P17|2796|18851|18851|(converted/available/in_file)
P190|3709|19846|19846|(converted/available/in_file)
P136|3726|20777|20777|(converted/available/in_file)
P407|3788|21654|21654|(converted/available/in_file)
P159|3863|22621|22621|(converted/available/in_file)
P937|3936|23575|23575|(converted/available/in_file)
P276|4023|24534|24534|(converted/available/in_file)
P530|4991|25530|25530|(converted/available/in_file)
P361|5192|26462|26462|(converted/available/in_file)
P176|5214|27444|27444|(converted/available/in_file)
P27|5241|28410|28410|(converted/available/in_file)
P108|5249|28793|28793|(converted/available/in_file)
P36|5636|29496|29496|(converted/available/in_file)
P1001|5698|30197|30197|(converted/available/in_file)
P264|5698|30626|30626|(converted/available/in_file)
P495|5705|31535|31535|(converted/available/in_file)
P131|5778|32416|32416|(converted/available/in_file)
P740|5795|33352|33352|(converted/available/in_file)
P127|5839|34039|34039|(converted/available/in_file)
