P30|346|975|975|(converted/available/in_file)
P279|936|1939|1939|(converted/available/in_file)
P31|1174|2861|2861|(converted/available/in_file)
P39|1496|3753|3753|(converted/available/in_file)
P1303|1697|4702|4702|(converted/available/in_file)
P19|1912|5646|5646|(converted/available/in_file)
P101|2356|6342|6342|(converted/available/in_file)
P527|3066|7318|7318|(converted/available/in_file)
P1412|3479|8287|8287|(converted/available/in_file)
P449|3592|9168|9168|(converted/available/in_file)
P140|3918|9641|9641|(converted/available/in_file)
P103|4408|10618|10618|(converted/available/in_file)
P178|4761|11210|11210|(converted/available/in_file)
P20|5136|12163|12163|(converted/available/in_file)
P463|5272|12388|12388|(converted/available/in_file)
P138|5685|13033|13033|(converted/available/in_file)
P364|5913|13889|13889|(converted/available/in_file)
P47|6784|14811|14811|(converted/available/in_file)
P1376|7017|15045|15045|(converted/available/in_file)
P106|7260|16003|16003|(converted/available/in_file)
P37|8115|16969|16969|(converted/available/in_file)
P413|8450|17921|17921|(converted/available/in_file)
P17|8857|18851|18851|(converted/available/in_file)
P190|9851|19846|19846|(converted/available/in_file)
P136|10062|20777|20777|(converted/available/in_file)
P407|10483|21654|21654|(converted/available/in_file)
P159|10812|22621|22621|(converted/available/in_file)
P937|11278|23575|23575|(converted/available/in_file)
P276|11709|24534|24534|(converted/available/in_file)
P530|12705|25530|25530|(converted/available/in_file)
P361|13407|26462|26462|(converted/available/in_file)
P176|14017|27444|27444|(converted/available/in_file)
P27|14339|28410|28410|(converted/available/in_file)
P108|14421|28793|28793|(converted/available/in_file)
P36|15077|29496|29496|(converted/available/in_file)
P1001|15391|30197|30197|(converted/available/in_file)
P264|15507|30626|30626|(converted/available/in_file)
P495|15766|31535|31535|(converted/available/in_file)
P131|16036|32416|32416|(converted/available/in_file)
P740|16263|33352|33352|(converted/available/in_file)
P127|16559|34039|34039|(converted/available/in_file)
