P30|183|975|975|(converted/available/in_file)
P279|252|1939|1939|(converted/available/in_file)
P31|281|2861|2861|(converted/available/in_file)
P39|300|3753|3753|(converted/available/in_file)
P1303|332|4702|4702|(converted/available/in_file)
P19|360|5646|5646|(converted/available/in_file)
P101|528|6342|6342|(converted/available/in_file)
P527|746|7318|7318|(converted/available/in_file)
P1412|809|8287|8287|(converted/available/in_file)
P449|829|9168|9168|(converted/available/in_file)
P140|989|9641|9641|(converted/available/in_file)
P103|1079|10618|10618|(converted/available/in_file)
P178|1141|11210|11210|(converted/available/in_file)
P20|1187|12163|12163|(converted/available/in_file)
P463|1231|12388|12388|(converted/available/in_file)
P138|1307|13033|13033|(converted/available/in_file)
P364|1325|13889|13889|(converted/available/in_file)
P47|1947|14811|14811|(converted/available/in_file)
P1376|2134|15045|15045|(converted/available/in_file)
P106|2156|16003|16003|(converted/available/in_file)
P37|2644|16969|16969|(converted/available/in_file)
P413|2657|17921|17921|(converted/available/in_file)
P17|2772|18851|18851|(converted/available/in_file)
P190|3713|19846|19846|(converted/available/in_file)
P136|3744|20777|20777|(converted/available/in_file)
P407|3798|21654|21654|(converted/available/in_file)
P159|3827|22621|22621|(converted/available/in_file)
P937|3914|23575|23575|(converted/available/in_file)
P276|3979|24534|24534|(converted/available/in_file)
P530|4945|25530|25530|(converted/available/in_file)
P361|5154|26462|26462|(converted/available/in_file)
P176|5178|27444|27444|(converted/available/in_file)
P27|5216|28410|28410|(converted/available/in_file)
P108|5230|28793|28793|(converted/available/in_file)
P36|5428|29496|29496|(converted/available/in_file)
P1001|5455|30197|30197|(converted/available/in_file)
P264|5455|30626|30626|(converted/available/in_file)
P495|5470|31535|31535|(converted/available/in_file)
P131|5516|32416|32416|(converted/available/in_file)
P740|5550|33352|33352|(converted/available/in_file)
P127|5578|34039|34039|(converted/available/in_file)
