P30|255|975|975|(converted/available/in_file)
P279|611|1939|1939|(converted/available/in_file)
P31|741|2861|2861|(converted/available/in_file)
P39|1030|3753|3753|(converted/available/in_file)
P1303|1148|4702|4702|(converted/available/in_file)
P19|1259|5646|5646|(converted/available/in_file)
P101|1547|6342|6342|(converted/available/in_file)
P527|2197|7318|7318|(converted/available/in_file)
P1412|2424|8287|8287|(converted/available/in_file)
P449|2476|9168|9168|(converted/available/in_file)
P140|2682|9641|9641|(converted/available/in_file)
P103|2969|10618|10618|(converted/available/in_file)
P178|3231|11210|11210|(converted/available/in_file)
P20|3422|12163|12163|(converted/available/in_file)
P463|3580|12388|12388|(converted/available/in_file)
P138|3934|13033|13033|(converted/available/in_file)
P364|4020|13889|13889|(converted/available/in_file)
P47|4860|14811|14811|(converted/available/in_file)
P1376|5087|15045|15045|(converted/available/in_file)
P106|5249|16003|16003|(converted/available/in_file)
P37|6043|16969|16969|(converted/available/in_file)
P413|6139|17921|17921|(converted/available/in_file)
P17|6469|18851|18851|(converted/available/in_file)
P190|7458|19846|19846|(converted/available/in_file)
P136|7558|20777|20777|(converted/available/in_file)
P407|7769|21654|21654|(converted/available/in_file)
P159|7921|22621|22621|(converted/available/in_file)
P937|8185|23575|23575|(converted/available/in_file)
P276|8412|24534|24534|(converted/available/in_file)
P530|9408|25530|25530|(converted/available/in_file)
P361|9897|26462|26462|(converted/available/in_file)
P176|10013|27444|27444|(converted/available/in_file)
P27|10180|28410|28410|(converted/available/in_file)
P108|10254|28793|28793|(converted/available/in_file)
P36|10766|29496|29496|(converted/available/in_file)
P1001|10963|30197|30197|(converted/available/in_file)
P264|11042|30626|30626|(converted/available/in_file)
P495|11175|31535|31535|(converted/available/in_file)
P131|11369|32416|32416|(converted/available/in_file)
P740|11477|33352|33352|(converted/available/in_file)
P127|11677|34039|34039|(converted/available/in_file)
