P30|114|975|975|(converted/available/in_file)
P279|118|1939|1939|(converted/available/in_file)
P31|124|2861|2861|(converted/available/in_file)
P39|126|3753|3753|(converted/available/in_file)
P1303|128|4702|4702|(converted/available/in_file)
P19|162|5646|5646|(converted/available/in_file)
P101|215|6342|6342|(converted/available/in_file)
P527|228|7318|7318|(converted/available/in_file)
P1412|306|8287|8287|(converted/available/in_file)
P449|306|9168|9168|(converted/available/in_file)
P140|315|9641|9641|(converted/available/in_file)
P103|456|10618|10618|(converted/available/in_file)
P178|456|11210|11210|(converted/available/in_file)
P20|516|12163|12163|(converted/available/in_file)
P463|545|12388|12388|(converted/available/in_file)
P138|577|13033|13033|(converted/available/in_file)
P364|580|13889|13889|(converted/available/in_file)
P47|1245|14811|14811|(converted/available/in_file)
P1376|1386|15045|15045|(converted/available/in_file)
P106|1436|16003|16003|(converted/available/in_file)
P37|1821|16969|16969|(converted/available/in_file)
P413|1821|17921|17921|(converted/available/in_file)
P17|1953|18851|18851|(converted/available/in_file)
P190|2759|19846|19846|(converted/available/in_file)
P136|2781|20777|20777|(converted/available/in_file)
P407|2826|21654|21654|(converted/available/in_file)
P159|2829|22621|22621|(converted/available/in_file)
P937|2925|23575|23575|(converted/available/in_file)
P276|2934|24534|24534|(converted/available/in_file)
P530|3897|25530|25530|(converted/available/in_file)
P361|3921|26462|26462|(converted/available/in_file)
P176|3921|27444|27444|(converted/available/in_file)
P27|3977|28410|28410|(converted/available/in_file)
P108|3977|28793|28793|(converted/available/in_file)
P36|4120|29496|29496|(converted/available/in_file)
P1001|4122|30197|30197|(converted/available/in_file)
P264|4122|30626|30626|(converted/available/in_file)
P495|4134|31535|31535|(converted/available/in_file)
P131|4161|32416|32416|(converted/available/in_file)
P740|4167|33352|33352|(converted/available/in_file)
P127|4168|34039|34039|(converted/available/in_file)
