P30|187|975|975|(converted/available/in_file)
P279|225|1939|1939|(converted/available/in_file)
P31|238|2861|2861|(converted/available/in_file)
P39|420|3753|3753|(converted/available/in_file)
P1303|453|4702|4702|(converted/available/in_file)
P19|489|5646|5646|(converted/available/in_file)
P101|606|6342|6342|(converted/available/in_file)
P527|757|7318|7318|(converted/available/in_file)
P1412|869|8287|8287|(converted/available/in_file)
P449|869|9168|9168|(converted/available/in_file)
P140|970|9641|9641|(converted/available/in_file)
P103|1041|10618|10618|(converted/available/in_file)
P178|1045|11210|11210|(converted/available/in_file)
P20|1122|12163|12163|(converted/available/in_file)
P463|1155|12388|12388|(converted/available/in_file)
P138|1265|13033|13033|(converted/available/in_file)
P364|1272|13889|13889|(converted/available/in_file)
P47|2101|14811|14811|(converted/available/in_file)
P1376|2319|15045|15045|(converted/available/in_file)
P106|2333|16003|16003|(converted/available/in_file)
P37|2904|16969|16969|(converted/available/in_file)
P413|2904|17921|17921|(converted/available/in_file)
P17|3105|18851|18851|(converted/available/in_file)
P190|4089|19846|19846|(converted/available/in_file)
P136|4121|20777|20777|(converted/available/in_file)
P407|4147|21654|21654|(converted/available/in_file)
P159|4161|22621|22621|(converted/available/in_file)
P937|4271|23575|23575|(converted/available/in_file)
P276|4308|24534|24534|(converted/available/in_file)
P530|5304|25530|25530|(converted/available/in_file)
P361|5510|26462|26462|(converted/available/in_file)
P176|5512|27444|27444|(converted/available/in_file)
P27|5567|28410|28410|(converted/available/in_file)
P108|5579|28793|28793|(converted/available/in_file)
P36|5974|29496|29496|(converted/available/in_file)
P1001|5983|30197|30197|(converted/available/in_file)
P264|5983|30626|30626|(converted/available/in_file)
P495|5995|31535|31535|(converted/available/in_file)
P131|6084|32416|32416|(converted/available/in_file)
P740|6092|33352|33352|(converted/available/in_file)
P127|6099|34039|34039|(converted/available/in_file)
