P30|130|975|975|(converted/available/in_file)
P279|133|1939|1939|(converted/available/in_file)
P31|137|2861|2861|(converted/available/in_file)
P39|241|3753|3753|(converted/available/in_file)
P1303|241|4702|4702|(converted/available/in_file)
P19|255|5646|5646|(converted/available/in_file)
P101|334|6342|6342|(converted/available/in_file)
P527|396|7318|7318|(converted/available/in_file)
P1412|444|8287|8287|(converted/available/in_file)
P449|444|9168|9168|(converted/available/in_file)
P140|496|9641|9641|(converted/available/in_file)
P103|574|10618|10618|(converted/available/in_file)
P178|592|11210|11210|(converted/available/in_file)
P20|629|12163|12163|(converted/available/in_file)
P463|662|12388|12388|(converted/available/in_file)
P138|690|13033|13033|(converted/available/in_file)
P364|693|13889|13889|(converted/available/in_file)
P47|1138|14811|14811|(converted/available/in_file)
P1376|1284|15045|15045|(converted/available/in_file)
P106|1301|16003|16003|(converted/available/in_file)
P37|1642|16969|16969|(converted/available/in_file)
P413|1642|17921|17921|(converted/available/in_file)
P17|1651|18851|18851|(converted/available/in_file)
P190|2258|19846|19846|(converted/available/in_file)
P136|2266|20777|20777|(converted/available/in_file)
P407|2283|21654|21654|(converted/available/in_file)
P159|2286|22621|22621|(converted/available/in_file)
P937|2381|23575|23575|(converted/available/in_file)
P276|2400|24534|24534|(converted/available/in_file)
P530|3368|25530|25530|(converted/available/in_file)
P361|3437|26462|26462|(converted/available/in_file)
P176|3440|27444|27444|(converted/available/in_file)
P27|3491|28410|28410|(converted/available/in_file)
P108|3496|28793|28793|(converted/available/in_file)
P36|3614|29496|29496|(converted/available/in_file)
P1001|3673|30197|30197|(converted/available/in_file)
P264|3673|30626|30626|(converted/available/in_file)
P495|3676|31535|31535|(converted/available/in_file)
P131|3683|32416|32416|(converted/available/in_file)
P740|3689|33352|33352|(converted/available/in_file)
P127|3693|34039|34039|(converted/available/in_file)
