P30|0|975|975|(converted/available/in_file)
P279|0|1939|1939|(converted/available/in_file)
P31|0|2861|2861|(converted/available/in_file)
P39|0|3753|3753|(converted/available/in_file)
P1303|0|4702|4702|(converted/available/in_file)
P19|0|5646|5646|(converted/available/in_file)
P101|0|6342|6342|(converted/available/in_file)
P527|0|7318|7318|(converted/available/in_file)
P1412|0|8287|8287|(converted/available/in_file)
P449|0|9168|9168|(converted/available/in_file)
P140|0|9641|9641|(converted/available/in_file)
P103|0|10618|10618|(converted/available/in_file)
P178|0|11210|11210|(converted/available/in_file)
P20|0|12163|12163|(converted/available/in_file)
P463|0|12388|12388|(converted/available/in_file)
P138|0|13033|13033|(converted/available/in_file)
P364|0|13889|13889|(converted/available/in_file)
P47|0|14811|14811|(converted/available/in_file)
P1376|0|15045|15045|(converted/available/in_file)
P106|0|16003|16003|(converted/available/in_file)
P37|0|16969|16969|(converted/available/in_file)
P413|0|17921|17921|(converted/available/in_file)
P17|0|18851|18851|(converted/available/in_file)
P190|0|19846|19846|(converted/available/in_file)
P136|0|20777|20777|(converted/available/in_file)
P407|0|21654|21654|(converted/available/in_file)
P159|0|22621|22621|(converted/available/in_file)
P937|0|23575|23575|(converted/available/in_file)
P276|0|24534|24534|(converted/available/in_file)
P530|0|25530|25530|(converted/available/in_file)
P361|0|26462|26462|(converted/available/in_file)
P176|0|27444|27444|(converted/available/in_file)
P27|0|28410|28410|(converted/available/in_file)
P108|0|28793|28793|(converted/available/in_file)
P36|0|29496|29496|(converted/available/in_file)
P1001|0|30197|30197|(converted/available/in_file)
P264|0|30626|30626|(converted/available/in_file)
P495|0|31535|31535|(converted/available/in_file)
P131|0|32416|32416|(converted/available/in_file)
P740|0|33352|33352|(converted/available/in_file)
P127|0|34039|34039|(converted/available/in_file)
