P30|949|975|975|(converted/available/in_file)
P279|1675|1939|1939|(converted/available/in_file)
P31|2122|2861|2861|(converted/available/in_file)
P39|2615|3753|3753|(converted/available/in_file)
P1303|2952|4702|4702|(converted/available/in_file)
P19|3336|5646|5646|(converted/available/in_file)
P101|3888|6342|6342|(converted/available/in_file)
P527|4776|7318|7318|(converted/available/in_file)
P1412|5298|8287|8287|(converted/available/in_file)
P449|5716|9168|9168|(converted/available/in_file)
P140|6089|9641|9641|(converted/available/in_file)
P103|6688|10618|10618|(converted/available/in_file)
P178|7155|11210|11210|(converted/available/in_file)
P20|7657|12163|12163|(converted/available/in_file)
P463|7869|12388|12388|(converted/available/in_file)
P138|8424|13033|13033|(converted/available/in_file)
P364|8793|13889|13889|(converted/available/in_file)
P47|9698|14811|14811|(converted/available/in_file)
P1376|9931|15045|15045|(converted/available/in_file)
P106|10416|16003|16003|(converted/available/in_file)
P37|11368|16969|16969|(converted/available/in_file)
P413|11795|17921|17921|(converted/available/in_file)
P17|12384|18851|18851|(converted/available/in_file)
P190|13379|19846|19846|(converted/available/in_file)
P136|13689|20777|20777|(converted/available/in_file)
P407|14135|21654|21654|(converted/available/in_file)
P159|14713|22621|22621|(converted/available/in_file)
P937|15286|23575|23575|(converted/available/in_file)
P276|15964|24534|24534|(converted/available/in_file)
P530|16960|25530|25530|(converted/available/in_file)
P361|17798|26462|26462|(converted/available/in_file)
P176|18324|27444|27444|(converted/available/in_file)
P27|18775|28410|28410|(converted/available/in_file)
P108|19010|28793|28793|(converted/available/in_file)
P36|19689|29496|29496|(converted/available/in_file)
P1001|20268|30197|30197|(converted/available/in_file)
P264|20472|30626|30626|(converted/available/in_file)
P495|20899|31535|31535|(converted/available/in_file)
P131|21368|32416|32416|(converted/available/in_file)
P740|21716|33352|33352|(converted/available/in_file)
P127|22247|34039|34039|(converted/available/in_file)
